<!DOCTYPE html>

<html>
  <head>
  <title>TestNG reports</title>

    <link type="text/css" href="testng-reports.css" rel="stylesheet" />  
    <script type="text/javascript" src="jquery-1.7.1.min.js"></script>
    <script type="text/javascript" src="testng-reports.js"></script>
    <script type="text/javascript" src="https://www.google.com/jsapi"></script>
    <script type='text/javascript'>
      google.load('visualization', '1', {packages:['table']});
      google.setOnLoadCallback(drawTable);
      var suiteTableInitFunctions = new Array();
      var suiteTableData = new Array();
    </script>
    <!--
      <script type="text/javascript" src="jquery-ui/js/jquery-ui-1.8.16.custom.min.js"></script>
     -->
  </head>

  <body>
    <div class="top-banner-root">
      <span class="top-banner-title-font">Test results</span>
      <br/>
      <span class="top-banner-font-1">1 suite, 11 failed tests</span>
    </div> <!-- top-banner-root -->
    <div class="navigator-root">
      <div class="navigator-suite-header">
        <span>All suites</span>
        <a href="#" class="collapse-all-link" title="Collapse/expand all the suites">
          <img class="collapse-all-icon" src="collapseall.gif">
          </img> <!-- collapse-all-icon -->
        </a> <!-- collapse-all-link -->
      </div> <!-- navigator-suite-header -->
      <div class="suite">
        <div class="rounded-window">
          <div class="suite-header light-rounded-window-top">
            <a href="#" class="navigator-link" panel-name="suite-Suite">
              <span class="suite-name border-failed">Suite</span>
            </a> <!-- navigator-link -->
          </div> <!-- suite-header light-rounded-window-top -->
          <div class="navigator-suite-content">
            <div class="suite-section-title">
              <span>Info</span>
            </div> <!-- suite-section-title -->
            <div class="suite-section-content">
              <ul>
                <li>
                  <a href="#" class="navigator-link " panel-name="test-xml-Suite">
                    <span>C:\Users\solomon\git\Selenium\TestNGArtifactID\src\test\java\SuiteMaster.xml</span>
                  </a> <!-- navigator-link  -->
                </li>
                <li>
                  <a href="#" class="navigator-link " panel-name="testlist-Suite">
                    <span class="test-stats">6 tests</span>
                  </a> <!-- navigator-link  -->
                </li>
                <li>
                  <a href="#" class="navigator-link " panel-name="group-Suite">
                    <span>1 group</span>
                  </a> <!-- navigator-link  -->
                </li>
                <li>
                  <a href="#" class="navigator-link " panel-name="times-Suite">
                    <span>Times</span>
                  </a> <!-- navigator-link  -->
                </li>
                <li>
                  <a href="#" class="navigator-link " panel-name="reporter-Suite">
                    <span>Reporter output</span>
                  </a> <!-- navigator-link  -->
                </li>
                <li>
                  <a href="#" class="navigator-link " panel-name="ignored-methods-Suite">
                    <span>Ignored methods</span>
                  </a> <!-- navigator-link  -->
                </li>
                <li>
                  <a href="#" class="navigator-link " panel-name="chronological-Suite">
                    <span>Chronological view</span>
                  </a> <!-- navigator-link  -->
                </li>
              </ul>
            </div> <!-- suite-section-content -->
            <div class="result-section">
              <div class="suite-section-title">
                <span>Results</span>
              </div> <!-- suite-section-title -->
              <div class="suite-section-content">
                <ul>
                  <li>
                    <span class="method-stats">63 methods, 11 failed,  12 skipped,  40 passed</span>
                  </li>
                  <li>
                    <span class="method-list-title failed">Failed methods</span>
                    <span class="show-or-hide-methods failed">
                      <a href="#" panel-name="suite-Suite" class="hide-methods failed suite-Suite"> (hide)</a> <!-- hide-methods failed suite-Suite -->
                      <a href="#" panel-name="suite-Suite" class="show-methods failed suite-Suite"> (show)</a> <!-- show-methods failed suite-Suite -->
                    </span>
                    <div class="method-list-content failed suite-Suite">
                      <span>
                        <img width="3%" src="failed.png"/>
                        <a href="#" class="method navigator-link" panel-name="suite-Suite" title="TestersGroupID.TestNGArtifactID.PriorityAndDependsOn" hash-for-method="emailTest2">emailTest2</a> <!-- method navigator-link -->
                      </span>
                      <br/>
                      <span>
                        <img width="3%" src="failed.png"/>
                        <a href="#" class="method navigator-link" panel-name="suite-Suite" title="TestersGroupID.TestNGArtifactID.PriorityAndDependsOn" hash-for-method="emailTest2">emailTest2</a> <!-- method navigator-link -->
                      </span>
                      <br/>
                      <span>
                        <img width="3%" src="failed.png"/>
                        <a href="#" class="method navigator-link" panel-name="suite-Suite" title="TestersGroupID.TestNGArtifactID.PriorityAndDependsOn" hash-for-method="emailTest2">emailTest2</a> <!-- method navigator-link -->
                      </span>
                      <br/>
                      <span>
                        <img width="3%" src="failed.png"/>
                        <a href="#" class="method navigator-link" panel-name="suite-Suite" title="TestersGroupID.TestNGArtifactID.PriorityAndDependsOn" hash-for-method="emailTest2">emailTest2</a> <!-- method navigator-link -->
                      </span>
                      <br/>
                      <span>
                        <img width="3%" src="failed.png"/>
                        <a href="#" class="method navigator-link" panel-name="suite-Suite" title="testNG.loginLogoutDataDriveTesintUsingTestNG" hash-for-method="loginLogoutTestWithCorrectCredencials(d, ddsf)">loginLogoutTestWithCorrectCredencials(d, ddsf)</a> <!-- method navigator-link -->
                      </span>
                      <br/>
                      <span>
                        <img width="3%" src="failed.png"/>
                        <a href="#" class="method navigator-link" panel-name="suite-Suite" title="testNG.loginLogoutDataDriveTesintUsingTestNG" hash-for-method="loginLogoutTestWithCorrectCredencials(f, f)">loginLogoutTestWithCorrectCredencials(f, f)</a> <!-- method navigator-link -->
                      </span>
                      <br/>
                      <span>
                        <img width="3%" src="failed.png"/>
                        <a href="#" class="method navigator-link" panel-name="suite-Suite" title="testNG.loginLogoutDataDriveTesintUsingTestNG" hash-for-method="loginLogoutTestWtihIncorrectCredencials(c, c)">loginLogoutTestWtihIncorrectCredencials(c, c)</a> <!-- method navigator-link -->
                      </span>
                      <br/>
                      <span>
                        <img width="3%" src="failed.png"/>
                        <a href="#" class="method navigator-link" panel-name="suite-Suite" title="testNG.TestNGAnnotaionsWithLoginLogoutExample" hash-for-method="logonLogoutTestFor3">logonLogoutTestFor3</a> <!-- method navigator-link -->
                      </span>
                      <br/>
                      <span>
                        <img width="3%" src="failed.png"/>
                        <a href="#" class="method navigator-link" panel-name="suite-Suite" title="testNG.TestNGAnnotaionsWithLoginLogoutExample" hash-for-method="logonLogoutTestFor4">logonLogoutTestFor4</a> <!-- method navigator-link -->
                      </span>
                      <br/>
                      <span>
                        <img width="3%" src="failed.png"/>
                        <a href="#" class="method navigator-link" panel-name="suite-Suite" title="testNG.TestNGAnnotaionsWithLoginLogoutExample" hash-for-method="logonLogoutTestFor5">logonLogoutTestFor5</a> <!-- method navigator-link -->
                      </span>
                      <br/>
                      <span>
                        <img width="3%" src="failed.png"/>
                        <a href="#" class="method navigator-link" panel-name="suite-Suite" title="testNG.TestNGAnnotaionsWithLoginLogoutExample" hash-for-method="logonLogoutTestFor6">logonLogoutTestFor6</a> <!-- method navigator-link -->
                      </span>
                      <br/>
                    </div> <!-- method-list-content failed suite-Suite -->
                  </li>
                  <li>
                    <span class="method-list-title skipped">Skipped methods</span>
                    <span class="show-or-hide-methods skipped">
                      <a href="#" panel-name="suite-Suite" class="hide-methods skipped suite-Suite"> (hide)</a> <!-- hide-methods skipped suite-Suite -->
                      <a href="#" panel-name="suite-Suite" class="show-methods skipped suite-Suite"> (show)</a> <!-- show-methods skipped suite-Suite -->
                    </span>
                    <div class="method-list-content skipped suite-Suite">
                      <span>
                        <img width="3%" src="skipped.png"/>
                        <a href="#" class="method navigator-link" panel-name="suite-Suite" title="TestersGroupID.TestNGArtifactID.PriorityAndDependsOn" hash-for-method="emailTest1">emailTest1</a> <!-- method navigator-link -->
                      </span>
                      <br/>
                      <span>
                        <img width="3%" src="skipped.png"/>
                        <a href="#" class="method navigator-link" panel-name="suite-Suite" title="TestersGroupID.TestNGArtifactID.PriorityAndDependsOn" hash-for-method="emailTest1">emailTest1</a> <!-- method navigator-link -->
                      </span>
                      <br/>
                      <span>
                        <img width="3%" src="skipped.png"/>
                        <a href="#" class="method navigator-link" panel-name="suite-Suite" title="TestersGroupID.TestNGArtifactID.PriorityAndDependsOn" hash-for-method="emailTest1">emailTest1</a> <!-- method navigator-link -->
                      </span>
                      <br/>
                      <span>
                        <img width="3%" src="skipped.png"/>
                        <a href="#" class="method navigator-link" panel-name="suite-Suite" title="TestersGroupID.TestNGArtifactID.PriorityAndDependsOn" hash-for-method="emailTest1">emailTest1</a> <!-- method navigator-link -->
                      </span>
                      <br/>
                      <span>
                        <img width="3%" src="skipped.png"/>
                        <a href="#" class="method navigator-link" panel-name="suite-Suite" title="TestersGroupID.TestNGArtifactID.PriorityAndDependsOn" hash-for-method="emailTest3">emailTest3</a> <!-- method navigator-link -->
                      </span>
                      <br/>
                      <span>
                        <img width="3%" src="skipped.png"/>
                        <a href="#" class="method navigator-link" panel-name="suite-Suite" title="TestersGroupID.TestNGArtifactID.PriorityAndDependsOn" hash-for-method="emailTest3">emailTest3</a> <!-- method navigator-link -->
                      </span>
                      <br/>
                      <span>
                        <img width="3%" src="skipped.png"/>
                        <a href="#" class="method navigator-link" panel-name="suite-Suite" title="TestersGroupID.TestNGArtifactID.PriorityAndDependsOn" hash-for-method="emailTest3">emailTest3</a> <!-- method navigator-link -->
                      </span>
                      <br/>
                      <span>
                        <img width="3%" src="skipped.png"/>
                        <a href="#" class="method navigator-link" panel-name="suite-Suite" title="TestersGroupID.TestNGArtifactID.PriorityAndDependsOn" hash-for-method="emailTest3">emailTest3</a> <!-- method navigator-link -->
                      </span>
                      <br/>
                      <span>
                        <img width="3%" src="skipped.png"/>
                        <a href="#" class="method navigator-link" panel-name="suite-Suite" title="TestersGroupID.TestNGArtifactID.PriorityAndDependsOn" hash-for-method="phoneTest4">phoneTest4</a> <!-- method navigator-link -->
                      </span>
                      <br/>
                      <span>
                        <img width="3%" src="skipped.png"/>
                        <a href="#" class="method navigator-link" panel-name="suite-Suite" title="TestersGroupID.TestNGArtifactID.PriorityAndDependsOn" hash-for-method="phoneTest4">phoneTest4</a> <!-- method navigator-link -->
                      </span>
                      <br/>
                      <span>
                        <img width="3%" src="skipped.png"/>
                        <a href="#" class="method navigator-link" panel-name="suite-Suite" title="TestersGroupID.TestNGArtifactID.PriorityAndDependsOn" hash-for-method="phoneTest4">phoneTest4</a> <!-- method navigator-link -->
                      </span>
                      <br/>
                      <span>
                        <img width="3%" src="skipped.png"/>
                        <a href="#" class="method navigator-link" panel-name="suite-Suite" title="TestersGroupID.TestNGArtifactID.PriorityAndDependsOn" hash-for-method="phoneTest4">phoneTest4</a> <!-- method navigator-link -->
                      </span>
                      <br/>
                    </div> <!-- method-list-content skipped suite-Suite -->
                  </li>
                  <li>
                    <span class="method-list-title passed">Passed methods</span>
                    <span class="show-or-hide-methods passed">
                      <a href="#" panel-name="suite-Suite" class="hide-methods passed suite-Suite"> (hide)</a> <!-- hide-methods passed suite-Suite -->
                      <a href="#" panel-name="suite-Suite" class="show-methods passed suite-Suite"> (show)</a> <!-- show-methods passed suite-Suite -->
                    </span>
                    <div class="method-list-content passed suite-Suite">
                      <span>
                        <img width="3%" src="passed.png"/>
                        <a href="#" class="method navigator-link" panel-name="suite-Suite" title="testNG.RegistrationToBackendIntegerationTestUsingTestNG" hash-for-method="chekcRegistrationPageIsWorkingWithBackend">chekcRegistrationPageIsWorkingWithBackend</a> <!-- method navigator-link -->
                      </span>
                      <br/>
                      <span>
                        <img width="3%" src="passed.png"/>
                        <a href="#" class="method navigator-link" panel-name="suite-Suite" title="TestersGroupID.TestNGArtifactID.PriorityAndDependsOn" hash-for-method="emailTest4">emailTest4</a> <!-- method navigator-link -->
                      </span>
                      <br/>
                      <span>
                        <img width="3%" src="passed.png"/>
                        <a href="#" class="method navigator-link" panel-name="suite-Suite" title="TestersGroupID.TestNGArtifactID.PriorityAndDependsOn" hash-for-method="emailTest4">emailTest4</a> <!-- method navigator-link -->
                      </span>
                      <br/>
                      <span>
                        <img width="3%" src="passed.png"/>
                        <a href="#" class="method navigator-link" panel-name="suite-Suite" title="TestersGroupID.TestNGArtifactID.PriorityAndDependsOn" hash-for-method="emailTest4">emailTest4</a> <!-- method navigator-link -->
                      </span>
                      <br/>
                      <span>
                        <img width="3%" src="passed.png"/>
                        <a href="#" class="method navigator-link" panel-name="suite-Suite" title="TestersGroupID.TestNGArtifactID.PriorityAndDependsOn" hash-for-method="emailTest4">emailTest4</a> <!-- method navigator-link -->
                      </span>
                      <br/>
                      <span>
                        <img width="3%" src="passed.png"/>
                        <a href="#" class="method navigator-link" panel-name="suite-Suite" title="testNG.loginLogoutDataDriveTesintUsingTestNG" hash-for-method="loginLogoutTestWithCorrectCredencials(b, b)">loginLogoutTestWithCorrectCredencials(b, b)</a> <!-- method navigator-link -->
                      </span>
                      <br/>
                      <span>
                        <img width="3%" src="passed.png"/>
                        <a href="#" class="method navigator-link" panel-name="suite-Suite" title="testNG.loginLogoutDataDriveTesintUsingTestNG" hash-for-method="loginLogoutTestWithCorrectCredencials(e, e)">loginLogoutTestWithCorrectCredencials(e, e)</a> <!-- method navigator-link -->
                      </span>
                      <br/>
                      <span>
                        <img width="3%" src="passed.png"/>
                        <a href="#" class="method navigator-link" panel-name="suite-Suite" title="testNG.loginLogoutDataDriveTesintUsingTestNG" hash-for-method="loginLogoutTestWithCorrectCredencials(a, a)">loginLogoutTestWithCorrectCredencials(a, a)</a> <!-- method navigator-link -->
                      </span>
                      <br/>
                      <span>
                        <img width="3%" src="passed.png"/>
                        <a href="#" class="method navigator-link" panel-name="suite-Suite" title="testNG.loginLogoutDataDriveTesintUsingTestNG" hash-for-method="loginLogoutTestWithCorrectCredencials(c, c)">loginLogoutTestWithCorrectCredencials(c, c)</a> <!-- method navigator-link -->
                      </span>
                      <br/>
                      <span>
                        <img width="3%" src="passed.png"/>
                        <a href="#" class="method navigator-link" panel-name="suite-Suite" title="testNG.loginLogoutDataDriveTesintUsingTestNG" hash-for-method="loginLogoutTestWtihIncorrectCredencials(f#$#$#, f)">loginLogoutTestWtihIncorrectCredencials(f#$#$#, f)</a> <!-- method navigator-link -->
                      </span>
                      <br/>
                      <span>
                        <img width="3%" src="passed.png"/>
                        <a href="#" class="method navigator-link" panel-name="suite-Suite" title="testNG.loginLogoutDataDriveTesintUsingTestNG" hash-for-method="loginLogoutTestWtihIncorrectCredencials(awerew, a)">loginLogoutTestWtihIncorrectCredencials(awerew, a)</a> <!-- method navigator-link -->
                      </span>
                      <br/>
                      <span>
                        <img width="3%" src="passed.png"/>
                        <a href="#" class="method navigator-link" panel-name="suite-Suite" title="testNG.loginLogoutDataDriveTesintUsingTestNG" hash-for-method="loginLogoutTestWtihIncorrectCredencials(d%^7rtyrty, d)">loginLogoutTestWtihIncorrectCredencials(d%^7rtyrty, d)</a> <!-- method navigator-link -->
                      </span>
                      <br/>
                      <span>
                        <img width="3%" src="passed.png"/>
                        <a href="#" class="method navigator-link" panel-name="suite-Suite" title="testNG.loginLogoutDataDriveTesintUsingTestNG" hash-for-method="loginLogoutTestWtihIncorrectCredencials( , b)">loginLogoutTestWtihIncorrectCredencials( , b)</a> <!-- method navigator-link -->
                      </span>
                      <br/>
                      <span>
                        <img width="3%" src="passed.png"/>
                        <a href="#" class="method navigator-link" panel-name="suite-Suite" title="testNG.loginLogoutDataDriveTesintUsingTestNG" hash-for-method="loginLogoutTestWtihIncorrectCredencials(e13311, e)">loginLogoutTestWtihIncorrectCredencials(e13311, e)</a> <!-- method navigator-link -->
                      </span>
                      <br/>
                      <span>
                        <img width="3%" src="passed.png"/>
                        <a href="#" class="method navigator-link" panel-name="suite-Suite" title="TestersGroupID.TestNGArtifactID.LoginTest" hash-for-method="loginTestWithCorrectCredencials">loginTestWithCorrectCredencials</a> <!-- method navigator-link -->
                      </span>
                      <br/>
                      <span>
                        <img width="3%" src="passed.png"/>
                        <a href="#" class="method navigator-link" panel-name="suite-Suite" title="TestersGroupID.TestNGArtifactID.LoginTest" hash-for-method="loginTestWithCorrectCredencials">loginTestWithCorrectCredencials</a> <!-- method navigator-link -->
                      </span>
                      <br/>
                      <span>
                        <img width="3%" src="passed.png"/>
                        <a href="#" class="method navigator-link" panel-name="suite-Suite" title="TestersGroupID.TestNGArtifactID.LoginTest" hash-for-method="loginTestWithCorrectCredencials">loginTestWithCorrectCredencials</a> <!-- method navigator-link -->
                      </span>
                      <br/>
                      <span>
                        <img width="3%" src="passed.png"/>
                        <a href="#" class="method navigator-link" panel-name="suite-Suite" title="TestersGroupID.TestNGArtifactID.LoginTest" hash-for-method="loginTestWithCorrectCredencials">loginTestWithCorrectCredencials</a> <!-- method navigator-link -->
                      </span>
                      <br/>
                      <span>
                        <img width="3%" src="passed.png"/>
                        <a href="#" class="method navigator-link" panel-name="suite-Suite" title="TestersGroupID.TestNGArtifactID.LoginTest" hash-for-method="loginTestWithWrongCredencials">loginTestWithWrongCredencials</a> <!-- method navigator-link -->
                      </span>
                      <br/>
                      <span>
                        <img width="3%" src="passed.png"/>
                        <a href="#" class="method navigator-link" panel-name="suite-Suite" title="TestersGroupID.TestNGArtifactID.LoginTest" hash-for-method="loginTestWithWrongCredencials">loginTestWithWrongCredencials</a> <!-- method navigator-link -->
                      </span>
                      <br/>
                      <span>
                        <img width="3%" src="passed.png"/>
                        <a href="#" class="method navigator-link" panel-name="suite-Suite" title="TestersGroupID.TestNGArtifactID.LoginTest" hash-for-method="loginTestWithWrongCredencials">loginTestWithWrongCredencials</a> <!-- method navigator-link -->
                      </span>
                      <br/>
                      <span>
                        <img width="3%" src="passed.png"/>
                        <a href="#" class="method navigator-link" panel-name="suite-Suite" title="testNG.TestNGAnnotaionsWithLoginLogoutExample" hash-for-method="logonLogoutTestFor1">logonLogoutTestFor1</a> <!-- method navigator-link -->
                      </span>
                      <br/>
                      <span>
                        <img width="3%" src="passed.png"/>
                        <a href="#" class="method navigator-link" panel-name="suite-Suite" title="testNG.TestNGAnnotaionsWithLoginLogoutExample" hash-for-method="logonLogoutTestFor2">logonLogoutTestFor2</a> <!-- method navigator-link -->
                      </span>
                      <br/>
                      <span>
                        <img width="3%" src="passed.png"/>
                        <a href="#" class="method navigator-link" panel-name="suite-Suite" title="TestersGroupID.TestNGArtifactID.PassingParameter" hash-for-method="myTestCase">myTestCase</a> <!-- method navigator-link -->
                      </span>
                      <br/>
                      <span>
                        <img width="3%" src="passed.png"/>
                        <a href="#" class="method navigator-link" panel-name="suite-Suite" title="TestersGroupID.TestNGArtifactID.PassingParameter" hash-for-method="myTestCase">myTestCase</a> <!-- method navigator-link -->
                      </span>
                      <br/>
                      <span>
                        <img width="3%" src="passed.png"/>
                        <a href="#" class="method navigator-link" panel-name="suite-Suite" title="TestersGroupID.TestNGArtifactID.PassingParameter" hash-for-method="myTestCase">myTestCase</a> <!-- method navigator-link -->
                      </span>
                      <br/>
                      <span>
                        <img width="3%" src="passed.png"/>
                        <a href="#" class="method navigator-link" panel-name="suite-Suite" title="TestersGroupID.TestNGArtifactID.PriorityAndDependsOn" hash-for-method="phoneTest1">phoneTest1</a> <!-- method navigator-link -->
                      </span>
                      <br/>
                      <span>
                        <img width="3%" src="passed.png"/>
                        <a href="#" class="method navigator-link" panel-name="suite-Suite" title="TestersGroupID.TestNGArtifactID.PriorityAndDependsOn" hash-for-method="phoneTest1">phoneTest1</a> <!-- method navigator-link -->
                      </span>
                      <br/>
                      <span>
                        <img width="3%" src="passed.png"/>
                        <a href="#" class="method navigator-link" panel-name="suite-Suite" title="TestersGroupID.TestNGArtifactID.PriorityAndDependsOn" hash-for-method="phoneTest1">phoneTest1</a> <!-- method navigator-link -->
                      </span>
                      <br/>
                      <span>
                        <img width="3%" src="passed.png"/>
                        <a href="#" class="method navigator-link" panel-name="suite-Suite" title="TestersGroupID.TestNGArtifactID.PriorityAndDependsOn" hash-for-method="phoneTest1">phoneTest1</a> <!-- method navigator-link -->
                      </span>
                      <br/>
                      <span>
                        <img width="3%" src="passed.png"/>
                        <a href="#" class="method navigator-link" panel-name="suite-Suite" title="TestersGroupID.TestNGArtifactID.PriorityAndDependsOn" hash-for-method="phoneTest2">phoneTest2</a> <!-- method navigator-link -->
                      </span>
                      <br/>
                      <span>
                        <img width="3%" src="passed.png"/>
                        <a href="#" class="method navigator-link" panel-name="suite-Suite" title="TestersGroupID.TestNGArtifactID.PriorityAndDependsOn" hash-for-method="phoneTest2">phoneTest2</a> <!-- method navigator-link -->
                      </span>
                      <br/>
                      <span>
                        <img width="3%" src="passed.png"/>
                        <a href="#" class="method navigator-link" panel-name="suite-Suite" title="TestersGroupID.TestNGArtifactID.PriorityAndDependsOn" hash-for-method="phoneTest2">phoneTest2</a> <!-- method navigator-link -->
                      </span>
                      <br/>
                      <span>
                        <img width="3%" src="passed.png"/>
                        <a href="#" class="method navigator-link" panel-name="suite-Suite" title="TestersGroupID.TestNGArtifactID.PriorityAndDependsOn" hash-for-method="phoneTest2">phoneTest2</a> <!-- method navigator-link -->
                      </span>
                      <br/>
                      <span>
                        <img width="3%" src="passed.png"/>
                        <a href="#" class="method navigator-link" panel-name="suite-Suite" title="TestersGroupID.TestNGArtifactID.PriorityAndDependsOn" hash-for-method="phoneTest3">phoneTest3</a> <!-- method navigator-link -->
                      </span>
                      <br/>
                      <span>
                        <img width="3%" src="passed.png"/>
                        <a href="#" class="method navigator-link" panel-name="suite-Suite" title="TestersGroupID.TestNGArtifactID.PriorityAndDependsOn" hash-for-method="phoneTest3">phoneTest3</a> <!-- method navigator-link -->
                      </span>
                      <br/>
                      <span>
                        <img width="3%" src="passed.png"/>
                        <a href="#" class="method navigator-link" panel-name="suite-Suite" title="TestersGroupID.TestNGArtifactID.PriorityAndDependsOn" hash-for-method="phoneTest3">phoneTest3</a> <!-- method navigator-link -->
                      </span>
                      <br/>
                      <span>
                        <img width="3%" src="passed.png"/>
                        <a href="#" class="method navigator-link" panel-name="suite-Suite" title="TestersGroupID.TestNGArtifactID.PriorityAndDependsOn" hash-for-method="phoneTest3">phoneTest3</a> <!-- method navigator-link -->
                      </span>
                      <br/>
                      <span>
                        <img width="3%" src="passed.png"/>
                        <a href="#" class="method navigator-link" panel-name="suite-Suite" title="grouping.TestGroup" hash-for-method="testConnectMsSQL">testConnectMsSQL</a> <!-- method navigator-link -->
                      </span>
                      <br/>
                      <span>
                        <img width="3%" src="passed.png"/>
                        <a href="#" class="method navigator-link" panel-name="suite-Suite" title="grouping.TestGroup" hash-for-method="testConnectOracle">testConnectOracle</a> <!-- method navigator-link -->
                      </span>
                      <br/>
                    </div> <!-- method-list-content passed suite-Suite -->
                  </li>
                </ul>
              </div> <!-- suite-section-content -->
            </div> <!-- result-section -->
          </div> <!-- navigator-suite-content -->
        </div> <!-- rounded-window -->
      </div> <!-- suite -->
    </div> <!-- navigator-root -->
    <div class="wrapper">
      <div class="main-panel-root">
        <div panel-name="suite-Suite" class="panel Suite">
          <div class="suite-Suite-class-failed">
            <div class="main-panel-header rounded-window-top">
              <img src="failed.png"/>
              <span class="class-name">testNG.TestNGAnnotaionsWithLoginLogoutExample</span>
            </div> <!-- main-panel-header rounded-window-top -->
            <div class="main-panel-content rounded-window-bottom">
              <div class="method">
                <div class="method-content">
                  <a name="logonLogoutTestFor3">
                  </a> <!-- logonLogoutTestFor3 -->
                  <span class="method-name">logonLogoutTestFor3</span>
                  <div class="stack-trace"><b>"java.lang.AssertionError: null
	at testNG.TestNGAnnotaionsWithLoginLogoutExample.logonLogoutTestFor3(TestNGAnnotaionsWithLoginLogoutExample.java:82)
... Removed 26 stack frames<br/> java.lang.AssertionError: null
	at org.testng.Assert.fail(Assert.java:94)
	at org.testng.Assert.fail(Assert.java:101)
	at testNG.TestNGAnnotaionsWithLoginLogoutExample.logonLogoutTestFor3(TestNGAnnotaionsWithLoginLogoutExample.java:82)
	at sun.reflect.NativeMethodAccessorImpl.invoke0(Native Method)
	at sun.reflect.NativeMethodAccessorImpl.invoke(NativeMethodAccessorImpl.java:62)
	at sun.reflect.DelegatingMethodAccessorImpl.invoke(DelegatingMethodAccessorImpl.java:43)
	at java.lang.reflect.Method.invoke(Method.java:498)
	at org.testng.internal.MethodInvocationHelper.invokeMethod(MethodInvocationHelper.java:80)
	at org.testng.internal.Invoker.invokeMethod(Invoker.java:714)
	at org.testng.internal.Invoker.invokeTestMethod(Invoker.java:901)
	at org.testng.internal.Invoker.invokeTestMethods(Invoker.java:1231)
	at org.testng.internal.TestMethodWorker.invokeTestMethods(TestMethodWorker.java:127)
	at org.testng.internal.TestMethodWorker.run(TestMethodWorker.java:111)
	at org.testng.TestRunner.privateRun(TestRunner.java:767)
	at org.testng.TestRunner.run(TestRunner.java:617)
	at org.testng.SuiteRunner.runTest(SuiteRunner.java:334)
	at org.testng.SuiteRunner.runSequentially(SuiteRunner.java:329)
	at org.testng.SuiteRunner.privateRun(SuiteRunner.java:291)
	at org.testng.SuiteRunner.run(SuiteRunner.java:240)
	at org.testng.SuiteRunnerWorker.runSuite(SuiteRunnerWorker.java:52)
	at org.testng.SuiteRunnerWorker.run(SuiteRunnerWorker.java:86)
	at org.testng.TestNG.runSuitesSequentially(TestNG.java:1198)
	at org.testng.TestNG.runSuitesLocally(TestNG.java:1123)
	at org.testng.TestNG.run(TestNG.java:1031)
	at org.testng.remote.AbstractRemoteTestNG.run(AbstractRemoteTestNG.java:132)
	at org.testng.remote.RemoteTestNG.initAndRun(RemoteTestNG.java:236)
	at org.testng.remote.RemoteTestNG.main(RemoteTestNG.java:81)
"</b><br>org.testng.Assert.fail(Assert.java:94)<br>org.testng.Assert.fail(Assert.java:101)<br>testNG.TestNGAnnotaionsWithLoginLogoutExample.logonLogoutTestFor3(TestNGAnnotaionsWithLoginLogoutExample.java:82)<br>sun.reflect.NativeMethodAccessorImpl.invoke0(Native Method)<br>sun.reflect.NativeMethodAccessorImpl.invoke(NativeMethodAccessorImpl.java:62)<br>sun.reflect.DelegatingMethodAccessorImpl.invoke(DelegatingMethodAccessorImpl.java:43)<br>java.lang.reflect.Method.invoke(Method.java:498)<br>org.testng.internal.MethodInvocationHelper.invokeMethod(MethodInvocationHelper.java:80)<br>org.testng.internal.Invoker.invokeMethod(Invoker.java:714)<br>org.testng.internal.Invoker.invokeTestMethod(Invoker.java:901)<br>org.testng.internal.Invoker.invokeTestMethods(Invoker.java:1231)<br>org.testng.internal.TestMethodWorker.invokeTestMethods(TestMethodWorker.java:127)<br>org.testng.internal.TestMethodWorker.run(TestMethodWorker.java:111)<br>org.testng.TestRunner.privateRun(TestRunner.java:767)<br>org.testng.TestRunner.run(TestRunner.java:617)<br>org.testng.SuiteRunner.runTest(SuiteRunner.java:334)<br>org.testng.SuiteRunner.runSequentially(SuiteRunner.java:329)<br>org.testng.SuiteRunner.privateRun(SuiteRunner.java:291)<br>org.testng.SuiteRunner.run(SuiteRunner.java:240)<br>org.testng.SuiteRunnerWorker.runSuite(SuiteRunnerWorker.java:52)<br>org.testng.SuiteRunnerWorker.run(SuiteRunnerWorker.java:86)<br>org.testng.TestNG.runSuitesSequentially(TestNG.java:1198)<br>org.testng.TestNG.runSuitesLocally(TestNG.java:1123)<br>org.testng.TestNG.run(TestNG.java:1031)<br>org.testng.remote.AbstractRemoteTestNG.run(AbstractRemoteTestNG.java:132)<br>org.testng.remote.RemoteTestNG.initAndRun(RemoteTestNG.java:236)<br>org.testng.remote.RemoteTestNG.main(RemoteTestNG.java:81)<br>
</div> <!-- stack-trace -->
                </div> <!-- method-content -->
              </div> <!-- method -->
              <div class="method">
                <div class="method-content">
                  <a name="logonLogoutTestFor4">
                  </a> <!-- logonLogoutTestFor4 -->
                  <span class="method-name">logonLogoutTestFor4</span>
                  <div class="stack-trace"><b>"java.lang.AssertionError: null
	at testNG.TestNGAnnotaionsWithLoginLogoutExample.logonLogoutTestFor4(TestNGAnnotaionsWithLoginLogoutExample.java:100)
... Removed 26 stack frames<br/> java.lang.AssertionError: null
	at org.testng.Assert.fail(Assert.java:94)
	at org.testng.Assert.fail(Assert.java:101)
	at testNG.TestNGAnnotaionsWithLoginLogoutExample.logonLogoutTestFor4(TestNGAnnotaionsWithLoginLogoutExample.java:100)
	at sun.reflect.NativeMethodAccessorImpl.invoke0(Native Method)
	at sun.reflect.NativeMethodAccessorImpl.invoke(NativeMethodAccessorImpl.java:62)
	at sun.reflect.DelegatingMethodAccessorImpl.invoke(DelegatingMethodAccessorImpl.java:43)
	at java.lang.reflect.Method.invoke(Method.java:498)
	at org.testng.internal.MethodInvocationHelper.invokeMethod(MethodInvocationHelper.java:80)
	at org.testng.internal.Invoker.invokeMethod(Invoker.java:714)
	at org.testng.internal.Invoker.invokeTestMethod(Invoker.java:901)
	at org.testng.internal.Invoker.invokeTestMethods(Invoker.java:1231)
	at org.testng.internal.TestMethodWorker.invokeTestMethods(TestMethodWorker.java:127)
	at org.testng.internal.TestMethodWorker.run(TestMethodWorker.java:111)
	at org.testng.TestRunner.privateRun(TestRunner.java:767)
	at org.testng.TestRunner.run(TestRunner.java:617)
	at org.testng.SuiteRunner.runTest(SuiteRunner.java:334)
	at org.testng.SuiteRunner.runSequentially(SuiteRunner.java:329)
	at org.testng.SuiteRunner.privateRun(SuiteRunner.java:291)
	at org.testng.SuiteRunner.run(SuiteRunner.java:240)
	at org.testng.SuiteRunnerWorker.runSuite(SuiteRunnerWorker.java:52)
	at org.testng.SuiteRunnerWorker.run(SuiteRunnerWorker.java:86)
	at org.testng.TestNG.runSuitesSequentially(TestNG.java:1198)
	at org.testng.TestNG.runSuitesLocally(TestNG.java:1123)
	at org.testng.TestNG.run(TestNG.java:1031)
	at org.testng.remote.AbstractRemoteTestNG.run(AbstractRemoteTestNG.java:132)
	at org.testng.remote.RemoteTestNG.initAndRun(RemoteTestNG.java:236)
	at org.testng.remote.RemoteTestNG.main(RemoteTestNG.java:81)
"</b><br>org.testng.Assert.fail(Assert.java:94)<br>org.testng.Assert.fail(Assert.java:101)<br>testNG.TestNGAnnotaionsWithLoginLogoutExample.logonLogoutTestFor4(TestNGAnnotaionsWithLoginLogoutExample.java:100)<br>sun.reflect.NativeMethodAccessorImpl.invoke0(Native Method)<br>sun.reflect.NativeMethodAccessorImpl.invoke(NativeMethodAccessorImpl.java:62)<br>sun.reflect.DelegatingMethodAccessorImpl.invoke(DelegatingMethodAccessorImpl.java:43)<br>java.lang.reflect.Method.invoke(Method.java:498)<br>org.testng.internal.MethodInvocationHelper.invokeMethod(MethodInvocationHelper.java:80)<br>org.testng.internal.Invoker.invokeMethod(Invoker.java:714)<br>org.testng.internal.Invoker.invokeTestMethod(Invoker.java:901)<br>org.testng.internal.Invoker.invokeTestMethods(Invoker.java:1231)<br>org.testng.internal.TestMethodWorker.invokeTestMethods(TestMethodWorker.java:127)<br>org.testng.internal.TestMethodWorker.run(TestMethodWorker.java:111)<br>org.testng.TestRunner.privateRun(TestRunner.java:767)<br>org.testng.TestRunner.run(TestRunner.java:617)<br>org.testng.SuiteRunner.runTest(SuiteRunner.java:334)<br>org.testng.SuiteRunner.runSequentially(SuiteRunner.java:329)<br>org.testng.SuiteRunner.privateRun(SuiteRunner.java:291)<br>org.testng.SuiteRunner.run(SuiteRunner.java:240)<br>org.testng.SuiteRunnerWorker.runSuite(SuiteRunnerWorker.java:52)<br>org.testng.SuiteRunnerWorker.run(SuiteRunnerWorker.java:86)<br>org.testng.TestNG.runSuitesSequentially(TestNG.java:1198)<br>org.testng.TestNG.runSuitesLocally(TestNG.java:1123)<br>org.testng.TestNG.run(TestNG.java:1031)<br>org.testng.remote.AbstractRemoteTestNG.run(AbstractRemoteTestNG.java:132)<br>org.testng.remote.RemoteTestNG.initAndRun(RemoteTestNG.java:236)<br>org.testng.remote.RemoteTestNG.main(RemoteTestNG.java:81)<br>
</div> <!-- stack-trace -->
                </div> <!-- method-content -->
              </div> <!-- method -->
              <div class="method">
                <div class="method-content">
                  <a name="logonLogoutTestFor5">
                  </a> <!-- logonLogoutTestFor5 -->
                  <span class="method-name">logonLogoutTestFor5</span>
                  <div class="stack-trace"><b>"java.lang.AssertionError: null
	at testNG.TestNGAnnotaionsWithLoginLogoutExample.logonLogoutTestFor5(TestNGAnnotaionsWithLoginLogoutExample.java:119)
... Removed 26 stack frames<br/> java.lang.AssertionError: null
	at org.testng.Assert.fail(Assert.java:94)
	at org.testng.Assert.fail(Assert.java:101)
	at testNG.TestNGAnnotaionsWithLoginLogoutExample.logonLogoutTestFor5(TestNGAnnotaionsWithLoginLogoutExample.java:119)
	at sun.reflect.NativeMethodAccessorImpl.invoke0(Native Method)
	at sun.reflect.NativeMethodAccessorImpl.invoke(NativeMethodAccessorImpl.java:62)
	at sun.reflect.DelegatingMethodAccessorImpl.invoke(DelegatingMethodAccessorImpl.java:43)
	at java.lang.reflect.Method.invoke(Method.java:498)
	at org.testng.internal.MethodInvocationHelper.invokeMethod(MethodInvocationHelper.java:80)
	at org.testng.internal.Invoker.invokeMethod(Invoker.java:714)
	at org.testng.internal.Invoker.invokeTestMethod(Invoker.java:901)
	at org.testng.internal.Invoker.invokeTestMethods(Invoker.java:1231)
	at org.testng.internal.TestMethodWorker.invokeTestMethods(TestMethodWorker.java:127)
	at org.testng.internal.TestMethodWorker.run(TestMethodWorker.java:111)
	at org.testng.TestRunner.privateRun(TestRunner.java:767)
	at org.testng.TestRunner.run(TestRunner.java:617)
	at org.testng.SuiteRunner.runTest(SuiteRunner.java:334)
	at org.testng.SuiteRunner.runSequentially(SuiteRunner.java:329)
	at org.testng.SuiteRunner.privateRun(SuiteRunner.java:291)
	at org.testng.SuiteRunner.run(SuiteRunner.java:240)
	at org.testng.SuiteRunnerWorker.runSuite(SuiteRunnerWorker.java:52)
	at org.testng.SuiteRunnerWorker.run(SuiteRunnerWorker.java:86)
	at org.testng.TestNG.runSuitesSequentially(TestNG.java:1198)
	at org.testng.TestNG.runSuitesLocally(TestNG.java:1123)
	at org.testng.TestNG.run(TestNG.java:1031)
	at org.testng.remote.AbstractRemoteTestNG.run(AbstractRemoteTestNG.java:132)
	at org.testng.remote.RemoteTestNG.initAndRun(RemoteTestNG.java:236)
	at org.testng.remote.RemoteTestNG.main(RemoteTestNG.java:81)
"</b><br>org.testng.Assert.fail(Assert.java:94)<br>org.testng.Assert.fail(Assert.java:101)<br>testNG.TestNGAnnotaionsWithLoginLogoutExample.logonLogoutTestFor5(TestNGAnnotaionsWithLoginLogoutExample.java:119)<br>sun.reflect.NativeMethodAccessorImpl.invoke0(Native Method)<br>sun.reflect.NativeMethodAccessorImpl.invoke(NativeMethodAccessorImpl.java:62)<br>sun.reflect.DelegatingMethodAccessorImpl.invoke(DelegatingMethodAccessorImpl.java:43)<br>java.lang.reflect.Method.invoke(Method.java:498)<br>org.testng.internal.MethodInvocationHelper.invokeMethod(MethodInvocationHelper.java:80)<br>org.testng.internal.Invoker.invokeMethod(Invoker.java:714)<br>org.testng.internal.Invoker.invokeTestMethod(Invoker.java:901)<br>org.testng.internal.Invoker.invokeTestMethods(Invoker.java:1231)<br>org.testng.internal.TestMethodWorker.invokeTestMethods(TestMethodWorker.java:127)<br>org.testng.internal.TestMethodWorker.run(TestMethodWorker.java:111)<br>org.testng.TestRunner.privateRun(TestRunner.java:767)<br>org.testng.TestRunner.run(TestRunner.java:617)<br>org.testng.SuiteRunner.runTest(SuiteRunner.java:334)<br>org.testng.SuiteRunner.runSequentially(SuiteRunner.java:329)<br>org.testng.SuiteRunner.privateRun(SuiteRunner.java:291)<br>org.testng.SuiteRunner.run(SuiteRunner.java:240)<br>org.testng.SuiteRunnerWorker.runSuite(SuiteRunnerWorker.java:52)<br>org.testng.SuiteRunnerWorker.run(SuiteRunnerWorker.java:86)<br>org.testng.TestNG.runSuitesSequentially(TestNG.java:1198)<br>org.testng.TestNG.runSuitesLocally(TestNG.java:1123)<br>org.testng.TestNG.run(TestNG.java:1031)<br>org.testng.remote.AbstractRemoteTestNG.run(AbstractRemoteTestNG.java:132)<br>org.testng.remote.RemoteTestNG.initAndRun(RemoteTestNG.java:236)<br>org.testng.remote.RemoteTestNG.main(RemoteTestNG.java:81)<br>
</div> <!-- stack-trace -->
                </div> <!-- method-content -->
              </div> <!-- method -->
              <div class="method">
                <div class="method-content">
                  <a name="logonLogoutTestFor6">
                  </a> <!-- logonLogoutTestFor6 -->
                  <span class="method-name">logonLogoutTestFor6</span>
                  <div class="stack-trace"><b>"org.openqa.selenium.NoSuchWindowException: no such window: target window already closed
from unknown error: web view not found
  (Session info: chrome=60.0.3112.101)
  (Driver info: chromedriver=2.30.477700 (0057494ad8732195794a7b32078424f92a5fce41),platform=Windows NT 10.0.14393 x86_64) (WARNING: The server did not provide any stacktrace information)
Command duration or timeout: 3 milliseconds
Build info: version: &apos;3.4.0&apos;, revision: &apos;unknown&apos;, time: &apos;unknown&apos;
System info: host: &apos;LAPTOP-RO5NS03S&apos;, ip: &apos;192.168.56.1&apos;, os.name: &apos;Windows 10&apos;, os.arch: &apos;amd64&apos;, os.version: &apos;10.0&apos;, java.version: &apos;1.8.0_131&apos;
Driver info: org.openqa.selenium.chrome.ChromeDriver
Capabilities [{applicationCacheEnabled=false, rotatable=false, mobileEmulationEnabled=false, networkConnectionEnabled=false, chrome={chromedriverVersion=2.30.477700 (0057494ad8732195794a7b32078424f92a5fce41), userDataDir=C:\Users\solomon\AppData\Local\Temp\scoped_dir10764_560}, takesHeapSnapshot=true, pageLoadStrategy=normal, databaseEnabled=false, handlesAlerts=true, hasTouchScreen=false, version=60.0.3112.101, platform=XP, browserConnectionEnabled=false, nativeEvents=true, acceptSslCerts=true, locationContextEnabled=true, webStorageEnabled=true, browserName=chrome, takesScreenshot=true, javascriptEnabled=true, cssSelectorsEnabled=true, unexpectedAlertBehaviour=}]
Session ID: 151d9ad95f34baa63db8d9afc6939c23
*** Element info: {Using=name, value=userName}
	at org.openqa.selenium.remote.ErrorHandler.createThrowable(ErrorHandler.java:215)
	at org.openqa.selenium.remote.ErrorHandler.throwIfResponseFailed(ErrorHandler.java:167)
	at org.openqa.selenium.remote.RemoteWebDriver.execute(RemoteWebDriver.java:671)
	at org.openqa.selenium.remote.RemoteWebDriver.findElement(RemoteWebDriver.java:410)
	at org.openqa.selenium.remote.RemoteWebDriver.findElementByName(RemoteWebDriver.java:485)
	at org.openqa.selenium.By$ByName.findElement(By.java:303)
	at org.openqa.selenium.remote.RemoteWebDriver.findElement(RemoteWebDriver.java:402)
	at testNG.TestNGAnnotaionsWithLoginLogoutExample.logonLogoutTestFor6(TestNGAnnotaionsWithLoginLogoutExample.java:127)
... Removed 28 stack frames<br/> org.openqa.selenium.NoSuchWindowException: no such window: target window already closed
from unknown error: web view not found
  (Session info: chrome=60.0.3112.101)
  (Driver info: chromedriver=2.30.477700 (0057494ad8732195794a7b32078424f92a5fce41),platform=Windows NT 10.0.14393 x86_64) (WARNING: The server did not provide any stacktrace information)
Command duration or timeout: 3 milliseconds
Build info: version: &apos;3.4.0&apos;, revision: &apos;unknown&apos;, time: &apos;unknown&apos;
System info: host: &apos;LAPTOP-RO5NS03S&apos;, ip: &apos;192.168.56.1&apos;, os.name: &apos;Windows 10&apos;, os.arch: &apos;amd64&apos;, os.version: &apos;10.0&apos;, java.version: &apos;1.8.0_131&apos;
Driver info: org.openqa.selenium.chrome.ChromeDriver
Capabilities [{applicationCacheEnabled=false, rotatable=false, mobileEmulationEnabled=false, networkConnectionEnabled=false, chrome={chromedriverVersion=2.30.477700 (0057494ad8732195794a7b32078424f92a5fce41), userDataDir=C:\Users\solomon\AppData\Local\Temp\scoped_dir10764_560}, takesHeapSnapshot=true, pageLoadStrategy=normal, databaseEnabled=false, handlesAlerts=true, hasTouchScreen=false, version=60.0.3112.101, platform=XP, browserConnectionEnabled=false, nativeEvents=true, acceptSslCerts=true, locationContextEnabled=true, webStorageEnabled=true, browserName=chrome, takesScreenshot=true, javascriptEnabled=true, cssSelectorsEnabled=true, unexpectedAlertBehaviour=}]
Session ID: 151d9ad95f34baa63db8d9afc6939c23
*** Element info: {Using=name, value=userName}
	at sun.reflect.NativeConstructorAccessorImpl.newInstance0(Native Method)
	at sun.reflect.NativeConstructorAccessorImpl.newInstance(NativeConstructorAccessorImpl.java:62)
	at sun.reflect.DelegatingConstructorAccessorImpl.newInstance(DelegatingConstructorAccessorImpl.java:45)
	at java.lang.reflect.Constructor.newInstance(Constructor.java:423)
	at org.openqa.selenium.remote.ErrorHandler.createThrowable(ErrorHandler.java:215)
	at org.openqa.selenium.remote.ErrorHandler.throwIfResponseFailed(ErrorHandler.java:167)
	at org.openqa.selenium.remote.RemoteWebDriver.execute(RemoteWebDriver.java:671)
	at org.openqa.selenium.remote.RemoteWebDriver.findElement(RemoteWebDriver.java:410)
	at org.openqa.selenium.remote.RemoteWebDriver.findElementByName(RemoteWebDriver.java:485)
	at org.openqa.selenium.By$ByName.findElement(By.java:303)
	at org.openqa.selenium.remote.RemoteWebDriver.findElement(RemoteWebDriver.java:402)
	at testNG.TestNGAnnotaionsWithLoginLogoutExample.logonLogoutTestFor6(TestNGAnnotaionsWithLoginLogoutExample.java:127)
	at sun.reflect.NativeMethodAccessorImpl.invoke0(Native Method)
	at sun.reflect.NativeMethodAccessorImpl.invoke(NativeMethodAccessorImpl.java:62)
	at sun.reflect.DelegatingMethodAccessorImpl.invoke(DelegatingMethodAccessorImpl.java:43)
	at java.lang.reflect.Method.invoke(Method.java:498)
	at org.testng.internal.MethodInvocationHelper.invokeMethod(MethodInvocationHelper.java:80)
	at org.testng.internal.Invoker.invokeMethod(Invoker.java:714)
	at org.testng.internal.Invoker.invokeTestMethod(Invoker.java:901)
	at org.testng.internal.Invoker.invokeTestMethods(Invoker.java:1231)
	at org.testng.internal.TestMethodWorker.invokeTestMethods(TestMethodWorker.java:127)
	at org.testng.internal.TestMethodWorker.run(TestMethodWorker.java:111)
	at org.testng.TestRunner.privateRun(TestRunner.java:767)
	at org.testng.TestRunner.run(TestRunner.java:617)
	at org.testng.SuiteRunner.runTest(SuiteRunner.java:334)
	at org.testng.SuiteRunner.runSequentially(SuiteRunner.java:329)
	at org.testng.SuiteRunner.privateRun(SuiteRunner.java:291)
	at org.testng.SuiteRunner.run(SuiteRunner.java:240)
	at org.testng.SuiteRunnerWorker.runSuite(SuiteRunnerWorker.java:52)
	at org.testng.SuiteRunnerWorker.run(SuiteRunnerWorker.java:86)
	at org.testng.TestNG.runSuitesSequentially(TestNG.java:1198)
	at org.testng.TestNG.runSuitesLocally(TestNG.java:1123)
	at org.testng.TestNG.run(TestNG.java:1031)
	at org.testng.remote.AbstractRemoteTestNG.run(AbstractRemoteTestNG.java:132)
	at org.testng.remote.RemoteTestNG.initAndRun(RemoteTestNG.java:236)
	at org.testng.remote.RemoteTestNG.main(RemoteTestNG.java:81)
"</b><br>sun.reflect.NativeConstructorAccessorImpl.newInstance0(Native Method)<br>sun.reflect.NativeConstructorAccessorImpl.newInstance(NativeConstructorAccessorImpl.java:62)<br>sun.reflect.DelegatingConstructorAccessorImpl.newInstance(DelegatingConstructorAccessorImpl.java:45)<br>java.lang.reflect.Constructor.newInstance(Constructor.java:423)<br>org.openqa.selenium.remote.ErrorHandler.createThrowable(ErrorHandler.java:215)<br>org.openqa.selenium.remote.ErrorHandler.throwIfResponseFailed(ErrorHandler.java:167)<br>org.openqa.selenium.remote.RemoteWebDriver.execute(RemoteWebDriver.java:671)<br>org.openqa.selenium.remote.RemoteWebDriver.findElement(RemoteWebDriver.java:410)<br>org.openqa.selenium.remote.RemoteWebDriver.findElementByName(RemoteWebDriver.java:485)<br>org.openqa.selenium.By$ByName.findElement(By.java:303)<br>org.openqa.selenium.remote.RemoteWebDriver.findElement(RemoteWebDriver.java:402)<br>testNG.TestNGAnnotaionsWithLoginLogoutExample.logonLogoutTestFor6(TestNGAnnotaionsWithLoginLogoutExample.java:127)<br>sun.reflect.NativeMethodAccessorImpl.invoke0(Native Method)<br>sun.reflect.NativeMethodAccessorImpl.invoke(NativeMethodAccessorImpl.java:62)<br>sun.reflect.DelegatingMethodAccessorImpl.invoke(DelegatingMethodAccessorImpl.java:43)<br>java.lang.reflect.Method.invoke(Method.java:498)<br>org.testng.internal.MethodInvocationHelper.invokeMethod(MethodInvocationHelper.java:80)<br>org.testng.internal.Invoker.invokeMethod(Invoker.java:714)<br>org.testng.internal.Invoker.invokeTestMethod(Invoker.java:901)<br>org.testng.internal.Invoker.invokeTestMethods(Invoker.java:1231)<br>org.testng.internal.TestMethodWorker.invokeTestMethods(TestMethodWorker.java:127)<br>org.testng.internal.TestMethodWorker.run(TestMethodWorker.java:111)<br>org.testng.TestRunner.privateRun(TestRunner.java:767)<br>org.testng.TestRunner.run(TestRunner.java:617)<br>org.testng.SuiteRunner.runTest(SuiteRunner.java:334)<br>org.testng.SuiteRunner.runSequentially(SuiteRunner.java:329)<br>org.testng.SuiteRunner.privateRun(SuiteRunner.java:291)<br>org.testng.SuiteRunner.run(SuiteRunner.java:240)<br>org.testng.SuiteRunnerWorker.runSuite(SuiteRunnerWorker.java:52)<br>org.testng.SuiteRunnerWorker.run(SuiteRunnerWorker.java:86)<br>org.testng.TestNG.runSuitesSequentially(TestNG.java:1198)<br>org.testng.TestNG.runSuitesLocally(TestNG.java:1123)<br>org.testng.TestNG.run(TestNG.java:1031)<br>org.testng.remote.AbstractRemoteTestNG.run(AbstractRemoteTestNG.java:132)<br>org.testng.remote.RemoteTestNG.initAndRun(RemoteTestNG.java:236)<br>org.testng.remote.RemoteTestNG.main(RemoteTestNG.java:81)<br>
</div> <!-- stack-trace -->
                </div> <!-- method-content -->
              </div> <!-- method -->
            </div> <!-- main-panel-content rounded-window-bottom -->
          </div> <!-- suite-Suite-class-failed -->
          <div class="suite-Suite-class-failed">
            <div class="main-panel-header rounded-window-top">
              <img src="failed.png"/>
              <span class="class-name">TestersGroupID.TestNGArtifactID.PriorityAndDependsOn</span>
            </div> <!-- main-panel-header rounded-window-top -->
            <div class="main-panel-content rounded-window-bottom">
              <div class="method">
                <div class="method-content">
                  <a name="emailTest2">
                  </a> <!-- emailTest2 -->
                  <span class="method-name">emailTest2</span>
                  <div class="stack-trace"><b>"java.lang.AssertionError: expected [John] but found [Solomon]
	at TestersGroupID.TestNGArtifactID.PriorityAndDependsOn.emailTest2(PriorityAndDependsOn.java:51)
... Removed 29 stack frames<br/> java.lang.AssertionError: expected [John] but found [Solomon]
	at org.testng.Assert.fail(Assert.java:94)
	at org.testng.Assert.failNotEquals(Assert.java:494)
	at org.testng.Assert.assertEquals(Assert.java:123)
	at org.testng.Assert.assertEquals(Assert.java:176)
	at org.testng.Assert.assertEquals(Assert.java:186)
	at TestersGroupID.TestNGArtifactID.PriorityAndDependsOn.emailTest2(PriorityAndDependsOn.java:51)
	at sun.reflect.NativeMethodAccessorImpl.invoke0(Native Method)
	at sun.reflect.NativeMethodAccessorImpl.invoke(NativeMethodAccessorImpl.java:62)
	at sun.reflect.DelegatingMethodAccessorImpl.invoke(DelegatingMethodAccessorImpl.java:43)
	at java.lang.reflect.Method.invoke(Method.java:498)
	at org.testng.internal.MethodInvocationHelper.invokeMethod(MethodInvocationHelper.java:80)
	at org.testng.internal.Invoker.invokeMethod(Invoker.java:714)
	at org.testng.internal.Invoker.invokeTestMethod(Invoker.java:901)
	at org.testng.internal.Invoker.invokeTestMethods(Invoker.java:1231)
	at org.testng.internal.TestMethodWorker.invokeTestMethods(TestMethodWorker.java:127)
	at org.testng.internal.TestMethodWorker.run(TestMethodWorker.java:111)
	at org.testng.TestRunner.privateRun(TestRunner.java:767)
	at org.testng.TestRunner.run(TestRunner.java:617)
	at org.testng.SuiteRunner.runTest(SuiteRunner.java:334)
	at org.testng.SuiteRunner.runSequentially(SuiteRunner.java:329)
	at org.testng.SuiteRunner.privateRun(SuiteRunner.java:291)
	at org.testng.SuiteRunner.run(SuiteRunner.java:240)
	at org.testng.SuiteRunnerWorker.runSuite(SuiteRunnerWorker.java:52)
	at org.testng.SuiteRunnerWorker.run(SuiteRunnerWorker.java:86)
	at org.testng.TestNG.runSuitesSequentially(TestNG.java:1198)
	at org.testng.TestNG.runSuitesLocally(TestNG.java:1123)
	at org.testng.TestNG.run(TestNG.java:1031)
	at org.testng.remote.AbstractRemoteTestNG.run(AbstractRemoteTestNG.java:132)
	at org.testng.remote.RemoteTestNG.initAndRun(RemoteTestNG.java:236)
	at org.testng.remote.RemoteTestNG.main(RemoteTestNG.java:81)
"</b><br>org.testng.Assert.fail(Assert.java:94)<br>org.testng.Assert.failNotEquals(Assert.java:494)<br>org.testng.Assert.assertEquals(Assert.java:123)<br>org.testng.Assert.assertEquals(Assert.java:176)<br>org.testng.Assert.assertEquals(Assert.java:186)<br>TestersGroupID.TestNGArtifactID.PriorityAndDependsOn.emailTest2(PriorityAndDependsOn.java:51)<br>sun.reflect.NativeMethodAccessorImpl.invoke0(Native Method)<br>sun.reflect.NativeMethodAccessorImpl.invoke(NativeMethodAccessorImpl.java:62)<br>sun.reflect.DelegatingMethodAccessorImpl.invoke(DelegatingMethodAccessorImpl.java:43)<br>java.lang.reflect.Method.invoke(Method.java:498)<br>org.testng.internal.MethodInvocationHelper.invokeMethod(MethodInvocationHelper.java:80)<br>org.testng.internal.Invoker.invokeMethod(Invoker.java:714)<br>org.testng.internal.Invoker.invokeTestMethod(Invoker.java:901)<br>org.testng.internal.Invoker.invokeTestMethods(Invoker.java:1231)<br>org.testng.internal.TestMethodWorker.invokeTestMethods(TestMethodWorker.java:127)<br>org.testng.internal.TestMethodWorker.run(TestMethodWorker.java:111)<br>org.testng.TestRunner.privateRun(TestRunner.java:767)<br>org.testng.TestRunner.run(TestRunner.java:617)<br>org.testng.SuiteRunner.runTest(SuiteRunner.java:334)<br>org.testng.SuiteRunner.runSequentially(SuiteRunner.java:329)<br>org.testng.SuiteRunner.privateRun(SuiteRunner.java:291)<br>org.testng.SuiteRunner.run(SuiteRunner.java:240)<br>org.testng.SuiteRunnerWorker.runSuite(SuiteRunnerWorker.java:52)<br>org.testng.SuiteRunnerWorker.run(SuiteRunnerWorker.java:86)<br>org.testng.TestNG.runSuitesSequentially(TestNG.java:1198)<br>org.testng.TestNG.runSuitesLocally(TestNG.java:1123)<br>org.testng.TestNG.run(TestNG.java:1031)<br>org.testng.remote.AbstractRemoteTestNG.run(AbstractRemoteTestNG.java:132)<br>org.testng.remote.RemoteTestNG.initAndRun(RemoteTestNG.java:236)<br>org.testng.remote.RemoteTestNG.main(RemoteTestNG.java:81)<br>
</div> <!-- stack-trace -->
                </div> <!-- method-content -->
              </div> <!-- method -->
              <div class="method">
                <div class="method-content">
                  <a name="emailTest2">
                  </a> <!-- emailTest2 -->
                  <span class="method-name">emailTest2</span>
                  <div class="stack-trace"><b>"java.lang.AssertionError: expected [John] but found [Solomon]
	at TestersGroupID.TestNGArtifactID.PriorityAndDependsOn.emailTest2(PriorityAndDependsOn.java:51)
... Removed 29 stack frames<br/> java.lang.AssertionError: expected [John] but found [Solomon]
	at org.testng.Assert.fail(Assert.java:94)
	at org.testng.Assert.failNotEquals(Assert.java:494)
	at org.testng.Assert.assertEquals(Assert.java:123)
	at org.testng.Assert.assertEquals(Assert.java:176)
	at org.testng.Assert.assertEquals(Assert.java:186)
	at TestersGroupID.TestNGArtifactID.PriorityAndDependsOn.emailTest2(PriorityAndDependsOn.java:51)
	at sun.reflect.NativeMethodAccessorImpl.invoke0(Native Method)
	at sun.reflect.NativeMethodAccessorImpl.invoke(NativeMethodAccessorImpl.java:62)
	at sun.reflect.DelegatingMethodAccessorImpl.invoke(DelegatingMethodAccessorImpl.java:43)
	at java.lang.reflect.Method.invoke(Method.java:498)
	at org.testng.internal.MethodInvocationHelper.invokeMethod(MethodInvocationHelper.java:80)
	at org.testng.internal.Invoker.invokeMethod(Invoker.java:714)
	at org.testng.internal.Invoker.invokeTestMethod(Invoker.java:901)
	at org.testng.internal.Invoker.invokeTestMethods(Invoker.java:1231)
	at org.testng.internal.TestMethodWorker.invokeTestMethods(TestMethodWorker.java:127)
	at org.testng.internal.TestMethodWorker.run(TestMethodWorker.java:111)
	at org.testng.TestRunner.privateRun(TestRunner.java:767)
	at org.testng.TestRunner.run(TestRunner.java:617)
	at org.testng.SuiteRunner.runTest(SuiteRunner.java:334)
	at org.testng.SuiteRunner.runSequentially(SuiteRunner.java:329)
	at org.testng.SuiteRunner.privateRun(SuiteRunner.java:291)
	at org.testng.SuiteRunner.run(SuiteRunner.java:240)
	at org.testng.SuiteRunnerWorker.runSuite(SuiteRunnerWorker.java:52)
	at org.testng.SuiteRunnerWorker.run(SuiteRunnerWorker.java:86)
	at org.testng.TestNG.runSuitesSequentially(TestNG.java:1198)
	at org.testng.TestNG.runSuitesLocally(TestNG.java:1123)
	at org.testng.TestNG.run(TestNG.java:1031)
	at org.testng.remote.AbstractRemoteTestNG.run(AbstractRemoteTestNG.java:132)
	at org.testng.remote.RemoteTestNG.initAndRun(RemoteTestNG.java:236)
	at org.testng.remote.RemoteTestNG.main(RemoteTestNG.java:81)
"</b><br>org.testng.Assert.fail(Assert.java:94)<br>org.testng.Assert.failNotEquals(Assert.java:494)<br>org.testng.Assert.assertEquals(Assert.java:123)<br>org.testng.Assert.assertEquals(Assert.java:176)<br>org.testng.Assert.assertEquals(Assert.java:186)<br>TestersGroupID.TestNGArtifactID.PriorityAndDependsOn.emailTest2(PriorityAndDependsOn.java:51)<br>sun.reflect.NativeMethodAccessorImpl.invoke0(Native Method)<br>sun.reflect.NativeMethodAccessorImpl.invoke(NativeMethodAccessorImpl.java:62)<br>sun.reflect.DelegatingMethodAccessorImpl.invoke(DelegatingMethodAccessorImpl.java:43)<br>java.lang.reflect.Method.invoke(Method.java:498)<br>org.testng.internal.MethodInvocationHelper.invokeMethod(MethodInvocationHelper.java:80)<br>org.testng.internal.Invoker.invokeMethod(Invoker.java:714)<br>org.testng.internal.Invoker.invokeTestMethod(Invoker.java:901)<br>org.testng.internal.Invoker.invokeTestMethods(Invoker.java:1231)<br>org.testng.internal.TestMethodWorker.invokeTestMethods(TestMethodWorker.java:127)<br>org.testng.internal.TestMethodWorker.run(TestMethodWorker.java:111)<br>org.testng.TestRunner.privateRun(TestRunner.java:767)<br>org.testng.TestRunner.run(TestRunner.java:617)<br>org.testng.SuiteRunner.runTest(SuiteRunner.java:334)<br>org.testng.SuiteRunner.runSequentially(SuiteRunner.java:329)<br>org.testng.SuiteRunner.privateRun(SuiteRunner.java:291)<br>org.testng.SuiteRunner.run(SuiteRunner.java:240)<br>org.testng.SuiteRunnerWorker.runSuite(SuiteRunnerWorker.java:52)<br>org.testng.SuiteRunnerWorker.run(SuiteRunnerWorker.java:86)<br>org.testng.TestNG.runSuitesSequentially(TestNG.java:1198)<br>org.testng.TestNG.runSuitesLocally(TestNG.java:1123)<br>org.testng.TestNG.run(TestNG.java:1031)<br>org.testng.remote.AbstractRemoteTestNG.run(AbstractRemoteTestNG.java:132)<br>org.testng.remote.RemoteTestNG.initAndRun(RemoteTestNG.java:236)<br>org.testng.remote.RemoteTestNG.main(RemoteTestNG.java:81)<br>
</div> <!-- stack-trace -->
                </div> <!-- method-content -->
              </div> <!-- method -->
              <div class="method">
                <div class="method-content">
                  <a name="emailTest2">
                  </a> <!-- emailTest2 -->
                  <span class="method-name">emailTest2</span>
                  <div class="stack-trace"><b>"java.lang.AssertionError: expected [John] but found [Solomon]
	at TestersGroupID.TestNGArtifactID.PriorityAndDependsOn.emailTest2(PriorityAndDependsOn.java:51)
... Removed 29 stack frames<br/> java.lang.AssertionError: expected [John] but found [Solomon]
	at org.testng.Assert.fail(Assert.java:94)
	at org.testng.Assert.failNotEquals(Assert.java:494)
	at org.testng.Assert.assertEquals(Assert.java:123)
	at org.testng.Assert.assertEquals(Assert.java:176)
	at org.testng.Assert.assertEquals(Assert.java:186)
	at TestersGroupID.TestNGArtifactID.PriorityAndDependsOn.emailTest2(PriorityAndDependsOn.java:51)
	at sun.reflect.NativeMethodAccessorImpl.invoke0(Native Method)
	at sun.reflect.NativeMethodAccessorImpl.invoke(NativeMethodAccessorImpl.java:62)
	at sun.reflect.DelegatingMethodAccessorImpl.invoke(DelegatingMethodAccessorImpl.java:43)
	at java.lang.reflect.Method.invoke(Method.java:498)
	at org.testng.internal.MethodInvocationHelper.invokeMethod(MethodInvocationHelper.java:80)
	at org.testng.internal.Invoker.invokeMethod(Invoker.java:714)
	at org.testng.internal.Invoker.invokeTestMethod(Invoker.java:901)
	at org.testng.internal.Invoker.invokeTestMethods(Invoker.java:1231)
	at org.testng.internal.TestMethodWorker.invokeTestMethods(TestMethodWorker.java:127)
	at org.testng.internal.TestMethodWorker.run(TestMethodWorker.java:111)
	at org.testng.TestRunner.privateRun(TestRunner.java:767)
	at org.testng.TestRunner.run(TestRunner.java:617)
	at org.testng.SuiteRunner.runTest(SuiteRunner.java:334)
	at org.testng.SuiteRunner.runSequentially(SuiteRunner.java:329)
	at org.testng.SuiteRunner.privateRun(SuiteRunner.java:291)
	at org.testng.SuiteRunner.run(SuiteRunner.java:240)
	at org.testng.SuiteRunnerWorker.runSuite(SuiteRunnerWorker.java:52)
	at org.testng.SuiteRunnerWorker.run(SuiteRunnerWorker.java:86)
	at org.testng.TestNG.runSuitesSequentially(TestNG.java:1198)
	at org.testng.TestNG.runSuitesLocally(TestNG.java:1123)
	at org.testng.TestNG.run(TestNG.java:1031)
	at org.testng.remote.AbstractRemoteTestNG.run(AbstractRemoteTestNG.java:132)
	at org.testng.remote.RemoteTestNG.initAndRun(RemoteTestNG.java:236)
	at org.testng.remote.RemoteTestNG.main(RemoteTestNG.java:81)
"</b><br>org.testng.Assert.fail(Assert.java:94)<br>org.testng.Assert.failNotEquals(Assert.java:494)<br>org.testng.Assert.assertEquals(Assert.java:123)<br>org.testng.Assert.assertEquals(Assert.java:176)<br>org.testng.Assert.assertEquals(Assert.java:186)<br>TestersGroupID.TestNGArtifactID.PriorityAndDependsOn.emailTest2(PriorityAndDependsOn.java:51)<br>sun.reflect.NativeMethodAccessorImpl.invoke0(Native Method)<br>sun.reflect.NativeMethodAccessorImpl.invoke(NativeMethodAccessorImpl.java:62)<br>sun.reflect.DelegatingMethodAccessorImpl.invoke(DelegatingMethodAccessorImpl.java:43)<br>java.lang.reflect.Method.invoke(Method.java:498)<br>org.testng.internal.MethodInvocationHelper.invokeMethod(MethodInvocationHelper.java:80)<br>org.testng.internal.Invoker.invokeMethod(Invoker.java:714)<br>org.testng.internal.Invoker.invokeTestMethod(Invoker.java:901)<br>org.testng.internal.Invoker.invokeTestMethods(Invoker.java:1231)<br>org.testng.internal.TestMethodWorker.invokeTestMethods(TestMethodWorker.java:127)<br>org.testng.internal.TestMethodWorker.run(TestMethodWorker.java:111)<br>org.testng.TestRunner.privateRun(TestRunner.java:767)<br>org.testng.TestRunner.run(TestRunner.java:617)<br>org.testng.SuiteRunner.runTest(SuiteRunner.java:334)<br>org.testng.SuiteRunner.runSequentially(SuiteRunner.java:329)<br>org.testng.SuiteRunner.privateRun(SuiteRunner.java:291)<br>org.testng.SuiteRunner.run(SuiteRunner.java:240)<br>org.testng.SuiteRunnerWorker.runSuite(SuiteRunnerWorker.java:52)<br>org.testng.SuiteRunnerWorker.run(SuiteRunnerWorker.java:86)<br>org.testng.TestNG.runSuitesSequentially(TestNG.java:1198)<br>org.testng.TestNG.runSuitesLocally(TestNG.java:1123)<br>org.testng.TestNG.run(TestNG.java:1031)<br>org.testng.remote.AbstractRemoteTestNG.run(AbstractRemoteTestNG.java:132)<br>org.testng.remote.RemoteTestNG.initAndRun(RemoteTestNG.java:236)<br>org.testng.remote.RemoteTestNG.main(RemoteTestNG.java:81)<br>
</div> <!-- stack-trace -->
                </div> <!-- method-content -->
              </div> <!-- method -->
              <div class="method">
                <div class="method-content">
                  <a name="emailTest2">
                  </a> <!-- emailTest2 -->
                  <span class="method-name">emailTest2</span>
                  <div class="stack-trace"><b>"java.lang.AssertionError: expected [John] but found [Solomon]
	at TestersGroupID.TestNGArtifactID.PriorityAndDependsOn.emailTest2(PriorityAndDependsOn.java:51)
... Removed 29 stack frames<br/> java.lang.AssertionError: expected [John] but found [Solomon]
	at org.testng.Assert.fail(Assert.java:94)
	at org.testng.Assert.failNotEquals(Assert.java:494)
	at org.testng.Assert.assertEquals(Assert.java:123)
	at org.testng.Assert.assertEquals(Assert.java:176)
	at org.testng.Assert.assertEquals(Assert.java:186)
	at TestersGroupID.TestNGArtifactID.PriorityAndDependsOn.emailTest2(PriorityAndDependsOn.java:51)
	at sun.reflect.NativeMethodAccessorImpl.invoke0(Native Method)
	at sun.reflect.NativeMethodAccessorImpl.invoke(NativeMethodAccessorImpl.java:62)
	at sun.reflect.DelegatingMethodAccessorImpl.invoke(DelegatingMethodAccessorImpl.java:43)
	at java.lang.reflect.Method.invoke(Method.java:498)
	at org.testng.internal.MethodInvocationHelper.invokeMethod(MethodInvocationHelper.java:80)
	at org.testng.internal.Invoker.invokeMethod(Invoker.java:714)
	at org.testng.internal.Invoker.invokeTestMethod(Invoker.java:901)
	at org.testng.internal.Invoker.invokeTestMethods(Invoker.java:1231)
	at org.testng.internal.TestMethodWorker.invokeTestMethods(TestMethodWorker.java:127)
	at org.testng.internal.TestMethodWorker.run(TestMethodWorker.java:111)
	at org.testng.TestRunner.privateRun(TestRunner.java:767)
	at org.testng.TestRunner.run(TestRunner.java:617)
	at org.testng.SuiteRunner.runTest(SuiteRunner.java:334)
	at org.testng.SuiteRunner.runSequentially(SuiteRunner.java:329)
	at org.testng.SuiteRunner.privateRun(SuiteRunner.java:291)
	at org.testng.SuiteRunner.run(SuiteRunner.java:240)
	at org.testng.SuiteRunnerWorker.runSuite(SuiteRunnerWorker.java:52)
	at org.testng.SuiteRunnerWorker.run(SuiteRunnerWorker.java:86)
	at org.testng.TestNG.runSuitesSequentially(TestNG.java:1198)
	at org.testng.TestNG.runSuitesLocally(TestNG.java:1123)
	at org.testng.TestNG.run(TestNG.java:1031)
	at org.testng.remote.AbstractRemoteTestNG.run(AbstractRemoteTestNG.java:132)
	at org.testng.remote.RemoteTestNG.initAndRun(RemoteTestNG.java:236)
	at org.testng.remote.RemoteTestNG.main(RemoteTestNG.java:81)
"</b><br>org.testng.Assert.fail(Assert.java:94)<br>org.testng.Assert.failNotEquals(Assert.java:494)<br>org.testng.Assert.assertEquals(Assert.java:123)<br>org.testng.Assert.assertEquals(Assert.java:176)<br>org.testng.Assert.assertEquals(Assert.java:186)<br>TestersGroupID.TestNGArtifactID.PriorityAndDependsOn.emailTest2(PriorityAndDependsOn.java:51)<br>sun.reflect.NativeMethodAccessorImpl.invoke0(Native Method)<br>sun.reflect.NativeMethodAccessorImpl.invoke(NativeMethodAccessorImpl.java:62)<br>sun.reflect.DelegatingMethodAccessorImpl.invoke(DelegatingMethodAccessorImpl.java:43)<br>java.lang.reflect.Method.invoke(Method.java:498)<br>org.testng.internal.MethodInvocationHelper.invokeMethod(MethodInvocationHelper.java:80)<br>org.testng.internal.Invoker.invokeMethod(Invoker.java:714)<br>org.testng.internal.Invoker.invokeTestMethod(Invoker.java:901)<br>org.testng.internal.Invoker.invokeTestMethods(Invoker.java:1231)<br>org.testng.internal.TestMethodWorker.invokeTestMethods(TestMethodWorker.java:127)<br>org.testng.internal.TestMethodWorker.run(TestMethodWorker.java:111)<br>org.testng.TestRunner.privateRun(TestRunner.java:767)<br>org.testng.TestRunner.run(TestRunner.java:617)<br>org.testng.SuiteRunner.runTest(SuiteRunner.java:334)<br>org.testng.SuiteRunner.runSequentially(SuiteRunner.java:329)<br>org.testng.SuiteRunner.privateRun(SuiteRunner.java:291)<br>org.testng.SuiteRunner.run(SuiteRunner.java:240)<br>org.testng.SuiteRunnerWorker.runSuite(SuiteRunnerWorker.java:52)<br>org.testng.SuiteRunnerWorker.run(SuiteRunnerWorker.java:86)<br>org.testng.TestNG.runSuitesSequentially(TestNG.java:1198)<br>org.testng.TestNG.runSuitesLocally(TestNG.java:1123)<br>org.testng.TestNG.run(TestNG.java:1031)<br>org.testng.remote.AbstractRemoteTestNG.run(AbstractRemoteTestNG.java:132)<br>org.testng.remote.RemoteTestNG.initAndRun(RemoteTestNG.java:236)<br>org.testng.remote.RemoteTestNG.main(RemoteTestNG.java:81)<br>
</div> <!-- stack-trace -->
                </div> <!-- method-content -->
              </div> <!-- method -->
            </div> <!-- main-panel-content rounded-window-bottom -->
          </div> <!-- suite-Suite-class-failed -->
          <div class="suite-Suite-class-failed">
            <div class="main-panel-header rounded-window-top">
              <img src="failed.png"/>
              <span class="class-name">testNG.loginLogoutDataDriveTesintUsingTestNG</span>
            </div> <!-- main-panel-header rounded-window-top -->
            <div class="main-panel-content rounded-window-bottom">
              <div class="method">
                <div class="method-content">
                  <a name="loginLogoutTestWithCorrectCredencials(d, ddsf)">
                  </a> <!-- loginLogoutTestWithCorrectCredencials(d, ddsf) -->
                  <span class="method-name">loginLogoutTestWithCorrectCredencials</span>
                  <span class="parameters">(d, ddsf)</span>
                  <div class="stack-trace"><b>"java.lang.AssertionError: null
	at testNG.loginLogoutDataDriveTesintUsingTestNG.loginLogoutTestWithCorrectCredencials(loginLogoutDataDriveTesintUsingTestNG.java:53)
... Removed 26 stack frames<br/> java.lang.AssertionError: null
	at org.testng.Assert.fail(Assert.java:94)
	at org.testng.Assert.fail(Assert.java:101)
	at testNG.loginLogoutDataDriveTesintUsingTestNG.loginLogoutTestWithCorrectCredencials(loginLogoutDataDriveTesintUsingTestNG.java:53)
	at sun.reflect.NativeMethodAccessorImpl.invoke0(Native Method)
	at sun.reflect.NativeMethodAccessorImpl.invoke(NativeMethodAccessorImpl.java:62)
	at sun.reflect.DelegatingMethodAccessorImpl.invoke(DelegatingMethodAccessorImpl.java:43)
	at java.lang.reflect.Method.invoke(Method.java:498)
	at org.testng.internal.MethodInvocationHelper.invokeMethod(MethodInvocationHelper.java:80)
	at org.testng.internal.Invoker.invokeMethod(Invoker.java:714)
	at org.testng.internal.Invoker.invokeTestMethod(Invoker.java:901)
	at org.testng.internal.Invoker.invokeTestMethods(Invoker.java:1231)
	at org.testng.internal.TestMethodWorker.invokeTestMethods(TestMethodWorker.java:127)
	at org.testng.internal.TestMethodWorker.run(TestMethodWorker.java:111)
	at org.testng.TestRunner.privateRun(TestRunner.java:767)
	at org.testng.TestRunner.run(TestRunner.java:617)
	at org.testng.SuiteRunner.runTest(SuiteRunner.java:334)
	at org.testng.SuiteRunner.runSequentially(SuiteRunner.java:329)
	at org.testng.SuiteRunner.privateRun(SuiteRunner.java:291)
	at org.testng.SuiteRunner.run(SuiteRunner.java:240)
	at org.testng.SuiteRunnerWorker.runSuite(SuiteRunnerWorker.java:52)
	at org.testng.SuiteRunnerWorker.run(SuiteRunnerWorker.java:86)
	at org.testng.TestNG.runSuitesSequentially(TestNG.java:1198)
	at org.testng.TestNG.runSuitesLocally(TestNG.java:1123)
	at org.testng.TestNG.run(TestNG.java:1031)
	at org.testng.remote.AbstractRemoteTestNG.run(AbstractRemoteTestNG.java:132)
	at org.testng.remote.RemoteTestNG.initAndRun(RemoteTestNG.java:236)
	at org.testng.remote.RemoteTestNG.main(RemoteTestNG.java:81)
"</b><br>org.testng.Assert.fail(Assert.java:94)<br>org.testng.Assert.fail(Assert.java:101)<br>testNG.loginLogoutDataDriveTesintUsingTestNG.loginLogoutTestWithCorrectCredencials(loginLogoutDataDriveTesintUsingTestNG.java:53)<br>sun.reflect.NativeMethodAccessorImpl.invoke0(Native Method)<br>sun.reflect.NativeMethodAccessorImpl.invoke(NativeMethodAccessorImpl.java:62)<br>sun.reflect.DelegatingMethodAccessorImpl.invoke(DelegatingMethodAccessorImpl.java:43)<br>java.lang.reflect.Method.invoke(Method.java:498)<br>org.testng.internal.MethodInvocationHelper.invokeMethod(MethodInvocationHelper.java:80)<br>org.testng.internal.Invoker.invokeMethod(Invoker.java:714)<br>org.testng.internal.Invoker.invokeTestMethod(Invoker.java:901)<br>org.testng.internal.Invoker.invokeTestMethods(Invoker.java:1231)<br>org.testng.internal.TestMethodWorker.invokeTestMethods(TestMethodWorker.java:127)<br>org.testng.internal.TestMethodWorker.run(TestMethodWorker.java:111)<br>org.testng.TestRunner.privateRun(TestRunner.java:767)<br>org.testng.TestRunner.run(TestRunner.java:617)<br>org.testng.SuiteRunner.runTest(SuiteRunner.java:334)<br>org.testng.SuiteRunner.runSequentially(SuiteRunner.java:329)<br>org.testng.SuiteRunner.privateRun(SuiteRunner.java:291)<br>org.testng.SuiteRunner.run(SuiteRunner.java:240)<br>org.testng.SuiteRunnerWorker.runSuite(SuiteRunnerWorker.java:52)<br>org.testng.SuiteRunnerWorker.run(SuiteRunnerWorker.java:86)<br>org.testng.TestNG.runSuitesSequentially(TestNG.java:1198)<br>org.testng.TestNG.runSuitesLocally(TestNG.java:1123)<br>org.testng.TestNG.run(TestNG.java:1031)<br>org.testng.remote.AbstractRemoteTestNG.run(AbstractRemoteTestNG.java:132)<br>org.testng.remote.RemoteTestNG.initAndRun(RemoteTestNG.java:236)<br>org.testng.remote.RemoteTestNG.main(RemoteTestNG.java:81)<br>
</div> <!-- stack-trace -->
                </div> <!-- method-content -->
              </div> <!-- method -->
              <div class="method">
                <div class="method-content">
                  <a name="loginLogoutTestWithCorrectCredencials(f, f)">
                  </a> <!-- loginLogoutTestWithCorrectCredencials(f, f) -->
                  <span class="method-name">loginLogoutTestWithCorrectCredencials</span>
                  <span class="parameters">(f, f)</span>
                  <div class="stack-trace"><b>"java.lang.AssertionError: null
	at testNG.loginLogoutDataDriveTesintUsingTestNG.loginLogoutTestWithCorrectCredencials(loginLogoutDataDriveTesintUsingTestNG.java:53)
... Removed 26 stack frames<br/> java.lang.AssertionError: null
	at org.testng.Assert.fail(Assert.java:94)
	at org.testng.Assert.fail(Assert.java:101)
	at testNG.loginLogoutDataDriveTesintUsingTestNG.loginLogoutTestWithCorrectCredencials(loginLogoutDataDriveTesintUsingTestNG.java:53)
	at sun.reflect.NativeMethodAccessorImpl.invoke0(Native Method)
	at sun.reflect.NativeMethodAccessorImpl.invoke(NativeMethodAccessorImpl.java:62)
	at sun.reflect.DelegatingMethodAccessorImpl.invoke(DelegatingMethodAccessorImpl.java:43)
	at java.lang.reflect.Method.invoke(Method.java:498)
	at org.testng.internal.MethodInvocationHelper.invokeMethod(MethodInvocationHelper.java:80)
	at org.testng.internal.Invoker.invokeMethod(Invoker.java:714)
	at org.testng.internal.Invoker.invokeTestMethod(Invoker.java:901)
	at org.testng.internal.Invoker.invokeTestMethods(Invoker.java:1231)
	at org.testng.internal.TestMethodWorker.invokeTestMethods(TestMethodWorker.java:127)
	at org.testng.internal.TestMethodWorker.run(TestMethodWorker.java:111)
	at org.testng.TestRunner.privateRun(TestRunner.java:767)
	at org.testng.TestRunner.run(TestRunner.java:617)
	at org.testng.SuiteRunner.runTest(SuiteRunner.java:334)
	at org.testng.SuiteRunner.runSequentially(SuiteRunner.java:329)
	at org.testng.SuiteRunner.privateRun(SuiteRunner.java:291)
	at org.testng.SuiteRunner.run(SuiteRunner.java:240)
	at org.testng.SuiteRunnerWorker.runSuite(SuiteRunnerWorker.java:52)
	at org.testng.SuiteRunnerWorker.run(SuiteRunnerWorker.java:86)
	at org.testng.TestNG.runSuitesSequentially(TestNG.java:1198)
	at org.testng.TestNG.runSuitesLocally(TestNG.java:1123)
	at org.testng.TestNG.run(TestNG.java:1031)
	at org.testng.remote.AbstractRemoteTestNG.run(AbstractRemoteTestNG.java:132)
	at org.testng.remote.RemoteTestNG.initAndRun(RemoteTestNG.java:236)
	at org.testng.remote.RemoteTestNG.main(RemoteTestNG.java:81)
"</b><br>org.testng.Assert.fail(Assert.java:94)<br>org.testng.Assert.fail(Assert.java:101)<br>testNG.loginLogoutDataDriveTesintUsingTestNG.loginLogoutTestWithCorrectCredencials(loginLogoutDataDriveTesintUsingTestNG.java:53)<br>sun.reflect.NativeMethodAccessorImpl.invoke0(Native Method)<br>sun.reflect.NativeMethodAccessorImpl.invoke(NativeMethodAccessorImpl.java:62)<br>sun.reflect.DelegatingMethodAccessorImpl.invoke(DelegatingMethodAccessorImpl.java:43)<br>java.lang.reflect.Method.invoke(Method.java:498)<br>org.testng.internal.MethodInvocationHelper.invokeMethod(MethodInvocationHelper.java:80)<br>org.testng.internal.Invoker.invokeMethod(Invoker.java:714)<br>org.testng.internal.Invoker.invokeTestMethod(Invoker.java:901)<br>org.testng.internal.Invoker.invokeTestMethods(Invoker.java:1231)<br>org.testng.internal.TestMethodWorker.invokeTestMethods(TestMethodWorker.java:127)<br>org.testng.internal.TestMethodWorker.run(TestMethodWorker.java:111)<br>org.testng.TestRunner.privateRun(TestRunner.java:767)<br>org.testng.TestRunner.run(TestRunner.java:617)<br>org.testng.SuiteRunner.runTest(SuiteRunner.java:334)<br>org.testng.SuiteRunner.runSequentially(SuiteRunner.java:329)<br>org.testng.SuiteRunner.privateRun(SuiteRunner.java:291)<br>org.testng.SuiteRunner.run(SuiteRunner.java:240)<br>org.testng.SuiteRunnerWorker.runSuite(SuiteRunnerWorker.java:52)<br>org.testng.SuiteRunnerWorker.run(SuiteRunnerWorker.java:86)<br>org.testng.TestNG.runSuitesSequentially(TestNG.java:1198)<br>org.testng.TestNG.runSuitesLocally(TestNG.java:1123)<br>org.testng.TestNG.run(TestNG.java:1031)<br>org.testng.remote.AbstractRemoteTestNG.run(AbstractRemoteTestNG.java:132)<br>org.testng.remote.RemoteTestNG.initAndRun(RemoteTestNG.java:236)<br>org.testng.remote.RemoteTestNG.main(RemoteTestNG.java:81)<br>
</div> <!-- stack-trace -->
                </div> <!-- method-content -->
              </div> <!-- method -->
              <div class="method">
                <div class="method-content">
                  <a name="loginLogoutTestWtihIncorrectCredencials(c, c)">
                  </a> <!-- loginLogoutTestWtihIncorrectCredencials(c, c) -->
                  <span class="method-name">loginLogoutTestWtihIncorrectCredencials</span>
                  <span class="parameters">(c, c)</span>
                  <div class="stack-trace"><b>"java.lang.AssertionError: null
	at testNG.loginLogoutDataDriveTesintUsingTestNG.loginLogoutTestWtihIncorrectCredencials(loginLogoutDataDriveTesintUsingTestNG.java:83)
... Removed 26 stack frames<br/> java.lang.AssertionError: null
	at org.testng.Assert.fail(Assert.java:94)
	at org.testng.Assert.fail(Assert.java:101)
	at testNG.loginLogoutDataDriveTesintUsingTestNG.loginLogoutTestWtihIncorrectCredencials(loginLogoutDataDriveTesintUsingTestNG.java:83)
	at sun.reflect.NativeMethodAccessorImpl.invoke0(Native Method)
	at sun.reflect.NativeMethodAccessorImpl.invoke(NativeMethodAccessorImpl.java:62)
	at sun.reflect.DelegatingMethodAccessorImpl.invoke(DelegatingMethodAccessorImpl.java:43)
	at java.lang.reflect.Method.invoke(Method.java:498)
	at org.testng.internal.MethodInvocationHelper.invokeMethod(MethodInvocationHelper.java:80)
	at org.testng.internal.Invoker.invokeMethod(Invoker.java:714)
	at org.testng.internal.Invoker.invokeTestMethod(Invoker.java:901)
	at org.testng.internal.Invoker.invokeTestMethods(Invoker.java:1231)
	at org.testng.internal.TestMethodWorker.invokeTestMethods(TestMethodWorker.java:127)
	at org.testng.internal.TestMethodWorker.run(TestMethodWorker.java:111)
	at org.testng.TestRunner.privateRun(TestRunner.java:767)
	at org.testng.TestRunner.run(TestRunner.java:617)
	at org.testng.SuiteRunner.runTest(SuiteRunner.java:334)
	at org.testng.SuiteRunner.runSequentially(SuiteRunner.java:329)
	at org.testng.SuiteRunner.privateRun(SuiteRunner.java:291)
	at org.testng.SuiteRunner.run(SuiteRunner.java:240)
	at org.testng.SuiteRunnerWorker.runSuite(SuiteRunnerWorker.java:52)
	at org.testng.SuiteRunnerWorker.run(SuiteRunnerWorker.java:86)
	at org.testng.TestNG.runSuitesSequentially(TestNG.java:1198)
	at org.testng.TestNG.runSuitesLocally(TestNG.java:1123)
	at org.testng.TestNG.run(TestNG.java:1031)
	at org.testng.remote.AbstractRemoteTestNG.run(AbstractRemoteTestNG.java:132)
	at org.testng.remote.RemoteTestNG.initAndRun(RemoteTestNG.java:236)
	at org.testng.remote.RemoteTestNG.main(RemoteTestNG.java:81)
"</b><br>org.testng.Assert.fail(Assert.java:94)<br>org.testng.Assert.fail(Assert.java:101)<br>testNG.loginLogoutDataDriveTesintUsingTestNG.loginLogoutTestWtihIncorrectCredencials(loginLogoutDataDriveTesintUsingTestNG.java:83)<br>sun.reflect.NativeMethodAccessorImpl.invoke0(Native Method)<br>sun.reflect.NativeMethodAccessorImpl.invoke(NativeMethodAccessorImpl.java:62)<br>sun.reflect.DelegatingMethodAccessorImpl.invoke(DelegatingMethodAccessorImpl.java:43)<br>java.lang.reflect.Method.invoke(Method.java:498)<br>org.testng.internal.MethodInvocationHelper.invokeMethod(MethodInvocationHelper.java:80)<br>org.testng.internal.Invoker.invokeMethod(Invoker.java:714)<br>org.testng.internal.Invoker.invokeTestMethod(Invoker.java:901)<br>org.testng.internal.Invoker.invokeTestMethods(Invoker.java:1231)<br>org.testng.internal.TestMethodWorker.invokeTestMethods(TestMethodWorker.java:127)<br>org.testng.internal.TestMethodWorker.run(TestMethodWorker.java:111)<br>org.testng.TestRunner.privateRun(TestRunner.java:767)<br>org.testng.TestRunner.run(TestRunner.java:617)<br>org.testng.SuiteRunner.runTest(SuiteRunner.java:334)<br>org.testng.SuiteRunner.runSequentially(SuiteRunner.java:329)<br>org.testng.SuiteRunner.privateRun(SuiteRunner.java:291)<br>org.testng.SuiteRunner.run(SuiteRunner.java:240)<br>org.testng.SuiteRunnerWorker.runSuite(SuiteRunnerWorker.java:52)<br>org.testng.SuiteRunnerWorker.run(SuiteRunnerWorker.java:86)<br>org.testng.TestNG.runSuitesSequentially(TestNG.java:1198)<br>org.testng.TestNG.runSuitesLocally(TestNG.java:1123)<br>org.testng.TestNG.run(TestNG.java:1031)<br>org.testng.remote.AbstractRemoteTestNG.run(AbstractRemoteTestNG.java:132)<br>org.testng.remote.RemoteTestNG.initAndRun(RemoteTestNG.java:236)<br>org.testng.remote.RemoteTestNG.main(RemoteTestNG.java:81)<br>
</div> <!-- stack-trace -->
                </div> <!-- method-content -->
              </div> <!-- method -->
            </div> <!-- main-panel-content rounded-window-bottom -->
          </div> <!-- suite-Suite-class-failed -->
          <div class="suite-Suite-class-skipped">
            <div class="main-panel-header rounded-window-top">
              <img src="skipped.png"/>
              <span class="class-name">TestersGroupID.TestNGArtifactID.PriorityAndDependsOn</span>
            </div> <!-- main-panel-header rounded-window-top -->
            <div class="main-panel-content rounded-window-bottom">
              <div class="method">
                <div class="method-content">
                  <a name="emailTest1">
                  </a> <!-- emailTest1 -->
                  <span class="method-name">emailTest1</span>
                </div> <!-- method-content -->
              </div> <!-- method -->
              <div class="method">
                <div class="method-content">
                  <a name="emailTest1">
                  </a> <!-- emailTest1 -->
                  <span class="method-name">emailTest1</span>
                </div> <!-- method-content -->
              </div> <!-- method -->
              <div class="method">
                <div class="method-content">
                  <a name="emailTest1">
                  </a> <!-- emailTest1 -->
                  <span class="method-name">emailTest1</span>
                </div> <!-- method-content -->
              </div> <!-- method -->
              <div class="method">
                <div class="method-content">
                  <a name="emailTest1">
                  </a> <!-- emailTest1 -->
                  <span class="method-name">emailTest1</span>
                </div> <!-- method-content -->
              </div> <!-- method -->
              <div class="method">
                <div class="method-content">
                  <a name="emailTest3">
                  </a> <!-- emailTest3 -->
                  <span class="method-name">emailTest3</span>
                </div> <!-- method-content -->
              </div> <!-- method -->
              <div class="method">
                <div class="method-content">
                  <a name="emailTest3">
                  </a> <!-- emailTest3 -->
                  <span class="method-name">emailTest3</span>
                </div> <!-- method-content -->
              </div> <!-- method -->
              <div class="method">
                <div class="method-content">
                  <a name="emailTest3">
                  </a> <!-- emailTest3 -->
                  <span class="method-name">emailTest3</span>
                </div> <!-- method-content -->
              </div> <!-- method -->
              <div class="method">
                <div class="method-content">
                  <a name="emailTest3">
                  </a> <!-- emailTest3 -->
                  <span class="method-name">emailTest3</span>
                </div> <!-- method-content -->
              </div> <!-- method -->
              <div class="method">
                <div class="method-content">
                  <a name="phoneTest4">
                  </a> <!-- phoneTest4 -->
                  <span class="method-name">phoneTest4</span>
                </div> <!-- method-content -->
              </div> <!-- method -->
              <div class="method">
                <div class="method-content">
                  <a name="phoneTest4">
                  </a> <!-- phoneTest4 -->
                  <span class="method-name">phoneTest4</span>
                </div> <!-- method-content -->
              </div> <!-- method -->
              <div class="method">
                <div class="method-content">
                  <a name="phoneTest4">
                  </a> <!-- phoneTest4 -->
                  <span class="method-name">phoneTest4</span>
                </div> <!-- method-content -->
              </div> <!-- method -->
              <div class="method">
                <div class="method-content">
                  <a name="phoneTest4">
                  </a> <!-- phoneTest4 -->
                  <span class="method-name">phoneTest4</span>
                </div> <!-- method-content -->
              </div> <!-- method -->
            </div> <!-- main-panel-content rounded-window-bottom -->
          </div> <!-- suite-Suite-class-skipped -->
          <div class="suite-Suite-class-passed">
            <div class="main-panel-header rounded-window-top">
              <img src="passed.png"/>
              <span class="class-name">testNG.TestNGAnnotaionsWithLoginLogoutExample</span>
            </div> <!-- main-panel-header rounded-window-top -->
            <div class="main-panel-content rounded-window-bottom">
              <div class="method">
                <div class="method-content">
                  <a name="logonLogoutTestFor1">
                  </a> <!-- logonLogoutTestFor1 -->
                  <span class="method-name">logonLogoutTestFor1</span>
                </div> <!-- method-content -->
              </div> <!-- method -->
              <div class="method">
                <div class="method-content">
                  <a name="logonLogoutTestFor2">
                  </a> <!-- logonLogoutTestFor2 -->
                  <span class="method-name">logonLogoutTestFor2</span>
                </div> <!-- method-content -->
              </div> <!-- method -->
            </div> <!-- main-panel-content rounded-window-bottom -->
          </div> <!-- suite-Suite-class-passed -->
          <div class="suite-Suite-class-passed">
            <div class="main-panel-header rounded-window-top">
              <img src="passed.png"/>
              <span class="class-name">TestersGroupID.TestNGArtifactID.PassingParameter</span>
            </div> <!-- main-panel-header rounded-window-top -->
            <div class="main-panel-content rounded-window-bottom">
              <div class="method">
                <div class="method-content">
                  <a name="myTestCase">
                  </a> <!-- myTestCase -->
                  <span class="method-name">myTestCase</span>
                </div> <!-- method-content -->
              </div> <!-- method -->
              <div class="method">
                <div class="method-content">
                  <a name="myTestCase">
                  </a> <!-- myTestCase -->
                  <span class="method-name">myTestCase</span>
                </div> <!-- method-content -->
              </div> <!-- method -->
              <div class="method">
                <div class="method-content">
                  <a name="myTestCase">
                  </a> <!-- myTestCase -->
                  <span class="method-name">myTestCase</span>
                </div> <!-- method-content -->
              </div> <!-- method -->
            </div> <!-- main-panel-content rounded-window-bottom -->
          </div> <!-- suite-Suite-class-passed -->
          <div class="suite-Suite-class-passed">
            <div class="main-panel-header rounded-window-top">
              <img src="passed.png"/>
              <span class="class-name">TestersGroupID.TestNGArtifactID.PriorityAndDependsOn</span>
            </div> <!-- main-panel-header rounded-window-top -->
            <div class="main-panel-content rounded-window-bottom">
              <div class="method">
                <div class="method-content">
                  <a name="emailTest4">
                  </a> <!-- emailTest4 -->
                  <span class="method-name">emailTest4</span>
                </div> <!-- method-content -->
              </div> <!-- method -->
              <div class="method">
                <div class="method-content">
                  <a name="emailTest4">
                  </a> <!-- emailTest4 -->
                  <span class="method-name">emailTest4</span>
                </div> <!-- method-content -->
              </div> <!-- method -->
              <div class="method">
                <div class="method-content">
                  <a name="emailTest4">
                  </a> <!-- emailTest4 -->
                  <span class="method-name">emailTest4</span>
                </div> <!-- method-content -->
              </div> <!-- method -->
              <div class="method">
                <div class="method-content">
                  <a name="emailTest4">
                  </a> <!-- emailTest4 -->
                  <span class="method-name">emailTest4</span>
                </div> <!-- method-content -->
              </div> <!-- method -->
              <div class="method">
                <div class="method-content">
                  <a name="phoneTest1">
                  </a> <!-- phoneTest1 -->
                  <span class="method-name">phoneTest1</span>
                </div> <!-- method-content -->
              </div> <!-- method -->
              <div class="method">
                <div class="method-content">
                  <a name="phoneTest1">
                  </a> <!-- phoneTest1 -->
                  <span class="method-name">phoneTest1</span>
                </div> <!-- method-content -->
              </div> <!-- method -->
              <div class="method">
                <div class="method-content">
                  <a name="phoneTest1">
                  </a> <!-- phoneTest1 -->
                  <span class="method-name">phoneTest1</span>
                </div> <!-- method-content -->
              </div> <!-- method -->
              <div class="method">
                <div class="method-content">
                  <a name="phoneTest1">
                  </a> <!-- phoneTest1 -->
                  <span class="method-name">phoneTest1</span>
                </div> <!-- method-content -->
              </div> <!-- method -->
              <div class="method">
                <div class="method-content">
                  <a name="phoneTest2">
                  </a> <!-- phoneTest2 -->
                  <span class="method-name">phoneTest2</span>
                </div> <!-- method-content -->
              </div> <!-- method -->
              <div class="method">
                <div class="method-content">
                  <a name="phoneTest2">
                  </a> <!-- phoneTest2 -->
                  <span class="method-name">phoneTest2</span>
                </div> <!-- method-content -->
              </div> <!-- method -->
              <div class="method">
                <div class="method-content">
                  <a name="phoneTest2">
                  </a> <!-- phoneTest2 -->
                  <span class="method-name">phoneTest2</span>
                </div> <!-- method-content -->
              </div> <!-- method -->
              <div class="method">
                <div class="method-content">
                  <a name="phoneTest2">
                  </a> <!-- phoneTest2 -->
                  <span class="method-name">phoneTest2</span>
                </div> <!-- method-content -->
              </div> <!-- method -->
              <div class="method">
                <div class="method-content">
                  <a name="phoneTest3">
                  </a> <!-- phoneTest3 -->
                  <span class="method-name">phoneTest3</span>
                </div> <!-- method-content -->
              </div> <!-- method -->
              <div class="method">
                <div class="method-content">
                  <a name="phoneTest3">
                  </a> <!-- phoneTest3 -->
                  <span class="method-name">phoneTest3</span>
                </div> <!-- method-content -->
              </div> <!-- method -->
              <div class="method">
                <div class="method-content">
                  <a name="phoneTest3">
                  </a> <!-- phoneTest3 -->
                  <span class="method-name">phoneTest3</span>
                </div> <!-- method-content -->
              </div> <!-- method -->
              <div class="method">
                <div class="method-content">
                  <a name="phoneTest3">
                  </a> <!-- phoneTest3 -->
                  <span class="method-name">phoneTest3</span>
                </div> <!-- method-content -->
              </div> <!-- method -->
            </div> <!-- main-panel-content rounded-window-bottom -->
          </div> <!-- suite-Suite-class-passed -->
          <div class="suite-Suite-class-passed">
            <div class="main-panel-header rounded-window-top">
              <img src="passed.png"/>
              <span class="class-name">testNG.RegistrationToBackendIntegerationTestUsingTestNG</span>
            </div> <!-- main-panel-header rounded-window-top -->
            <div class="main-panel-content rounded-window-bottom">
              <div class="method">
                <div class="method-content">
                  <a name="chekcRegistrationPageIsWorkingWithBackend">
                  </a> <!-- chekcRegistrationPageIsWorkingWithBackend -->
                  <span class="method-name">chekcRegistrationPageIsWorkingWithBackend</span>
                </div> <!-- method-content -->
              </div> <!-- method -->
            </div> <!-- main-panel-content rounded-window-bottom -->
          </div> <!-- suite-Suite-class-passed -->
          <div class="suite-Suite-class-passed">
            <div class="main-panel-header rounded-window-top">
              <img src="passed.png"/>
              <span class="class-name">TestersGroupID.TestNGArtifactID.LoginTest</span>
            </div> <!-- main-panel-header rounded-window-top -->
            <div class="main-panel-content rounded-window-bottom">
              <div class="method">
                <div class="method-content">
                  <a name="loginTestWithCorrectCredencials">
                  </a> <!-- loginTestWithCorrectCredencials -->
                  <span class="method-name">loginTestWithCorrectCredencials</span>
                </div> <!-- method-content -->
              </div> <!-- method -->
              <div class="method">
                <div class="method-content">
                  <a name="loginTestWithCorrectCredencials">
                  </a> <!-- loginTestWithCorrectCredencials -->
                  <span class="method-name">loginTestWithCorrectCredencials</span>
                </div> <!-- method-content -->
              </div> <!-- method -->
              <div class="method">
                <div class="method-content">
                  <a name="loginTestWithCorrectCredencials">
                  </a> <!-- loginTestWithCorrectCredencials -->
                  <span class="method-name">loginTestWithCorrectCredencials</span>
                </div> <!-- method-content -->
              </div> <!-- method -->
              <div class="method">
                <div class="method-content">
                  <a name="loginTestWithCorrectCredencials">
                  </a> <!-- loginTestWithCorrectCredencials -->
                  <span class="method-name">loginTestWithCorrectCredencials</span>
                </div> <!-- method-content -->
              </div> <!-- method -->
              <div class="method">
                <div class="method-content">
                  <a name="loginTestWithWrongCredencials">
                  </a> <!-- loginTestWithWrongCredencials -->
                  <span class="method-name">loginTestWithWrongCredencials</span>
                </div> <!-- method-content -->
              </div> <!-- method -->
              <div class="method">
                <div class="method-content">
                  <a name="loginTestWithWrongCredencials">
                  </a> <!-- loginTestWithWrongCredencials -->
                  <span class="method-name">loginTestWithWrongCredencials</span>
                </div> <!-- method-content -->
              </div> <!-- method -->
              <div class="method">
                <div class="method-content">
                  <a name="loginTestWithWrongCredencials">
                  </a> <!-- loginTestWithWrongCredencials -->
                  <span class="method-name">loginTestWithWrongCredencials</span>
                </div> <!-- method-content -->
              </div> <!-- method -->
            </div> <!-- main-panel-content rounded-window-bottom -->
          </div> <!-- suite-Suite-class-passed -->
          <div class="suite-Suite-class-passed">
            <div class="main-panel-header rounded-window-top">
              <img src="passed.png"/>
              <span class="class-name">grouping.TestGroup</span>
            </div> <!-- main-panel-header rounded-window-top -->
            <div class="main-panel-content rounded-window-bottom">
              <div class="method">
                <div class="method-content">
                  <a name="testConnectMsSQL">
                  </a> <!-- testConnectMsSQL -->
                  <span class="method-name">testConnectMsSQL</span>
                </div> <!-- method-content -->
              </div> <!-- method -->
              <div class="method">
                <div class="method-content">
                  <a name="testConnectOracle">
                  </a> <!-- testConnectOracle -->
                  <span class="method-name">testConnectOracle</span>
                </div> <!-- method-content -->
              </div> <!-- method -->
            </div> <!-- main-panel-content rounded-window-bottom -->
          </div> <!-- suite-Suite-class-passed -->
          <div class="suite-Suite-class-passed">
            <div class="main-panel-header rounded-window-top">
              <img src="passed.png"/>
              <span class="class-name">testNG.loginLogoutDataDriveTesintUsingTestNG</span>
            </div> <!-- main-panel-header rounded-window-top -->
            <div class="main-panel-content rounded-window-bottom">
              <div class="method">
                <div class="method-content">
                  <a name="loginLogoutTestWithCorrectCredencials(b, b)">
                  </a> <!-- loginLogoutTestWithCorrectCredencials(b, b) -->
                  <span class="method-name">loginLogoutTestWithCorrectCredencials</span>
                  <span class="parameters">(b, b)</span>
                </div> <!-- method-content -->
              </div> <!-- method -->
              <div class="method">
                <div class="method-content">
                  <a name="loginLogoutTestWithCorrectCredencials(e, e)">
                  </a> <!-- loginLogoutTestWithCorrectCredencials(e, e) -->
                  <span class="method-name">loginLogoutTestWithCorrectCredencials</span>
                  <span class="parameters">(e, e)</span>
                </div> <!-- method-content -->
              </div> <!-- method -->
              <div class="method">
                <div class="method-content">
                  <a name="loginLogoutTestWithCorrectCredencials(a, a)">
                  </a> <!-- loginLogoutTestWithCorrectCredencials(a, a) -->
                  <span class="method-name">loginLogoutTestWithCorrectCredencials</span>
                  <span class="parameters">(a, a)</span>
                </div> <!-- method-content -->
              </div> <!-- method -->
              <div class="method">
                <div class="method-content">
                  <a name="loginLogoutTestWithCorrectCredencials(c, c)">
                  </a> <!-- loginLogoutTestWithCorrectCredencials(c, c) -->
                  <span class="method-name">loginLogoutTestWithCorrectCredencials</span>
                  <span class="parameters">(c, c)</span>
                </div> <!-- method-content -->
              </div> <!-- method -->
              <div class="method">
                <div class="method-content">
                  <a name="loginLogoutTestWtihIncorrectCredencials(f#$#$#, f)">
                  </a> <!-- loginLogoutTestWtihIncorrectCredencials(f#$#$#, f) -->
                  <span class="method-name">loginLogoutTestWtihIncorrectCredencials</span>
                  <span class="parameters">(f#$#$#, f)</span>
                </div> <!-- method-content -->
              </div> <!-- method -->
              <div class="method">
                <div class="method-content">
                  <a name="loginLogoutTestWtihIncorrectCredencials(awerew, a)">
                  </a> <!-- loginLogoutTestWtihIncorrectCredencials(awerew, a) -->
                  <span class="method-name">loginLogoutTestWtihIncorrectCredencials</span>
                  <span class="parameters">(awerew, a)</span>
                </div> <!-- method-content -->
              </div> <!-- method -->
              <div class="method">
                <div class="method-content">
                  <a name="loginLogoutTestWtihIncorrectCredencials(d%^7rtyrty, d)">
                  </a> <!-- loginLogoutTestWtihIncorrectCredencials(d%^7rtyrty, d) -->
                  <span class="method-name">loginLogoutTestWtihIncorrectCredencials</span>
                  <span class="parameters">(d%^7rtyrty, d)</span>
                </div> <!-- method-content -->
              </div> <!-- method -->
              <div class="method">
                <div class="method-content">
                  <a name="loginLogoutTestWtihIncorrectCredencials( , b)">
                  </a> <!-- loginLogoutTestWtihIncorrectCredencials( , b) -->
                  <span class="method-name">loginLogoutTestWtihIncorrectCredencials</span>
                  <span class="parameters">( , b)</span>
                </div> <!-- method-content -->
              </div> <!-- method -->
              <div class="method">
                <div class="method-content">
                  <a name="loginLogoutTestWtihIncorrectCredencials(e13311, e)">
                  </a> <!-- loginLogoutTestWtihIncorrectCredencials(e13311, e) -->
                  <span class="method-name">loginLogoutTestWtihIncorrectCredencials</span>
                  <span class="parameters">(e13311, e)</span>
                </div> <!-- method-content -->
              </div> <!-- method -->
            </div> <!-- main-panel-content rounded-window-bottom -->
          </div> <!-- suite-Suite-class-passed -->
        </div> <!-- panel Suite -->
        <div panel-name="test-xml-Suite" class="panel">
          <div class="main-panel-header rounded-window-top">
            <span class="header-content">C:\Users\solomon\git\Selenium\TestNGArtifactID\src\test\java\SuiteMaster.xml</span>
          </div> <!-- main-panel-header rounded-window-top -->
          <div class="main-panel-content rounded-window-bottom">
            <pre>
&lt;?xml version=&quot;1.0&quot; encoding=&quot;UTF-8&quot;?&gt;
&lt;!DOCTYPE suite SYSTEM &quot;http://testng.org/testng-1.0.dtd&quot;&gt;
&lt;suite thread-count=&quot;10&quot; name=&quot;Suite&quot;&gt;
  &lt;parameter name=&quot;browserName&quot; value=&quot;IE&quot;/&gt;
  &lt;test name=&quot;Test Case 1 &quot;&gt;
    &lt;parameter name=&quot;browserName&quot; value=&quot;Chrome&quot;/&gt;
    &lt;parameter name=&quot;userName&quot; value=&quot;Solomon A&quot;/&gt;
    &lt;classes&gt;
      &lt;class name=&quot;TestersGroupID.TestNGArtifactID.LoginTest&quot;&gt;
        &lt;methods&gt;
          &lt;include name=&quot;loginTestWithCorrectCredencials&quot;/&gt;
        &lt;/methods&gt;
      &lt;/class&gt; &lt;!-- TestersGroupID.TestNGArtifactID.LoginTest --&gt;
      &lt;class name=&quot;TestersGroupID.TestNGArtifactID.PriorityAndDependsOn&quot;/&gt;
      &lt;class name=&quot;TestersGroupID.TestNGArtifactID.PassingParameter&quot;/&gt;
    &lt;/classes&gt;
  &lt;/test&gt; &lt;!-- Test Case 1  --&gt;
  &lt;test name=&quot;Test Case 2 &quot;&gt;
    &lt;classes&gt;
      &lt;class name=&quot;TestersGroupID.TestNGArtifactID.LoginTest&quot;/&gt;
      &lt;class name=&quot;TestersGroupID.TestNGArtifactID.PriorityAndDependsOn&quot;/&gt;
      &lt;class name=&quot;TestersGroupID.TestNGArtifactID.PassingParameter&quot;/&gt;
    &lt;/classes&gt;
  &lt;/test&gt; &lt;!-- Test Case 2  --&gt;
  &lt;test name=&quot;Test Case 3 &quot;&gt;
    &lt;parameter name=&quot;userName&quot; value=&quot;Solomon A&quot;/&gt;
    &lt;classes&gt;
      &lt;class name=&quot;TestersGroupID.TestNGArtifactID.LoginTest&quot;/&gt;
      &lt;class name=&quot;TestersGroupID.TestNGArtifactID.PriorityAndDependsOn&quot;/&gt;
      &lt;class name=&quot;TestersGroupID.TestNGArtifactID.PassingParameter&quot;/&gt;
    &lt;/classes&gt;
  &lt;/test&gt; &lt;!-- Test Case 3  --&gt;
  &lt;test name=&quot;Test Case 4 &quot;&gt;
    &lt;classes&gt;
      &lt;class name=&quot;TestersGroupID.TestNGArtifactID.LoginTest&quot;/&gt;
      &lt;class name=&quot;TestersGroupID.TestNGArtifactID.PriorityAndDependsOn&quot;/&gt;
    &lt;/classes&gt;
  &lt;/test&gt; &lt;!-- Test Case 4  --&gt;
  &lt;test name=&quot;Test Case 5 &quot;&gt;
    &lt;groups&gt;
      &lt;run&gt;
        &lt;include name=&quot;database&quot;/&gt;
      &lt;/run&gt;
    &lt;/groups&gt;
    &lt;classes&gt;
      &lt;class name=&quot;grouping.TestGroup&quot;/&gt;
      &lt;class name=&quot;grouping.TestSelenium&quot;/&gt;
    &lt;/classes&gt;
  &lt;/test&gt; &lt;!-- Test Case 5  --&gt;
  &lt;test name=&quot;Test Case 6 &quot;&gt;
    &lt;classes&gt;
      &lt;class name=&quot;testNG.loginLogoutDataDriveTesintUsingTestNG&quot;/&gt;
      &lt;class name=&quot;testNG.RegistrationToBackendIntegerationTestUsingTestNG&quot;/&gt;
      &lt;class name=&quot;testNG.TestNGAnnotaionsWithLoginLogoutExample&quot;/&gt;
    &lt;/classes&gt;
  &lt;/test&gt; &lt;!-- Test Case 6  --&gt;
&lt;/suite&gt; &lt;!-- Suite --&gt;
            </pre>
          </div> <!-- main-panel-content rounded-window-bottom -->
        </div> <!-- panel -->
        <div panel-name="testlist-Suite" class="panel">
          <div class="main-panel-header rounded-window-top">
            <span class="header-content">Tests for Suite</span>
          </div> <!-- main-panel-header rounded-window-top -->
          <div class="main-panel-content rounded-window-bottom">
            <ul>
              <li>
                <span class="test-name">Test Case 1  (3 classes)</span>
              </li>
              <li>
                <span class="test-name">Test Case 2  (3 classes)</span>
              </li>
              <li>
                <span class="test-name">Test Case 3  (3 classes)</span>
              </li>
              <li>
                <span class="test-name">Test Case 4  (2 classes)</span>
              </li>
              <li>
                <span class="test-name">Test Case 5  (2 classes)</span>
              </li>
              <li>
                <span class="test-name">Test Case 6  (3 classes)</span>
              </li>
            </ul>
          </div> <!-- main-panel-content rounded-window-bottom -->
        </div> <!-- panel -->
        <div panel-name="group-Suite" class="panel">
          <div class="main-panel-header rounded-window-top">
            <span class="header-content">Groups for Suite</span>
          </div> <!-- main-panel-header rounded-window-top -->
          <div class="main-panel-content rounded-window-bottom">
            <div class="test-group">
              <span class="test-group-name">database</span>
              <br/>
              <div class="method-in-group">
                <span class="method-in-group-name">testConnectMsSQL</span>
                <br/>
              </div> <!-- method-in-group -->
              <div class="method-in-group">
                <span class="method-in-group-name">testConnectOracle</span>
                <br/>
              </div> <!-- method-in-group -->
            </div> <!-- test-group -->
          </div> <!-- main-panel-content rounded-window-bottom -->
        </div> <!-- panel -->
        <div panel-name="times-Suite" class="panel">
          <div class="main-panel-header rounded-window-top">
            <span class="header-content">Times for Suite</span>
          </div> <!-- main-panel-header rounded-window-top -->
          <div class="main-panel-content rounded-window-bottom">
            <div class="times-div">
              <script type="text/javascript">
suiteTableInitFunctions.push('tableData_Suite');
function tableData_Suite() {
var data = new google.visualization.DataTable();
data.addColumn('number', 'Number');
data.addColumn('string', 'Method');
data.addColumn('string', 'Class');
data.addColumn('number', 'Time (ms)');
data.addRows(63);
data.setCell(0, 0, 0)
data.setCell(0, 1, 'loginLogoutTestWtihIncorrectCredencials')
data.setCell(0, 2, 'testNG.loginLogoutDataDriveTesintUsingTestNG')
data.setCell(0, 3, 9804);
data.setCell(1, 0, 1)
data.setCell(1, 1, 'loginLogoutTestWtihIncorrectCredencials')
data.setCell(1, 2, 'testNG.loginLogoutDataDriveTesintUsingTestNG')
data.setCell(1, 3, 6189);
data.setCell(2, 0, 2)
data.setCell(2, 1, 'loginLogoutTestWtihIncorrectCredencials')
data.setCell(2, 2, 'testNG.loginLogoutDataDriveTesintUsingTestNG')
data.setCell(2, 3, 6069);
data.setCell(3, 0, 3)
data.setCell(3, 1, 'loginLogoutTestWtihIncorrectCredencials')
data.setCell(3, 2, 'testNG.loginLogoutDataDriveTesintUsingTestNG')
data.setCell(3, 3, 6052);
data.setCell(4, 0, 4)
data.setCell(4, 1, 'loginLogoutTestWtihIncorrectCredencials')
data.setCell(4, 2, 'testNG.loginLogoutDataDriveTesintUsingTestNG')
data.setCell(4, 3, 6037);
data.setCell(5, 0, 5)
data.setCell(5, 1, 'loginLogoutTestWithCorrectCredencials')
data.setCell(5, 2, 'testNG.loginLogoutDataDriveTesintUsingTestNG')
data.setCell(5, 3, 6025);
data.setCell(6, 0, 6)
data.setCell(6, 1, 'loginLogoutTestWithCorrectCredencials')
data.setCell(6, 2, 'testNG.loginLogoutDataDriveTesintUsingTestNG')
data.setCell(6, 3, 5959);
data.setCell(7, 0, 7)
data.setCell(7, 1, 'loginLogoutTestWithCorrectCredencials')
data.setCell(7, 2, 'testNG.loginLogoutDataDriveTesintUsingTestNG')
data.setCell(7, 3, 3213);
data.setCell(8, 0, 8)
data.setCell(8, 1, 'loginLogoutTestWithCorrectCredencials')
data.setCell(8, 2, 'testNG.loginLogoutDataDriveTesintUsingTestNG')
data.setCell(8, 3, 3081);
data.setCell(9, 0, 9)
data.setCell(9, 1, 'loginLogoutTestWtihIncorrectCredencials')
data.setCell(9, 2, 'testNG.loginLogoutDataDriveTesintUsingTestNG')
data.setCell(9, 3, 3076);
data.setCell(10, 0, 10)
data.setCell(10, 1, 'loginLogoutTestWithCorrectCredencials')
data.setCell(10, 2, 'testNG.loginLogoutDataDriveTesintUsingTestNG')
data.setCell(10, 3, 3048);
data.setCell(11, 0, 11)
data.setCell(11, 1, 'logonLogoutTestFor1')
data.setCell(11, 2, 'testNG.TestNGAnnotaionsWithLoginLogoutExample')
data.setCell(11, 3, 3028);
data.setCell(12, 0, 12)
data.setCell(12, 1, 'loginLogoutTestWithCorrectCredencials')
data.setCell(12, 2, 'testNG.loginLogoutDataDriveTesintUsingTestNG')
data.setCell(12, 3, 2995);
data.setCell(13, 0, 13)
data.setCell(13, 1, 'logonLogoutTestFor2')
data.setCell(13, 2, 'testNG.TestNGAnnotaionsWithLoginLogoutExample')
data.setCell(13, 3, 2855);
data.setCell(14, 0, 14)
data.setCell(14, 1, 'logonLogoutTestFor4')
data.setCell(14, 2, 'testNG.TestNGAnnotaionsWithLoginLogoutExample')
data.setCell(14, 3, 958);
data.setCell(15, 0, 15)
data.setCell(15, 1, 'logonLogoutTestFor3')
data.setCell(15, 2, 'testNG.TestNGAnnotaionsWithLoginLogoutExample')
data.setCell(15, 3, 930);
data.setCell(16, 0, 16)
data.setCell(16, 1, 'chekcRegistrationPageIsWorkingWithBackend')
data.setCell(16, 2, 'testNG.RegistrationToBackendIntegerationTestUsingTestNG')
data.setCell(16, 3, 790);
data.setCell(17, 0, 17)
data.setCell(17, 1, 'logonLogoutTestFor5')
data.setCell(17, 2, 'testNG.TestNGAnnotaionsWithLoginLogoutExample')
data.setCell(17, 3, 322);
data.setCell(18, 0, 18)
data.setCell(18, 1, 'emailTest2')
data.setCell(18, 2, 'TestersGroupID.TestNGArtifactID.PriorityAndDependsOn')
data.setCell(18, 3, 26);
data.setCell(19, 0, 19)
data.setCell(19, 1, 'phoneTest1')
data.setCell(19, 2, 'TestersGroupID.TestNGArtifactID.PriorityAndDependsOn')
data.setCell(19, 3, 14);
data.setCell(20, 0, 20)
data.setCell(20, 1, 'loginTestWithCorrectCredencials')
data.setCell(20, 2, 'TestersGroupID.TestNGArtifactID.LoginTest')
data.setCell(20, 3, 10);
data.setCell(21, 0, 21)
data.setCell(21, 1, 'phoneTest3')
data.setCell(21, 2, 'TestersGroupID.TestNGArtifactID.PriorityAndDependsOn')
data.setCell(21, 3, 8);
data.setCell(22, 0, 22)
data.setCell(22, 1, 'emailTest4')
data.setCell(22, 2, 'TestersGroupID.TestNGArtifactID.PriorityAndDependsOn')
data.setCell(22, 3, 6);
data.setCell(23, 0, 23)
data.setCell(23, 1, 'emailTest2')
data.setCell(23, 2, 'TestersGroupID.TestNGArtifactID.PriorityAndDependsOn')
data.setCell(23, 3, 5);
data.setCell(24, 0, 24)
data.setCell(24, 1, 'emailTest1')
data.setCell(24, 2, 'TestersGroupID.TestNGArtifactID.PriorityAndDependsOn')
data.setCell(24, 3, 5);
data.setCell(25, 0, 25)
data.setCell(25, 1, 'logonLogoutTestFor6')
data.setCell(25, 2, 'testNG.TestNGAnnotaionsWithLoginLogoutExample')
data.setCell(25, 3, 5);
data.setCell(26, 0, 26)
data.setCell(26, 1, 'emailTest1')
data.setCell(26, 2, 'TestersGroupID.TestNGArtifactID.PriorityAndDependsOn')
data.setCell(26, 3, 4);
data.setCell(27, 0, 27)
data.setCell(27, 1, 'phoneTest3')
data.setCell(27, 2, 'TestersGroupID.TestNGArtifactID.PriorityAndDependsOn')
data.setCell(27, 3, 4);
data.setCell(28, 0, 28)
data.setCell(28, 1, 'emailTest1')
data.setCell(28, 2, 'TestersGroupID.TestNGArtifactID.PriorityAndDependsOn')
data.setCell(28, 3, 4);
data.setCell(29, 0, 29)
data.setCell(29, 1, 'phoneTest2')
data.setCell(29, 2, 'TestersGroupID.TestNGArtifactID.PriorityAndDependsOn')
data.setCell(29, 3, 3);
data.setCell(30, 0, 30)
data.setCell(30, 1, 'emailTest4')
data.setCell(30, 2, 'TestersGroupID.TestNGArtifactID.PriorityAndDependsOn')
data.setCell(30, 3, 3);
data.setCell(31, 0, 31)
data.setCell(31, 1, 'phoneTest2')
data.setCell(31, 2, 'TestersGroupID.TestNGArtifactID.PriorityAndDependsOn')
data.setCell(31, 3, 3);
data.setCell(32, 0, 32)
data.setCell(32, 1, 'phoneTest2')
data.setCell(32, 2, 'TestersGroupID.TestNGArtifactID.PriorityAndDependsOn')
data.setCell(32, 3, 3);
data.setCell(33, 0, 33)
data.setCell(33, 1, 'myTestCase')
data.setCell(33, 2, 'TestersGroupID.TestNGArtifactID.PassingParameter')
data.setCell(33, 3, 2);
data.setCell(34, 0, 34)
data.setCell(34, 1, 'myTestCase')
data.setCell(34, 2, 'TestersGroupID.TestNGArtifactID.PassingParameter')
data.setCell(34, 3, 2);
data.setCell(35, 0, 35)
data.setCell(35, 1, 'phoneTest1')
data.setCell(35, 2, 'TestersGroupID.TestNGArtifactID.PriorityAndDependsOn')
data.setCell(35, 3, 2);
data.setCell(36, 0, 36)
data.setCell(36, 1, 'phoneTest1')
data.setCell(36, 2, 'TestersGroupID.TestNGArtifactID.PriorityAndDependsOn')
data.setCell(36, 3, 2);
data.setCell(37, 0, 37)
data.setCell(37, 1, 'phoneTest1')
data.setCell(37, 2, 'TestersGroupID.TestNGArtifactID.PriorityAndDependsOn')
data.setCell(37, 3, 1);
data.setCell(38, 0, 38)
data.setCell(38, 1, 'myTestCase')
data.setCell(38, 2, 'TestersGroupID.TestNGArtifactID.PassingParameter')
data.setCell(38, 3, 1);
data.setCell(39, 0, 39)
data.setCell(39, 1, 'phoneTest3')
data.setCell(39, 2, 'TestersGroupID.TestNGArtifactID.PriorityAndDependsOn')
data.setCell(39, 3, 1);
data.setCell(40, 0, 40)
data.setCell(40, 1, 'phoneTest4')
data.setCell(40, 2, 'TestersGroupID.TestNGArtifactID.PriorityAndDependsOn')
data.setCell(40, 3, 1);
data.setCell(41, 0, 41)
data.setCell(41, 1, 'emailTest3')
data.setCell(41, 2, 'TestersGroupID.TestNGArtifactID.PriorityAndDependsOn')
data.setCell(41, 3, 1);
data.setCell(42, 0, 42)
data.setCell(42, 1, 'loginTestWithWrongCredencials')
data.setCell(42, 2, 'TestersGroupID.TestNGArtifactID.LoginTest')
data.setCell(42, 3, 1);
data.setCell(43, 0, 43)
data.setCell(43, 1, 'phoneTest2')
data.setCell(43, 2, 'TestersGroupID.TestNGArtifactID.PriorityAndDependsOn')
data.setCell(43, 3, 1);
data.setCell(44, 0, 44)
data.setCell(44, 1, 'loginTestWithCorrectCredencials')
data.setCell(44, 2, 'TestersGroupID.TestNGArtifactID.LoginTest')
data.setCell(44, 3, 1);
data.setCell(45, 0, 45)
data.setCell(45, 1, 'emailTest3')
data.setCell(45, 2, 'TestersGroupID.TestNGArtifactID.PriorityAndDependsOn')
data.setCell(45, 3, 1);
data.setCell(46, 0, 46)
data.setCell(46, 1, 'loginTestWithCorrectCredencials')
data.setCell(46, 2, 'TestersGroupID.TestNGArtifactID.LoginTest')
data.setCell(46, 3, 1);
data.setCell(47, 0, 47)
data.setCell(47, 1, 'emailTest4')
data.setCell(47, 2, 'TestersGroupID.TestNGArtifactID.PriorityAndDependsOn')
data.setCell(47, 3, 1);
data.setCell(48, 0, 48)
data.setCell(48, 1, 'loginTestWithWrongCredencials')
data.setCell(48, 2, 'TestersGroupID.TestNGArtifactID.LoginTest')
data.setCell(48, 3, 1);
data.setCell(49, 0, 49)
data.setCell(49, 1, 'emailTest2')
data.setCell(49, 2, 'TestersGroupID.TestNGArtifactID.PriorityAndDependsOn')
data.setCell(49, 3, 1);
data.setCell(50, 0, 50)
data.setCell(50, 1, 'phoneTest4')
data.setCell(50, 2, 'TestersGroupID.TestNGArtifactID.PriorityAndDependsOn')
data.setCell(50, 3, 1);
data.setCell(51, 0, 51)
data.setCell(51, 1, 'loginTestWithCorrectCredencials')
data.setCell(51, 2, 'TestersGroupID.TestNGArtifactID.LoginTest')
data.setCell(51, 3, 1);
data.setCell(52, 0, 52)
data.setCell(52, 1, 'loginTestWithWrongCredencials')
data.setCell(52, 2, 'TestersGroupID.TestNGArtifactID.LoginTest')
data.setCell(52, 3, 1);
data.setCell(53, 0, 53)
data.setCell(53, 1, 'emailTest4')
data.setCell(53, 2, 'TestersGroupID.TestNGArtifactID.PriorityAndDependsOn')
data.setCell(53, 3, 1);
data.setCell(54, 0, 54)
data.setCell(54, 1, 'phoneTest3')
data.setCell(54, 2, 'TestersGroupID.TestNGArtifactID.PriorityAndDependsOn')
data.setCell(54, 3, 1);
data.setCell(55, 0, 55)
data.setCell(55, 1, 'emailTest2')
data.setCell(55, 2, 'TestersGroupID.TestNGArtifactID.PriorityAndDependsOn')
data.setCell(55, 3, 1);
data.setCell(56, 0, 56)
data.setCell(56, 1, 'testConnectOracle')
data.setCell(56, 2, 'grouping.TestGroup')
data.setCell(56, 3, 1);
data.setCell(57, 0, 57)
data.setCell(57, 1, 'testConnectMsSQL')
data.setCell(57, 2, 'grouping.TestGroup')
data.setCell(57, 3, 1);
data.setCell(58, 0, 58)
data.setCell(58, 1, 'emailTest1')
data.setCell(58, 2, 'TestersGroupID.TestNGArtifactID.PriorityAndDependsOn')
data.setCell(58, 3, 0);
data.setCell(59, 0, 59)
data.setCell(59, 1, 'phoneTest4')
data.setCell(59, 2, 'TestersGroupID.TestNGArtifactID.PriorityAndDependsOn')
data.setCell(59, 3, 0);
data.setCell(60, 0, 60)
data.setCell(60, 1, 'emailTest3')
data.setCell(60, 2, 'TestersGroupID.TestNGArtifactID.PriorityAndDependsOn')
data.setCell(60, 3, 0);
data.setCell(61, 0, 61)
data.setCell(61, 1, 'phoneTest4')
data.setCell(61, 2, 'TestersGroupID.TestNGArtifactID.PriorityAndDependsOn')
data.setCell(61, 3, 0);
data.setCell(62, 0, 62)
data.setCell(62, 1, 'emailTest3')
data.setCell(62, 2, 'TestersGroupID.TestNGArtifactID.PriorityAndDependsOn')
data.setCell(62, 3, 0);
window.suiteTableData['Suite']= { tableData: data, tableDiv: 'times-div-Suite'}
return data;
}
              </script>
              <span class="suite-total-time">Total running time: 1 minutes</span>
              <div id="times-div-Suite">
              </div> <!-- times-div-Suite -->
            </div> <!-- times-div -->
          </div> <!-- main-panel-content rounded-window-bottom -->
        </div> <!-- panel -->
        <div panel-name="reporter-Suite" class="panel">
          <div class="main-panel-header rounded-window-top">
            <span class="header-content">Reporter output for Suite</span>
          </div> <!-- main-panel-header rounded-window-top -->
          <div class="main-panel-content rounded-window-bottom">
            <div class="reporter-method-div">
              <span class="reporter-method-name">phoneTest1</span>
              <div class="reporter-method-output-div">
                <span class="reporter-method-output">org.testng.internal.InvokedMethod, PriorityAndDependsOn.phoneTest1()[pri:0, instance:TestersGroupID.TestNGArtifactID.PriorityAndDependsOn@ff5b51f]</span>
                <span class="reporter-method-output">org.testng.internal.InvokedMethod, PriorityAndDependsOn.phoneTest1()[pri:0, instance:TestersGroupID.TestNGArtifactID.PriorityAndDependsOn@ff5b51f]</span>
              </div> <!-- reporter-method-output-div -->
            </div> <!-- reporter-method-div -->
            <div class="reporter-method-div">
              <span class="reporter-method-name">loginTestWithCorrectCredencials</span>
              <div class="reporter-method-output-div">
                <span class="reporter-method-output">org.testng.internal.InvokedMethod, LoginTest.loginTestWithCorrectCredencials()[pri:0, instance:TestersGroupID.TestNGArtifactID.LoginTest@25bbe1b6]</span>
                <span class="reporter-method-output">org.testng.internal.InvokedMethod, LoginTest.loginTestWithCorrectCredencials()[pri:0, instance:TestersGroupID.TestNGArtifactID.LoginTest@25bbe1b6]</span>
                <span class="reporter-method-output">Method is about to run: org.testng.internal.ConfigurationMethod, clearChookies</span>
                <span class="reporter-method-output">Method is about to run: org.testng.internal.ConfigurationMethod, clearChookies</span>
              </div> <!-- reporter-method-output-div -->
            </div> <!-- reporter-method-div -->
            <div class="reporter-method-div">
              <span class="reporter-method-name">myTestCase</span>
              <div class="reporter-method-output-div">
                <span class="reporter-method-output">org.testng.internal.InvokedMethod, PassingParameter.myTestCase()[pri:0, instance:TestersGroupID.TestNGArtifactID.PassingParameter@5f2108b5]</span>
                <span class="reporter-method-output">org.testng.internal.InvokedMethod, PassingParameter.myTestCase()[pri:0, instance:TestersGroupID.TestNGArtifactID.PassingParameter@5f2108b5]</span>
              </div> <!-- reporter-method-output-div -->
            </div> <!-- reporter-method-div -->
            <div class="reporter-method-div">
              <span class="reporter-method-name">phoneTest3</span>
              <div class="reporter-method-output-div">
                <span class="reporter-method-output">org.testng.internal.InvokedMethod, PriorityAndDependsOn.phoneTest3()[pri:0, instance:TestersGroupID.TestNGArtifactID.PriorityAndDependsOn@ff5b51f]</span>
                <span class="reporter-method-output">org.testng.internal.InvokedMethod, PriorityAndDependsOn.phoneTest3()[pri:0, instance:TestersGroupID.TestNGArtifactID.PriorityAndDependsOn@ff5b51f]</span>
              </div> <!-- reporter-method-output-div -->
            </div> <!-- reporter-method-div -->
            <div class="reporter-method-div">
              <span class="reporter-method-name">emailTest4</span>
              <div class="reporter-method-output-div">
                <span class="reporter-method-output">org.testng.internal.InvokedMethod, PriorityAndDependsOn.emailTest4()[pri:0, instance:TestersGroupID.TestNGArtifactID.PriorityAndDependsOn@ff5b51f]</span>
                <span class="reporter-method-output">org.testng.internal.InvokedMethod, PriorityAndDependsOn.emailTest4()[pri:0, instance:TestersGroupID.TestNGArtifactID.PriorityAndDependsOn@ff5b51f]</span>
              </div> <!-- reporter-method-output-div -->
            </div> <!-- reporter-method-div -->
            <div class="reporter-method-div">
              <span class="reporter-method-name">phoneTest2</span>
              <div class="reporter-method-output-div">
                <span class="reporter-method-output">org.testng.internal.InvokedMethod, PriorityAndDependsOn.phoneTest2()[pri:0, instance:TestersGroupID.TestNGArtifactID.PriorityAndDependsOn@ff5b51f]</span>
                <span class="reporter-method-output">org.testng.internal.InvokedMethod, PriorityAndDependsOn.phoneTest2()[pri:0, instance:TestersGroupID.TestNGArtifactID.PriorityAndDependsOn@ff5b51f]</span>
              </div> <!-- reporter-method-output-div -->
            </div> <!-- reporter-method-div -->
            <div class="reporter-method-div">
              <span class="reporter-method-name">emailTest2</span>
              <div class="reporter-method-output-div">
                <span class="reporter-method-output">org.testng.internal.InvokedMethod, PriorityAndDependsOn.emailTest2()[pri:0, instance:TestersGroupID.TestNGArtifactID.PriorityAndDependsOn@ff5b51f]</span>
                <span class="reporter-method-output">org.testng.internal.InvokedMethod, PriorityAndDependsOn.emailTest2()[pri:0, instance:TestersGroupID.TestNGArtifactID.PriorityAndDependsOn@ff5b51f]</span>
              </div> <!-- reporter-method-output-div -->
            </div> <!-- reporter-method-div -->
            <div class="reporter-method-div">
              <span class="reporter-method-name">loginTestWithWrongCredencials</span>
              <div class="reporter-method-output-div">
                <span class="reporter-method-output">org.testng.internal.InvokedMethod, LoginTest.loginTestWithWrongCredencials()[pri:0, instance:TestersGroupID.TestNGArtifactID.LoginTest@21213b92]</span>
                <span class="reporter-method-output">org.testng.internal.InvokedMethod, LoginTest.loginTestWithWrongCredencials()[pri:0, instance:TestersGroupID.TestNGArtifactID.LoginTest@21213b92]</span>
                <span class="reporter-method-output">Method is about to run: org.testng.internal.ConfigurationMethod, clearChookies</span>
                <span class="reporter-method-output">Method is about to run: org.testng.internal.ConfigurationMethod, clearChookies</span>
              </div> <!-- reporter-method-output-div -->
            </div> <!-- reporter-method-div -->
            <div class="reporter-method-div">
              <span class="reporter-method-name">phoneTest2</span>
              <div class="reporter-method-output-div">
                <span class="reporter-method-output">org.testng.internal.InvokedMethod, PriorityAndDependsOn.phoneTest2()[pri:0, instance:TestersGroupID.TestNGArtifactID.PriorityAndDependsOn@71318ec4]</span>
                <span class="reporter-method-output">org.testng.internal.InvokedMethod, PriorityAndDependsOn.phoneTest2()[pri:0, instance:TestersGroupID.TestNGArtifactID.PriorityAndDependsOn@71318ec4]</span>
              </div> <!-- reporter-method-output-div -->
            </div> <!-- reporter-method-div -->
            <div class="reporter-method-div">
              <span class="reporter-method-name">loginTestWithCorrectCredencials</span>
              <div class="reporter-method-output-div">
                <span class="reporter-method-output">org.testng.internal.InvokedMethod, LoginTest.loginTestWithCorrectCredencials()[pri:0, instance:TestersGroupID.TestNGArtifactID.LoginTest@21213b92]</span>
                <span class="reporter-method-output">org.testng.internal.InvokedMethod, LoginTest.loginTestWithCorrectCredencials()[pri:0, instance:TestersGroupID.TestNGArtifactID.LoginTest@21213b92]</span>
                <span class="reporter-method-output">Method is about to run: org.testng.internal.ConfigurationMethod, clearChookies</span>
                <span class="reporter-method-output">Method is about to run: org.testng.internal.ConfigurationMethod, clearChookies</span>
              </div> <!-- reporter-method-output-div -->
            </div> <!-- reporter-method-div -->
            <div class="reporter-method-div">
              <span class="reporter-method-name">phoneTest1</span>
              <div class="reporter-method-output-div">
                <span class="reporter-method-output">org.testng.internal.InvokedMethod, PriorityAndDependsOn.phoneTest1()[pri:0, instance:TestersGroupID.TestNGArtifactID.PriorityAndDependsOn@71318ec4]</span>
                <span class="reporter-method-output">org.testng.internal.InvokedMethod, PriorityAndDependsOn.phoneTest1()[pri:0, instance:TestersGroupID.TestNGArtifactID.PriorityAndDependsOn@71318ec4]</span>
              </div> <!-- reporter-method-output-div -->
            </div> <!-- reporter-method-div -->
            <div class="reporter-method-div">
              <span class="reporter-method-name">emailTest4</span>
              <div class="reporter-method-output-div">
                <span class="reporter-method-output">org.testng.internal.InvokedMethod, PriorityAndDependsOn.emailTest4()[pri:0, instance:TestersGroupID.TestNGArtifactID.PriorityAndDependsOn@71318ec4]</span>
                <span class="reporter-method-output">org.testng.internal.InvokedMethod, PriorityAndDependsOn.emailTest4()[pri:0, instance:TestersGroupID.TestNGArtifactID.PriorityAndDependsOn@71318ec4]</span>
              </div> <!-- reporter-method-output-div -->
            </div> <!-- reporter-method-div -->
            <div class="reporter-method-div">
              <span class="reporter-method-name">myTestCase</span>
              <div class="reporter-method-output-div">
                <span class="reporter-method-output">org.testng.internal.InvokedMethod, PassingParameter.myTestCase()[pri:0, instance:TestersGroupID.TestNGArtifactID.PassingParameter@31610302]</span>
                <span class="reporter-method-output">org.testng.internal.InvokedMethod, PassingParameter.myTestCase()[pri:0, instance:TestersGroupID.TestNGArtifactID.PassingParameter@31610302]</span>
              </div> <!-- reporter-method-output-div -->
            </div> <!-- reporter-method-div -->
            <div class="reporter-method-div">
              <span class="reporter-method-name">phoneTest3</span>
              <div class="reporter-method-output-div">
                <span class="reporter-method-output">org.testng.internal.InvokedMethod, PriorityAndDependsOn.phoneTest3()[pri:0, instance:TestersGroupID.TestNGArtifactID.PriorityAndDependsOn@71318ec4]</span>
                <span class="reporter-method-output">org.testng.internal.InvokedMethod, PriorityAndDependsOn.phoneTest3()[pri:0, instance:TestersGroupID.TestNGArtifactID.PriorityAndDependsOn@71318ec4]</span>
              </div> <!-- reporter-method-output-div -->
            </div> <!-- reporter-method-div -->
            <div class="reporter-method-div">
              <span class="reporter-method-name">emailTest2</span>
              <div class="reporter-method-output-div">
                <span class="reporter-method-output">org.testng.internal.InvokedMethod, PriorityAndDependsOn.emailTest2()[pri:0, instance:TestersGroupID.TestNGArtifactID.PriorityAndDependsOn@71318ec4]</span>
                <span class="reporter-method-output">org.testng.internal.InvokedMethod, PriorityAndDependsOn.emailTest2()[pri:0, instance:TestersGroupID.TestNGArtifactID.PriorityAndDependsOn@71318ec4]</span>
              </div> <!-- reporter-method-output-div -->
            </div> <!-- reporter-method-div -->
            <div class="reporter-method-div">
              <span class="reporter-method-name">myTestCase</span>
              <div class="reporter-method-output-div">
                <span class="reporter-method-output">org.testng.internal.InvokedMethod, PassingParameter.myTestCase()[pri:0, instance:TestersGroupID.TestNGArtifactID.PassingParameter@5ec0a365]</span>
                <span class="reporter-method-output">org.testng.internal.InvokedMethod, PassingParameter.myTestCase()[pri:0, instance:TestersGroupID.TestNGArtifactID.PassingParameter@5ec0a365]</span>
              </div> <!-- reporter-method-output-div -->
            </div> <!-- reporter-method-div -->
            <div class="reporter-method-div">
              <span class="reporter-method-name">loginTestWithCorrectCredencials</span>
              <div class="reporter-method-output-div">
                <span class="reporter-method-output">org.testng.internal.InvokedMethod, LoginTest.loginTestWithCorrectCredencials()[pri:0, instance:TestersGroupID.TestNGArtifactID.LoginTest@5383967b]</span>
                <span class="reporter-method-output">org.testng.internal.InvokedMethod, LoginTest.loginTestWithCorrectCredencials()[pri:0, instance:TestersGroupID.TestNGArtifactID.LoginTest@5383967b]</span>
                <span class="reporter-method-output">Method is about to run: org.testng.internal.ConfigurationMethod, clearChookies</span>
                <span class="reporter-method-output">Method is about to run: org.testng.internal.ConfigurationMethod, clearChookies</span>
              </div> <!-- reporter-method-output-div -->
            </div> <!-- reporter-method-div -->
            <div class="reporter-method-div">
              <span class="reporter-method-name">phoneTest3</span>
              <div class="reporter-method-output-div">
                <span class="reporter-method-output">org.testng.internal.InvokedMethod, PriorityAndDependsOn.phoneTest3()[pri:0, instance:TestersGroupID.TestNGArtifactID.PriorityAndDependsOn@4fe3c938]</span>
                <span class="reporter-method-output">org.testng.internal.InvokedMethod, PriorityAndDependsOn.phoneTest3()[pri:0, instance:TestersGroupID.TestNGArtifactID.PriorityAndDependsOn@4fe3c938]</span>
              </div> <!-- reporter-method-output-div -->
            </div> <!-- reporter-method-div -->
            <div class="reporter-method-div">
              <span class="reporter-method-name">emailTest4</span>
              <div class="reporter-method-output-div">
                <span class="reporter-method-output">org.testng.internal.InvokedMethod, PriorityAndDependsOn.emailTest4()[pri:0, instance:TestersGroupID.TestNGArtifactID.PriorityAndDependsOn@4fe3c938]</span>
                <span class="reporter-method-output">org.testng.internal.InvokedMethod, PriorityAndDependsOn.emailTest4()[pri:0, instance:TestersGroupID.TestNGArtifactID.PriorityAndDependsOn@4fe3c938]</span>
              </div> <!-- reporter-method-output-div -->
            </div> <!-- reporter-method-div -->
            <div class="reporter-method-div">
              <span class="reporter-method-name">loginTestWithWrongCredencials</span>
              <div class="reporter-method-output-div">
                <span class="reporter-method-output">org.testng.internal.InvokedMethod, LoginTest.loginTestWithWrongCredencials()[pri:0, instance:TestersGroupID.TestNGArtifactID.LoginTest@5383967b]</span>
                <span class="reporter-method-output">org.testng.internal.InvokedMethod, LoginTest.loginTestWithWrongCredencials()[pri:0, instance:TestersGroupID.TestNGArtifactID.LoginTest@5383967b]</span>
                <span class="reporter-method-output">Method is about to run: org.testng.internal.ConfigurationMethod, clearChookies</span>
                <span class="reporter-method-output">Method is about to run: org.testng.internal.ConfigurationMethod, clearChookies</span>
              </div> <!-- reporter-method-output-div -->
            </div> <!-- reporter-method-div -->
            <div class="reporter-method-div">
              <span class="reporter-method-name">phoneTest1</span>
              <div class="reporter-method-output-div">
                <span class="reporter-method-output">org.testng.internal.InvokedMethod, PriorityAndDependsOn.phoneTest1()[pri:0, instance:TestersGroupID.TestNGArtifactID.PriorityAndDependsOn@4fe3c938]</span>
                <span class="reporter-method-output">org.testng.internal.InvokedMethod, PriorityAndDependsOn.phoneTest1()[pri:0, instance:TestersGroupID.TestNGArtifactID.PriorityAndDependsOn@4fe3c938]</span>
              </div> <!-- reporter-method-output-div -->
            </div> <!-- reporter-method-div -->
            <div class="reporter-method-div">
              <span class="reporter-method-name">phoneTest2</span>
              <div class="reporter-method-output-div">
                <span class="reporter-method-output">org.testng.internal.InvokedMethod, PriorityAndDependsOn.phoneTest2()[pri:0, instance:TestersGroupID.TestNGArtifactID.PriorityAndDependsOn@4fe3c938]</span>
                <span class="reporter-method-output">org.testng.internal.InvokedMethod, PriorityAndDependsOn.phoneTest2()[pri:0, instance:TestersGroupID.TestNGArtifactID.PriorityAndDependsOn@4fe3c938]</span>
              </div> <!-- reporter-method-output-div -->
            </div> <!-- reporter-method-div -->
            <div class="reporter-method-div">
              <span class="reporter-method-name">emailTest2</span>
              <div class="reporter-method-output-div">
                <span class="reporter-method-output">org.testng.internal.InvokedMethod, PriorityAndDependsOn.emailTest2()[pri:0, instance:TestersGroupID.TestNGArtifactID.PriorityAndDependsOn@4fe3c938]</span>
                <span class="reporter-method-output">org.testng.internal.InvokedMethod, PriorityAndDependsOn.emailTest2()[pri:0, instance:TestersGroupID.TestNGArtifactID.PriorityAndDependsOn@4fe3c938]</span>
              </div> <!-- reporter-method-output-div -->
            </div> <!-- reporter-method-div -->
            <div class="reporter-method-div">
              <span class="reporter-method-name">loginTestWithCorrectCredencials</span>
              <div class="reporter-method-output-div">
                <span class="reporter-method-output">org.testng.internal.InvokedMethod, LoginTest.loginTestWithCorrectCredencials()[pri:0, instance:TestersGroupID.TestNGArtifactID.LoginTest@4e9ba398]</span>
                <span class="reporter-method-output">org.testng.internal.InvokedMethod, LoginTest.loginTestWithCorrectCredencials()[pri:0, instance:TestersGroupID.TestNGArtifactID.LoginTest@4e9ba398]</span>
                <span class="reporter-method-output">Method is about to run: org.testng.internal.ConfigurationMethod, clearChookies</span>
                <span class="reporter-method-output">Method is about to run: org.testng.internal.ConfigurationMethod, clearChookies</span>
              </div> <!-- reporter-method-output-div -->
            </div> <!-- reporter-method-div -->
            <div class="reporter-method-div">
              <span class="reporter-method-name">phoneTest2</span>
              <div class="reporter-method-output-div">
                <span class="reporter-method-output">org.testng.internal.InvokedMethod, PriorityAndDependsOn.phoneTest2()[pri:0, instance:TestersGroupID.TestNGArtifactID.PriorityAndDependsOn@2286778]</span>
                <span class="reporter-method-output">org.testng.internal.InvokedMethod, PriorityAndDependsOn.phoneTest2()[pri:0, instance:TestersGroupID.TestNGArtifactID.PriorityAndDependsOn@2286778]</span>
              </div> <!-- reporter-method-output-div -->
            </div> <!-- reporter-method-div -->
            <div class="reporter-method-div">
              <span class="reporter-method-name">phoneTest1</span>
              <div class="reporter-method-output-div">
                <span class="reporter-method-output">org.testng.internal.InvokedMethod, PriorityAndDependsOn.phoneTest1()[pri:0, instance:TestersGroupID.TestNGArtifactID.PriorityAndDependsOn@2286778]</span>
                <span class="reporter-method-output">org.testng.internal.InvokedMethod, PriorityAndDependsOn.phoneTest1()[pri:0, instance:TestersGroupID.TestNGArtifactID.PriorityAndDependsOn@2286778]</span>
              </div> <!-- reporter-method-output-div -->
            </div> <!-- reporter-method-div -->
            <div class="reporter-method-div">
              <span class="reporter-method-name">loginTestWithWrongCredencials</span>
              <div class="reporter-method-output-div">
                <span class="reporter-method-output">org.testng.internal.InvokedMethod, LoginTest.loginTestWithWrongCredencials()[pri:0, instance:TestersGroupID.TestNGArtifactID.LoginTest@4e9ba398]</span>
                <span class="reporter-method-output">org.testng.internal.InvokedMethod, LoginTest.loginTestWithWrongCredencials()[pri:0, instance:TestersGroupID.TestNGArtifactID.LoginTest@4e9ba398]</span>
                <span class="reporter-method-output">Method is about to run: org.testng.internal.ConfigurationMethod, clearChookies</span>
                <span class="reporter-method-output">Method is about to run: org.testng.internal.ConfigurationMethod, clearChookies</span>
              </div> <!-- reporter-method-output-div -->
            </div> <!-- reporter-method-div -->
            <div class="reporter-method-div">
              <span class="reporter-method-name">emailTest4</span>
              <div class="reporter-method-output-div">
                <span class="reporter-method-output">org.testng.internal.InvokedMethod, PriorityAndDependsOn.emailTest4()[pri:0, instance:TestersGroupID.TestNGArtifactID.PriorityAndDependsOn@2286778]</span>
                <span class="reporter-method-output">org.testng.internal.InvokedMethod, PriorityAndDependsOn.emailTest4()[pri:0, instance:TestersGroupID.TestNGArtifactID.PriorityAndDependsOn@2286778]</span>
              </div> <!-- reporter-method-output-div -->
            </div> <!-- reporter-method-div -->
            <div class="reporter-method-div">
              <span class="reporter-method-name">phoneTest3</span>
              <div class="reporter-method-output-div">
                <span class="reporter-method-output">org.testng.internal.InvokedMethod, PriorityAndDependsOn.phoneTest3()[pri:0, instance:TestersGroupID.TestNGArtifactID.PriorityAndDependsOn@2286778]</span>
                <span class="reporter-method-output">org.testng.internal.InvokedMethod, PriorityAndDependsOn.phoneTest3()[pri:0, instance:TestersGroupID.TestNGArtifactID.PriorityAndDependsOn@2286778]</span>
              </div> <!-- reporter-method-output-div -->
            </div> <!-- reporter-method-div -->
            <div class="reporter-method-div">
              <span class="reporter-method-name">emailTest2</span>
              <div class="reporter-method-output-div">
                <span class="reporter-method-output">org.testng.internal.InvokedMethod, PriorityAndDependsOn.emailTest2()[pri:0, instance:TestersGroupID.TestNGArtifactID.PriorityAndDependsOn@2286778]</span>
                <span class="reporter-method-output">org.testng.internal.InvokedMethod, PriorityAndDependsOn.emailTest2()[pri:0, instance:TestersGroupID.TestNGArtifactID.PriorityAndDependsOn@2286778]</span>
              </div> <!-- reporter-method-output-div -->
            </div> <!-- reporter-method-div -->
            <div class="reporter-method-div">
              <span class="reporter-method-name">testConnectOracle</span>
              <div class="reporter-method-output-div">
                <span class="reporter-method-output">org.testng.internal.InvokedMethod, TestGroup.testConnectOracle()[pri:0, instance:grouping.TestGroup@6c3708b3]</span>
                <span class="reporter-method-output">org.testng.internal.InvokedMethod, TestGroup.testConnectOracle()[pri:0, instance:grouping.TestGroup@6c3708b3]</span>
              </div> <!-- reporter-method-output-div -->
            </div> <!-- reporter-method-div -->
            <div class="reporter-method-div">
              <span class="reporter-method-name">testConnectMsSQL</span>
              <div class="reporter-method-output-div">
                <span class="reporter-method-output">org.testng.internal.InvokedMethod, TestGroup.testConnectMsSQL()[pri:0, instance:grouping.TestGroup@6c3708b3]</span>
                <span class="reporter-method-output">org.testng.internal.InvokedMethod, TestGroup.testConnectMsSQL()[pri:0, instance:grouping.TestGroup@6c3708b3]</span>
              </div> <!-- reporter-method-output-div -->
            </div> <!-- reporter-method-div -->
            <div class="reporter-method-div">
              <span class="reporter-method-name">loginLogoutTestWithCorrectCredencials(b, b)</span>
              <div class="reporter-method-output-div">
                <span class="reporter-method-output">org.testng.internal.InvokedMethod, loginLogoutDataDriveTesintUsingTestNG.loginLogoutTestWithCorrectCredencials(java.lang.String, java.lang.String)[pri:0, instance:testNG.loginLogoutDataDriveTesintUsingTestNG@7b49cea0]</span>
                <span class="reporter-method-output">org.testng.internal.InvokedMethod, loginLogoutDataDriveTesintUsingTestNG.loginLogoutTestWithCorrectCredencials(java.lang.String, java.lang.String)[pri:0, instance:testNG.loginLogoutDataDriveTesintUsingTestNG@7b49cea0]</span>
                <span class="reporter-method-output">This test is : testNG.loginLogoutDataDriveTesintUsingTestNG</span>
                <span class="reporter-method-output">The current parameter methods are : , b, b</span>
                <span class="reporter-method-output"> Status of the test is: Success</span>
              </div> <!-- reporter-method-output-div -->
            </div> <!-- reporter-method-div -->
            <div class="reporter-method-div">
              <span class="reporter-method-name">loginLogoutTestWithCorrectCredencials(e, e)</span>
              <div class="reporter-method-output-div">
                <span class="reporter-method-output">org.testng.internal.InvokedMethod, loginLogoutDataDriveTesintUsingTestNG.loginLogoutTestWithCorrectCredencials(java.lang.String, java.lang.String)[pri:0, instance:testNG.loginLogoutDataDriveTesintUsingTestNG@7b49cea0]</span>
                <span class="reporter-method-output">org.testng.internal.InvokedMethod, loginLogoutDataDriveTesintUsingTestNG.loginLogoutTestWithCorrectCredencials(java.lang.String, java.lang.String)[pri:0, instance:testNG.loginLogoutDataDriveTesintUsingTestNG@7b49cea0]</span>
                <span class="reporter-method-output">This test is : testNG.loginLogoutDataDriveTesintUsingTestNG</span>
                <span class="reporter-method-output">The current parameter methods are : , e, e</span>
                <span class="reporter-method-output"> Status of the test is: Success</span>
              </div> <!-- reporter-method-output-div -->
            </div> <!-- reporter-method-div -->
            <div class="reporter-method-div">
              <span class="reporter-method-name">loginLogoutTestWtihIncorrectCredencials(f#$#$#, f)</span>
              <div class="reporter-method-output-div">
                <span class="reporter-method-output">org.testng.internal.InvokedMethod, loginLogoutDataDriveTesintUsingTestNG.loginLogoutTestWtihIncorrectCredencials(java.lang.String, java.lang.String)[pri:0, instance:testNG.loginLogoutDataDriveTesintUsingTestNG@7b49cea0]</span>
                <span class="reporter-method-output">org.testng.internal.InvokedMethod, loginLogoutDataDriveTesintUsingTestNG.loginLogoutTestWtihIncorrectCredencials(java.lang.String, java.lang.String)[pri:0, instance:testNG.loginLogoutDataDriveTesintUsingTestNG@7b49cea0]</span>
                <span class="reporter-method-output">This test is : testNG.loginLogoutDataDriveTesintUsingTestNG</span>
                <span class="reporter-method-output">The current parameter methods are : , f#$#$#, f</span>
                <span class="reporter-method-output"> Status of the test is: Success</span>
              </div> <!-- reporter-method-output-div -->
            </div> <!-- reporter-method-div -->
            <div class="reporter-method-div">
              <span class="reporter-method-name">logonLogoutTestFor2</span>
              <div class="reporter-method-output-div">
                <span class="reporter-method-output">org.testng.internal.InvokedMethod, TestNGAnnotaionsWithLoginLogoutExample.logonLogoutTestFor2()[pri:0, instance:testNG.TestNGAnnotaionsWithLoginLogoutExample@4f970963]</span>
                <span class="reporter-method-output">org.testng.internal.InvokedMethod, TestNGAnnotaionsWithLoginLogoutExample.logonLogoutTestFor2()[pri:0, instance:testNG.TestNGAnnotaionsWithLoginLogoutExample@4f970963]</span>
                <span class="reporter-method-output">This test is : testNG.TestNGAnnotaionsWithLoginLogoutExample</span>
                <span class="reporter-method-output">The current parameter methods are : </span>
                <span class="reporter-method-output"> Status of the test is: Success</span>
                <span class="reporter-method-output">Method is about to run: org.testng.internal.ConfigurationMethod, runAfterEachMethod</span>
                <span class="reporter-method-output">Method is about to run: org.testng.internal.ConfigurationMethod, runAfterEachMethod</span>
              </div> <!-- reporter-method-output-div -->
            </div> <!-- reporter-method-div -->
            <div class="reporter-method-div">
              <span class="reporter-method-name">chekcRegistrationPageIsWorkingWithBackend</span>
              <div class="reporter-method-output-div">
                <span class="reporter-method-output">org.testng.internal.InvokedMethod, RegistrationToBackendIntegerationTestUsingTestNG.chekcRegistrationPageIsWorkingWithBackend()[pri:0, instance:testNG.RegistrationToBackendIntegerationTestUsingTestNG@61f8bee4]</span>
                <span class="reporter-method-output">org.testng.internal.InvokedMethod, RegistrationToBackendIntegerationTestUsingTestNG.chekcRegistrationPageIsWorkingWithBackend()[pri:0, instance:testNG.RegistrationToBackendIntegerationTestUsingTestNG@61f8bee4]</span>
                <span class="reporter-method-output">This test is : testNG.RegistrationToBackendIntegerationTestUsingTestNG</span>
                <span class="reporter-method-output">The current parameter methods are : </span>
                <span class="reporter-method-output"> Status of the test is: Success</span>
              </div> <!-- reporter-method-output-div -->
            </div> <!-- reporter-method-div -->
            <div class="reporter-method-div">
              <span class="reporter-method-name">loginLogoutTestWtihIncorrectCredencials(awerew, a)</span>
              <div class="reporter-method-output-div">
                <span class="reporter-method-output">org.testng.internal.InvokedMethod, loginLogoutDataDriveTesintUsingTestNG.loginLogoutTestWtihIncorrectCredencials(java.lang.String, java.lang.String)[pri:0, instance:testNG.loginLogoutDataDriveTesintUsingTestNG@7b49cea0]</span>
                <span class="reporter-method-output">org.testng.internal.InvokedMethod, loginLogoutDataDriveTesintUsingTestNG.loginLogoutTestWtihIncorrectCredencials(java.lang.String, java.lang.String)[pri:0, instance:testNG.loginLogoutDataDriveTesintUsingTestNG@7b49cea0]</span>
                <span class="reporter-method-output">This test is : testNG.loginLogoutDataDriveTesintUsingTestNG</span>
                <span class="reporter-method-output">The current parameter methods are : , awerew, a</span>
                <span class="reporter-method-output"> Status of the test is: Success</span>
              </div> <!-- reporter-method-output-div -->
            </div> <!-- reporter-method-div -->
            <div class="reporter-method-div">
              <span class="reporter-method-name">loginLogoutTestWtihIncorrectCredencials(d%^7rtyrty, d)</span>
              <div class="reporter-method-output-div">
                <span class="reporter-method-output">org.testng.internal.InvokedMethod, loginLogoutDataDriveTesintUsingTestNG.loginLogoutTestWtihIncorrectCredencials(java.lang.String, java.lang.String)[pri:0, instance:testNG.loginLogoutDataDriveTesintUsingTestNG@7b49cea0]</span>
                <span class="reporter-method-output">org.testng.internal.InvokedMethod, loginLogoutDataDriveTesintUsingTestNG.loginLogoutTestWtihIncorrectCredencials(java.lang.String, java.lang.String)[pri:0, instance:testNG.loginLogoutDataDriveTesintUsingTestNG@7b49cea0]</span>
                <span class="reporter-method-output">This test is : testNG.loginLogoutDataDriveTesintUsingTestNG</span>
                <span class="reporter-method-output">The current parameter methods are : , d%^7rtyrty, d</span>
                <span class="reporter-method-output"> Status of the test is: Success</span>
              </div> <!-- reporter-method-output-div -->
            </div> <!-- reporter-method-div -->
            <div class="reporter-method-div">
              <span class="reporter-method-name">loginLogoutTestWtihIncorrectCredencials( , b)</span>
              <div class="reporter-method-output-div">
                <span class="reporter-method-output">org.testng.internal.InvokedMethod, loginLogoutDataDriveTesintUsingTestNG.loginLogoutTestWtihIncorrectCredencials(java.lang.String, java.lang.String)[pri:0, instance:testNG.loginLogoutDataDriveTesintUsingTestNG@7b49cea0]</span>
                <span class="reporter-method-output">org.testng.internal.InvokedMethod, loginLogoutDataDriveTesintUsingTestNG.loginLogoutTestWtihIncorrectCredencials(java.lang.String, java.lang.String)[pri:0, instance:testNG.loginLogoutDataDriveTesintUsingTestNG@7b49cea0]</span>
                <span class="reporter-method-output">This test is : testNG.loginLogoutDataDriveTesintUsingTestNG</span>
                <span class="reporter-method-output">The current parameter methods are : ,  , b</span>
                <span class="reporter-method-output"> Status of the test is: Success</span>
              </div> <!-- reporter-method-output-div -->
            </div> <!-- reporter-method-div -->
            <div class="reporter-method-div">
              <span class="reporter-method-name">loginLogoutTestWithCorrectCredencials(a, a)</span>
              <div class="reporter-method-output-div">
                <span class="reporter-method-output">org.testng.internal.InvokedMethod, loginLogoutDataDriveTesintUsingTestNG.loginLogoutTestWithCorrectCredencials(java.lang.String, java.lang.String)[pri:0, instance:testNG.loginLogoutDataDriveTesintUsingTestNG@7b49cea0]</span>
                <span class="reporter-method-output">org.testng.internal.InvokedMethod, loginLogoutDataDriveTesintUsingTestNG.loginLogoutTestWithCorrectCredencials(java.lang.String, java.lang.String)[pri:0, instance:testNG.loginLogoutDataDriveTesintUsingTestNG@7b49cea0]</span>
                <span class="reporter-method-output">This test is : testNG.loginLogoutDataDriveTesintUsingTestNG</span>
                <span class="reporter-method-output">The current parameter methods are : , a, a</span>
                <span class="reporter-method-output"> Status of the test is: Success</span>
              </div> <!-- reporter-method-output-div -->
            </div> <!-- reporter-method-div -->
            <div class="reporter-method-div">
              <span class="reporter-method-name">loginLogoutTestWtihIncorrectCredencials(e13311, e)</span>
              <div class="reporter-method-output-div">
                <span class="reporter-method-output">org.testng.internal.InvokedMethod, loginLogoutDataDriveTesintUsingTestNG.loginLogoutTestWtihIncorrectCredencials(java.lang.String, java.lang.String)[pri:0, instance:testNG.loginLogoutDataDriveTesintUsingTestNG@7b49cea0]</span>
                <span class="reporter-method-output">org.testng.internal.InvokedMethod, loginLogoutDataDriveTesintUsingTestNG.loginLogoutTestWtihIncorrectCredencials(java.lang.String, java.lang.String)[pri:0, instance:testNG.loginLogoutDataDriveTesintUsingTestNG@7b49cea0]</span>
                <span class="reporter-method-output">This test is : testNG.loginLogoutDataDriveTesintUsingTestNG</span>
                <span class="reporter-method-output">The current parameter methods are : , e13311, e</span>
                <span class="reporter-method-output"> Status of the test is: Success</span>
              </div> <!-- reporter-method-output-div -->
            </div> <!-- reporter-method-div -->
            <div class="reporter-method-div">
              <span class="reporter-method-name">logonLogoutTestFor1</span>
              <div class="reporter-method-output-div">
                <span class="reporter-method-output">org.testng.internal.InvokedMethod, TestNGAnnotaionsWithLoginLogoutExample.logonLogoutTestFor1()[pri:0, instance:testNG.TestNGAnnotaionsWithLoginLogoutExample@4f970963]</span>
                <span class="reporter-method-output">org.testng.internal.InvokedMethod, TestNGAnnotaionsWithLoginLogoutExample.logonLogoutTestFor1()[pri:0, instance:testNG.TestNGAnnotaionsWithLoginLogoutExample@4f970963]</span>
                <span class="reporter-method-output">This test is : testNG.TestNGAnnotaionsWithLoginLogoutExample</span>
                <span class="reporter-method-output">The current parameter methods are : </span>
                <span class="reporter-method-output"> Status of the test is: Success</span>
                <span class="reporter-method-output">Method is about to run: org.testng.internal.ConfigurationMethod, runAfterEachMethod</span>
                <span class="reporter-method-output">Method is about to run: org.testng.internal.ConfigurationMethod, runAfterEachMethod</span>
              </div> <!-- reporter-method-output-div -->
            </div> <!-- reporter-method-div -->
            <div class="reporter-method-div">
              <span class="reporter-method-name">loginLogoutTestWithCorrectCredencials(c, c)</span>
              <div class="reporter-method-output-div">
                <span class="reporter-method-output">org.testng.internal.InvokedMethod, loginLogoutDataDriveTesintUsingTestNG.loginLogoutTestWithCorrectCredencials(java.lang.String, java.lang.String)[pri:0, instance:testNG.loginLogoutDataDriveTesintUsingTestNG@7b49cea0]</span>
                <span class="reporter-method-output">org.testng.internal.InvokedMethod, loginLogoutDataDriveTesintUsingTestNG.loginLogoutTestWithCorrectCredencials(java.lang.String, java.lang.String)[pri:0, instance:testNG.loginLogoutDataDriveTesintUsingTestNG@7b49cea0]</span>
                <span class="reporter-method-output">This test is : testNG.loginLogoutDataDriveTesintUsingTestNG</span>
                <span class="reporter-method-output">The current parameter methods are : , c, c</span>
                <span class="reporter-method-output"> Status of the test is: Success</span>
              </div> <!-- reporter-method-output-div -->
            </div> <!-- reporter-method-div -->
            <div class="reporter-method-div">
              <span class="reporter-method-name">loginLogoutTestWithCorrectCredencials(d, ddsf)</span>
              <div class="reporter-method-output-div">
                <span class="reporter-method-output">org.testng.internal.InvokedMethod, loginLogoutDataDriveTesintUsingTestNG.loginLogoutTestWithCorrectCredencials(java.lang.String, java.lang.String)[pri:0, instance:testNG.loginLogoutDataDriveTesintUsingTestNG@7b49cea0]</span>
                <span class="reporter-method-output">org.testng.internal.InvokedMethod, loginLogoutDataDriveTesintUsingTestNG.loginLogoutTestWithCorrectCredencials(java.lang.String, java.lang.String)[pri:0, instance:testNG.loginLogoutDataDriveTesintUsingTestNG@7b49cea0]</span>
                <span class="reporter-method-output">This test is : testNG.loginLogoutDataDriveTesintUsingTestNG</span>
                <span class="reporter-method-output">The current parameter methods are : , d, ddsf</span>
                <span class="reporter-method-output"> Status of the test is: Failed</span>
              </div> <!-- reporter-method-output-div -->
            </div> <!-- reporter-method-div -->
            <div class="reporter-method-div">
              <span class="reporter-method-name">loginLogoutTestWithCorrectCredencials(f, f)</span>
              <div class="reporter-method-output-div">
                <span class="reporter-method-output">org.testng.internal.InvokedMethod, loginLogoutDataDriveTesintUsingTestNG.loginLogoutTestWithCorrectCredencials(java.lang.String, java.lang.String)[pri:0, instance:testNG.loginLogoutDataDriveTesintUsingTestNG@7b49cea0]</span>
                <span class="reporter-method-output">org.testng.internal.InvokedMethod, loginLogoutDataDriveTesintUsingTestNG.loginLogoutTestWithCorrectCredencials(java.lang.String, java.lang.String)[pri:0, instance:testNG.loginLogoutDataDriveTesintUsingTestNG@7b49cea0]</span>
                <span class="reporter-method-output">This test is : testNG.loginLogoutDataDriveTesintUsingTestNG</span>
                <span class="reporter-method-output">The current parameter methods are : , f, f</span>
                <span class="reporter-method-output"> Status of the test is: Failed</span>
              </div> <!-- reporter-method-output-div -->
            </div> <!-- reporter-method-div -->
            <div class="reporter-method-div">
              <span class="reporter-method-name">logonLogoutTestFor5</span>
              <div class="reporter-method-output-div">
                <span class="reporter-method-output">org.testng.internal.InvokedMethod, TestNGAnnotaionsWithLoginLogoutExample.logonLogoutTestFor5()[pri:0, instance:testNG.TestNGAnnotaionsWithLoginLogoutExample@4f970963]</span>
                <span class="reporter-method-output">org.testng.internal.InvokedMethod, TestNGAnnotaionsWithLoginLogoutExample.logonLogoutTestFor5()[pri:0, instance:testNG.TestNGAnnotaionsWithLoginLogoutExample@4f970963]</span>
                <span class="reporter-method-output">This test is : testNG.TestNGAnnotaionsWithLoginLogoutExample</span>
                <span class="reporter-method-output">The current parameter methods are : </span>
                <span class="reporter-method-output"> Status of the test is: Failed</span>
                <span class="reporter-method-output">Method is about to run: org.testng.internal.ConfigurationMethod, runAfterEachMethod</span>
                <span class="reporter-method-output">Method is about to run: org.testng.internal.ConfigurationMethod, runAfterEachMethod</span>
              </div> <!-- reporter-method-output-div -->
            </div> <!-- reporter-method-div -->
            <div class="reporter-method-div">
              <span class="reporter-method-name">logonLogoutTestFor6</span>
              <div class="reporter-method-output-div">
                <span class="reporter-method-output">org.testng.internal.InvokedMethod, TestNGAnnotaionsWithLoginLogoutExample.logonLogoutTestFor6()[pri:0, instance:testNG.TestNGAnnotaionsWithLoginLogoutExample@4f970963]</span>
                <span class="reporter-method-output">org.testng.internal.InvokedMethod, TestNGAnnotaionsWithLoginLogoutExample.logonLogoutTestFor6()[pri:0, instance:testNG.TestNGAnnotaionsWithLoginLogoutExample@4f970963]</span>
                <span class="reporter-method-output">This test is : testNG.TestNGAnnotaionsWithLoginLogoutExample</span>
                <span class="reporter-method-output">The current parameter methods are : </span>
                <span class="reporter-method-output"> Status of the test is: Failed</span>
                <span class="reporter-method-output">Method is about to run: org.testng.internal.ConfigurationMethod, runAfterEachMethod</span>
                <span class="reporter-method-output">Method is about to run: org.testng.internal.ConfigurationMethod, runAfterEachMethod</span>
              </div> <!-- reporter-method-output-div -->
            </div> <!-- reporter-method-div -->
            <div class="reporter-method-div">
              <span class="reporter-method-name">logonLogoutTestFor3</span>
              <div class="reporter-method-output-div">
                <span class="reporter-method-output">org.testng.internal.InvokedMethod, TestNGAnnotaionsWithLoginLogoutExample.logonLogoutTestFor3()[pri:0, instance:testNG.TestNGAnnotaionsWithLoginLogoutExample@4f970963]</span>
                <span class="reporter-method-output">org.testng.internal.InvokedMethod, TestNGAnnotaionsWithLoginLogoutExample.logonLogoutTestFor3()[pri:0, instance:testNG.TestNGAnnotaionsWithLoginLogoutExample@4f970963]</span>
                <span class="reporter-method-output">This test is : testNG.TestNGAnnotaionsWithLoginLogoutExample</span>
                <span class="reporter-method-output">The current parameter methods are : </span>
                <span class="reporter-method-output"> Status of the test is: Failed</span>
                <span class="reporter-method-output">Method is about to run: org.testng.internal.ConfigurationMethod, runAfterEachMethod</span>
                <span class="reporter-method-output">Method is about to run: org.testng.internal.ConfigurationMethod, runAfterEachMethod</span>
              </div> <!-- reporter-method-output-div -->
            </div> <!-- reporter-method-div -->
            <div class="reporter-method-div">
              <span class="reporter-method-name">logonLogoutTestFor4</span>
              <div class="reporter-method-output-div">
                <span class="reporter-method-output">org.testng.internal.InvokedMethod, TestNGAnnotaionsWithLoginLogoutExample.logonLogoutTestFor4()[pri:0, instance:testNG.TestNGAnnotaionsWithLoginLogoutExample@4f970963]</span>
                <span class="reporter-method-output">org.testng.internal.InvokedMethod, TestNGAnnotaionsWithLoginLogoutExample.logonLogoutTestFor4()[pri:0, instance:testNG.TestNGAnnotaionsWithLoginLogoutExample@4f970963]</span>
                <span class="reporter-method-output">This test is : testNG.TestNGAnnotaionsWithLoginLogoutExample</span>
                <span class="reporter-method-output">The current parameter methods are : </span>
                <span class="reporter-method-output"> Status of the test is: Failed</span>
                <span class="reporter-method-output">Method is about to run: org.testng.internal.ConfigurationMethod, runAfterEachMethod</span>
                <span class="reporter-method-output">Method is about to run: org.testng.internal.ConfigurationMethod, runAfterEachMethod</span>
              </div> <!-- reporter-method-output-div -->
            </div> <!-- reporter-method-div -->
            <div class="reporter-method-div">
              <span class="reporter-method-name">loginLogoutTestWtihIncorrectCredencials(c, c)</span>
              <div class="reporter-method-output-div">
                <span class="reporter-method-output">org.testng.internal.InvokedMethod, loginLogoutDataDriveTesintUsingTestNG.loginLogoutTestWtihIncorrectCredencials(java.lang.String, java.lang.String)[pri:0, instance:testNG.loginLogoutDataDriveTesintUsingTestNG@7b49cea0]</span>
                <span class="reporter-method-output">org.testng.internal.InvokedMethod, loginLogoutDataDriveTesintUsingTestNG.loginLogoutTestWtihIncorrectCredencials(java.lang.String, java.lang.String)[pri:0, instance:testNG.loginLogoutDataDriveTesintUsingTestNG@7b49cea0]</span>
                <span class="reporter-method-output">This test is : testNG.loginLogoutDataDriveTesintUsingTestNG</span>
                <span class="reporter-method-output">The current parameter methods are : , c, c</span>
                <span class="reporter-method-output"> Status of the test is: Failed</span>
              </div> <!-- reporter-method-output-div -->
            </div> <!-- reporter-method-div -->
          </div> <!-- main-panel-content rounded-window-bottom -->
        </div> <!-- panel -->
        <div panel-name="ignored-methods-Suite" class="panel">
          <div class="main-panel-header rounded-window-top">
            <span class="header-content">7 ignored methods</span>
          </div> <!-- main-panel-header rounded-window-top -->
          <div class="main-panel-content rounded-window-bottom">
            <div class="ignored-class-div">
              <span class="ignored-class-name">grouping.TestSelenium</span>
              <div class="ignored-methods-div">
                <span class="ignored-method-name">runSelenium</span>
                <br/>
                <span class="ignored-method-name">runSelenium1</span>
                <br/>
                <span class="ignored-method-name">runSelenium2</span>
                <br/>
              </div> <!-- ignored-methods-div -->
            </div> <!-- ignored-class-div -->
            <div class="ignored-class-div">
              <span class="ignored-class-name">TestersGroupID.TestNGArtifactID.LoginTest</span>
              <div class="ignored-methods-div">
                <span class="ignored-method-name">loginTestWithWrongCredencials</span>
                <br/>
              </div> <!-- ignored-methods-div -->
            </div> <!-- ignored-class-div -->
            <div class="ignored-class-div">
              <span class="ignored-class-name">grouping.TestGroup</span>
              <div class="ignored-methods-div">
                <span class="ignored-method-name">runFinal</span>
                <br/>
                <span class="ignored-method-name">runSelenium1</span>
                <br/>
                <span class="ignored-method-name">runSelenium</span>
                <br/>
              </div> <!-- ignored-methods-div -->
            </div> <!-- ignored-class-div -->
          </div> <!-- main-panel-content rounded-window-bottom -->
        </div> <!-- panel -->
        <div panel-name="chronological-Suite" class="panel">
          <div class="main-panel-header rounded-window-top">
            <span class="header-content">Methods in chronological order</span>
          </div> <!-- main-panel-header rounded-window-top -->
          <div class="main-panel-content rounded-window-bottom">
            <div class="chronological-class">
              <div class="chronological-class-name">TestersGroupID.TestNGArtifactID.LoginTest</div> <!-- chronological-class-name -->
              <div class="configuration-suite before">
                <span class="method-name">beforeSuite</span>
                <span class="method-start">0 ms</span>
              </div> <!-- configuration-suite before -->
            </div> <!-- chronological-class -->
            <div class="chronological-class">
              <div class="chronological-class-name">TestersGroupID.TestNGArtifactID.PriorityAndDependsOn</div> <!-- chronological-class-name -->
              <div class="configuration-suite before">
                <span class="method-name">beforeSuite</span>
                <span class="method-start">12 ms</span>
              </div> <!-- configuration-suite before -->
            </div> <!-- chronological-class -->
            <div class="chronological-class">
              <div class="chronological-class-name">TestersGroupID.TestNGArtifactID.LoginTest</div> <!-- chronological-class-name -->
              <div class="configuration-test before">
                <span class="method-name">beforeTest</span>
                <span class="method-start">16 ms</span>
              </div> <!-- configuration-test before -->
            </div> <!-- chronological-class -->
            <div class="chronological-class">
              <div class="chronological-class-name">TestersGroupID.TestNGArtifactID.PassingParameter</div> <!-- chronological-class-name -->
              <div class="configuration-test before">
                <span class="method-name">SelectBrowser(Chrome, Solomon A)</span>
                <span class="method-start">17 ms</span>
              </div> <!-- configuration-test before -->
            </div> <!-- chronological-class -->
            <div class="chronological-class">
              <div class="chronological-class-name">TestersGroupID.TestNGArtifactID.LoginTest</div> <!-- chronological-class-name -->
              <div class="configuration-class before">
                <span class="method-name">beforeClass</span>
                <span class="method-start">35 ms</span>
              </div> <!-- configuration-class before -->
              <div class="configuration-method before">
                <span class="method-name">setVariables</span>
                <span class="method-start">39 ms</span>
              </div> <!-- configuration-method before -->
              <div class="test-method">
                <span class="method-name">loginTestWithCorrectCredencials</span>
                <span class="method-start">40 ms</span>
              </div> <!-- test-method -->
              <div class="configuration-method after">
                <span class="method-name">clearChookies</span>
                <span class="method-start">52 ms</span>
              </div> <!-- configuration-method after -->
              <div class="configuration-class after">
                <span class="method-name">afterClass</span>
                <span class="method-start">53 ms</span>
              </div> <!-- configuration-class after -->
            </div> <!-- chronological-class -->
            <div class="chronological-class">
              <div class="chronological-class-name">TestersGroupID.TestNGArtifactID.PriorityAndDependsOn</div> <!-- chronological-class-name -->
              <div class="test-method">
                <span class="method-name">phoneTest2</span>
                <span class="method-start">68 ms</span>
              </div> <!-- test-method -->
              <div class="test-method">
                <span class="method-name">emailTest4</span>
                <span class="method-start">82 ms</span>
              </div> <!-- test-method -->
              <div class="test-method">
                <img src="failed.png">
                </img>
                <span class="method-name">emailTest2</span>
                <span class="method-start">106 ms</span>
              </div> <!-- test-method -->
              <div class="test-method">
                <span class="method-name">phoneTest3</span>
                <span class="method-start">114 ms</span>
              </div> <!-- test-method -->
              <div class="test-method">
                <span class="method-name">phoneTest1</span>
                <span class="method-start">117 ms</span>
              </div> <!-- test-method -->
            </div> <!-- chronological-class -->
            <div class="chronological-class">
              <div class="chronological-class-name">TestersGroupID.TestNGArtifactID.PassingParameter</div> <!-- chronological-class-name -->
              <div class="test-method">
                <span class="method-name">myTestCase</span>
                <span class="method-start">127 ms</span>
              </div> <!-- test-method -->
            </div> <!-- chronological-class -->
            <div class="chronological-class">
              <div class="chronological-class-name">TestersGroupID.TestNGArtifactID.LoginTest</div> <!-- chronological-class-name -->
              <div class="configuration-test after">
                <span class="method-name">afterTest</span>
                <span class="method-start">129 ms</span>
              </div> <!-- configuration-test after -->
              <div class="configuration-test before">
                <span class="method-name">beforeTest</span>
                <span class="method-start">212 ms</span>
              </div> <!-- configuration-test before -->
            </div> <!-- chronological-class -->
            <div class="chronological-class">
              <div class="chronological-class-name">TestersGroupID.TestNGArtifactID.PassingParameter</div> <!-- chronological-class-name -->
              <div class="configuration-test before">
                <span class="method-name">SelectBrowser(IE, Alex)</span>
                <span class="method-start">213 ms</span>
              </div> <!-- configuration-test before -->
            </div> <!-- chronological-class -->
            <div class="chronological-class">
              <div class="chronological-class-name">TestersGroupID.TestNGArtifactID.LoginTest</div> <!-- chronological-class-name -->
              <div class="configuration-class before">
                <span class="method-name">beforeClass</span>
                <span class="method-start">215 ms</span>
              </div> <!-- configuration-class before -->
              <div class="configuration-method before">
                <span class="method-name">setVariables</span>
                <span class="method-start">217 ms</span>
              </div> <!-- configuration-method before -->
              <div class="test-method">
                <span class="method-name">loginTestWithCorrectCredencials</span>
                <span class="method-start">218 ms</span>
              </div> <!-- test-method -->
              <div class="configuration-method after">
                <span class="method-name">clearChookies</span>
                <span class="method-start">221 ms</span>
              </div> <!-- configuration-method after -->
              <div class="configuration-method before">
                <span class="method-name">setVariables</span>
                <span class="method-start">221 ms</span>
              </div> <!-- configuration-method before -->
              <div class="test-method">
                <span class="method-name">loginTestWithWrongCredencials</span>
                <span class="method-start">222 ms</span>
              </div> <!-- test-method -->
              <div class="configuration-method after">
                <span class="method-name">clearChookies</span>
                <span class="method-start">224 ms</span>
              </div> <!-- configuration-method after -->
              <div class="configuration-class after">
                <span class="method-name">afterClass</span>
                <span class="method-start">224 ms</span>
              </div> <!-- configuration-class after -->
            </div> <!-- chronological-class -->
            <div class="chronological-class">
              <div class="chronological-class-name">TestersGroupID.TestNGArtifactID.PriorityAndDependsOn</div> <!-- chronological-class-name -->
              <div class="test-method">
                <span class="method-name">phoneTest2</span>
                <span class="method-start">225 ms</span>
              </div> <!-- test-method -->
              <div class="test-method">
                <span class="method-name">emailTest4</span>
                <span class="method-start">233 ms</span>
              </div> <!-- test-method -->
              <div class="test-method">
                <img src="failed.png">
                </img>
                <span class="method-name">emailTest2</span>
                <span class="method-start">242 ms</span>
              </div> <!-- test-method -->
              <div class="test-method">
                <span class="method-name">phoneTest3</span>
                <span class="method-start">271 ms</span>
              </div> <!-- test-method -->
              <div class="test-method">
                <span class="method-name">phoneTest1</span>
                <span class="method-start">280 ms</span>
              </div> <!-- test-method -->
            </div> <!-- chronological-class -->
            <div class="chronological-class">
              <div class="chronological-class-name">TestersGroupID.TestNGArtifactID.PassingParameter</div> <!-- chronological-class-name -->
              <div class="test-method">
                <span class="method-name">myTestCase</span>
                <span class="method-start">302 ms</span>
              </div> <!-- test-method -->
            </div> <!-- chronological-class -->
            <div class="chronological-class">
              <div class="chronological-class-name">TestersGroupID.TestNGArtifactID.LoginTest</div> <!-- chronological-class-name -->
              <div class="configuration-test after">
                <span class="method-name">afterTest</span>
                <span class="method-start">306 ms</span>
              </div> <!-- configuration-test after -->
              <div class="configuration-test before">
                <span class="method-name">beforeTest</span>
                <span class="method-start">333 ms</span>
              </div> <!-- configuration-test before -->
            </div> <!-- chronological-class -->
            <div class="chronological-class">
              <div class="chronological-class-name">TestersGroupID.TestNGArtifactID.PassingParameter</div> <!-- chronological-class-name -->
              <div class="configuration-test before">
                <span class="method-name">SelectBrowser(IE, Solomon A)</span>
                <span class="method-start">333 ms</span>
              </div> <!-- configuration-test before -->
            </div> <!-- chronological-class -->
            <div class="chronological-class">
              <div class="chronological-class-name">TestersGroupID.TestNGArtifactID.LoginTest</div> <!-- chronological-class-name -->
              <div class="configuration-class before">
                <span class="method-name">beforeClass</span>
                <span class="method-start">335 ms</span>
              </div> <!-- configuration-class before -->
              <div class="configuration-method before">
                <span class="method-name">setVariables</span>
                <span class="method-start">335 ms</span>
              </div> <!-- configuration-method before -->
              <div class="test-method">
                <span class="method-name">loginTestWithCorrectCredencials</span>
                <span class="method-start">336 ms</span>
              </div> <!-- test-method -->
              <div class="configuration-method after">
                <span class="method-name">clearChookies</span>
                <span class="method-start">338 ms</span>
              </div> <!-- configuration-method after -->
              <div class="configuration-method before">
                <span class="method-name">setVariables</span>
                <span class="method-start">339 ms</span>
              </div> <!-- configuration-method before -->
              <div class="test-method">
                <span class="method-name">loginTestWithWrongCredencials</span>
                <span class="method-start">341 ms</span>
              </div> <!-- test-method -->
              <div class="configuration-method after">
                <span class="method-name">clearChookies</span>
                <span class="method-start">344 ms</span>
              </div> <!-- configuration-method after -->
              <div class="configuration-class after">
                <span class="method-name">afterClass</span>
                <span class="method-start">345 ms</span>
              </div> <!-- configuration-class after -->
            </div> <!-- chronological-class -->
            <div class="chronological-class">
              <div class="chronological-class-name">TestersGroupID.TestNGArtifactID.PriorityAndDependsOn</div> <!-- chronological-class-name -->
              <div class="test-method">
                <span class="method-name">phoneTest2</span>
                <span class="method-start">346 ms</span>
              </div> <!-- test-method -->
              <div class="test-method">
                <span class="method-name">emailTest4</span>
                <span class="method-start">351 ms</span>
              </div> <!-- test-method -->
              <div class="test-method">
                <img src="failed.png">
                </img>
                <span class="method-name">emailTest2</span>
                <span class="method-start">355 ms</span>
              </div> <!-- test-method -->
              <div class="test-method">
                <span class="method-name">phoneTest3</span>
                <span class="method-start">359 ms</span>
              </div> <!-- test-method -->
              <div class="test-method">
                <span class="method-name">phoneTest1</span>
                <span class="method-start">370 ms</span>
              </div> <!-- test-method -->
            </div> <!-- chronological-class -->
            <div class="chronological-class">
              <div class="chronological-class-name">TestersGroupID.TestNGArtifactID.PassingParameter</div> <!-- chronological-class-name -->
              <div class="test-method">
                <span class="method-name">myTestCase</span>
                <span class="method-start">386 ms</span>
              </div> <!-- test-method -->
            </div> <!-- chronological-class -->
            <div class="chronological-class">
              <div class="chronological-class-name">TestersGroupID.TestNGArtifactID.LoginTest</div> <!-- chronological-class-name -->
              <div class="configuration-test after">
                <span class="method-name">afterTest</span>
                <span class="method-start">389 ms</span>
              </div> <!-- configuration-test after -->
              <div class="configuration-test before">
                <span class="method-name">beforeTest</span>
                <span class="method-start">432 ms</span>
              </div> <!-- configuration-test before -->
              <div class="configuration-class before">
                <span class="method-name">beforeClass</span>
                <span class="method-start">433 ms</span>
              </div> <!-- configuration-class before -->
              <div class="configuration-method before">
                <span class="method-name">setVariables</span>
                <span class="method-start">434 ms</span>
              </div> <!-- configuration-method before -->
              <div class="test-method">
                <span class="method-name">loginTestWithCorrectCredencials</span>
                <span class="method-start">434 ms</span>
              </div> <!-- test-method -->
              <div class="configuration-method after">
                <span class="method-name">clearChookies</span>
                <span class="method-start">435 ms</span>
              </div> <!-- configuration-method after -->
              <div class="configuration-method before">
                <span class="method-name">setVariables</span>
                <span class="method-start">436 ms</span>
              </div> <!-- configuration-method before -->
              <div class="test-method">
                <span class="method-name">loginTestWithWrongCredencials</span>
                <span class="method-start">437 ms</span>
              </div> <!-- test-method -->
              <div class="configuration-method after">
                <span class="method-name">clearChookies</span>
                <span class="method-start">440 ms</span>
              </div> <!-- configuration-method after -->
              <div class="configuration-class after">
                <span class="method-name">afterClass</span>
                <span class="method-start">441 ms</span>
              </div> <!-- configuration-class after -->
            </div> <!-- chronological-class -->
            <div class="chronological-class">
              <div class="chronological-class-name">TestersGroupID.TestNGArtifactID.PriorityAndDependsOn</div> <!-- chronological-class-name -->
              <div class="test-method">
                <span class="method-name">phoneTest2</span>
                <span class="method-start">442 ms</span>
              </div> <!-- test-method -->
              <div class="test-method">
                <span class="method-name">emailTest4</span>
                <span class="method-start">446 ms</span>
              </div> <!-- test-method -->
              <div class="test-method">
                <img src="failed.png">
                </img>
                <span class="method-name">emailTest2</span>
                <span class="method-start">452 ms</span>
              </div> <!-- test-method -->
              <div class="test-method">
                <span class="method-name">phoneTest3</span>
                <span class="method-start">455 ms</span>
              </div> <!-- test-method -->
              <div class="test-method">
                <span class="method-name">phoneTest1</span>
                <span class="method-start">504 ms</span>
              </div> <!-- test-method -->
            </div> <!-- chronological-class -->
            <div class="chronological-class">
              <div class="chronological-class-name">TestersGroupID.TestNGArtifactID.LoginTest</div> <!-- chronological-class-name -->
              <div class="configuration-test after">
                <span class="method-name">afterTest</span>
                <span class="method-start">523 ms</span>
              </div> <!-- configuration-test after -->
            </div> <!-- chronological-class -->
            <div class="chronological-class">
              <div class="chronological-class-name">grouping.TestGroup</div> <!-- chronological-class-name -->
              <div class="test-method">
                <span class="method-name">testConnectMsSQL</span>
                <span class="method-start">650 ms</span>
              </div> <!-- test-method -->
              <div class="test-method">
                <span class="method-name">testConnectOracle</span>
                <span class="method-start">653 ms</span>
              </div> <!-- test-method -->
            </div> <!-- chronological-class -->
            <div class="chronological-class">
              <div class="chronological-class-name">testNG.loginLogoutDataDriveTesintUsingTestNG</div> <!-- chronological-class-name -->
              <div class="configuration-class before">
                <span class="method-name">beforeClass</span>
                <span class="method-start">678 ms</span>
              </div> <!-- configuration-class before -->
              <div class="configuration-method before">
                <span class="method-name">beforeTest</span>
                <span class="method-start">6915 ms</span>
              </div> <!-- configuration-method before -->
              <div class="test-method">
                <span class="method-name">loginLogoutTestWithCorrectCredencials(a, a)</span>
                <span class="method-start">6915 ms</span>
              </div> <!-- test-method -->
              <div class="configuration-method before">
                <span class="method-name">beforeTest</span>
                <span class="method-start">9998 ms</span>
              </div> <!-- configuration-method before -->
              <div class="test-method">
                <span class="method-name">loginLogoutTestWithCorrectCredencials(b, b)</span>
                <span class="method-start">9998 ms</span>
              </div> <!-- test-method -->
              <div class="configuration-method before">
                <span class="method-name">beforeTest</span>
                <span class="method-start">12993 ms</span>
              </div> <!-- configuration-method before -->
              <div class="test-method">
                <span class="method-name">loginLogoutTestWithCorrectCredencials(c, c)</span>
                <span class="method-start">12994 ms</span>
              </div> <!-- test-method -->
              <div class="configuration-method before">
                <span class="method-name">beforeTest</span>
                <span class="method-start">16207 ms</span>
              </div> <!-- configuration-method before -->
              <div class="test-method">
                <img src="failed.png">
                </img>
                <span class="method-name">loginLogoutTestWithCorrectCredencials(d, ddsf)</span>
                <span class="method-start">16207 ms</span>
              </div> <!-- test-method -->
              <div class="configuration-method before">
                <span class="method-name">beforeTest</span>
                <span class="method-start">22233 ms</span>
              </div> <!-- configuration-method before -->
              <div class="test-method">
                <span class="method-name">loginLogoutTestWithCorrectCredencials(e, e)</span>
                <span class="method-start">22233 ms</span>
              </div> <!-- test-method -->
              <div class="configuration-method before">
                <span class="method-name">beforeTest</span>
                <span class="method-start">25281 ms</span>
              </div> <!-- configuration-method before -->
              <div class="test-method">
                <img src="failed.png">
                </img>
                <span class="method-name">loginLogoutTestWithCorrectCredencials(f, f)</span>
                <span class="method-start">25282 ms</span>
              </div> <!-- test-method -->
              <div class="configuration-method before">
                <span class="method-name">beforeTest</span>
                <span class="method-start">31242 ms</span>
              </div> <!-- configuration-method before -->
              <div class="test-method">
                <span class="method-name">loginLogoutTestWtihIncorrectCredencials(awerew, a)</span>
                <span class="method-start">31243 ms</span>
              </div> <!-- test-method -->
              <div class="configuration-method before">
                <span class="method-name">beforeTest</span>
                <span class="method-start">37312 ms</span>
              </div> <!-- configuration-method before -->
              <div class="test-method">
                <span class="method-name">loginLogoutTestWtihIncorrectCredencials( , b)</span>
                <span class="method-start">37312 ms</span>
              </div> <!-- test-method -->
              <div class="configuration-method before">
                <span class="method-name">beforeTest</span>
                <span class="method-start">43350 ms</span>
              </div> <!-- configuration-method before -->
              <div class="test-method">
                <img src="failed.png">
                </img>
                <span class="method-name">loginLogoutTestWtihIncorrectCredencials(c, c)</span>
                <span class="method-start">43350 ms</span>
              </div> <!-- test-method -->
              <div class="configuration-method before">
                <span class="method-name">beforeTest</span>
                <span class="method-start">46427 ms</span>
              </div> <!-- configuration-method before -->
              <div class="test-method">
                <span class="method-name">loginLogoutTestWtihIncorrectCredencials(d%^7rtyrty, d)</span>
                <span class="method-start">46427 ms</span>
              </div> <!-- test-method -->
              <div class="configuration-method before">
                <span class="method-name">beforeTest</span>
                <span class="method-start">56232 ms</span>
              </div> <!-- configuration-method before -->
              <div class="test-method">
                <span class="method-name">loginLogoutTestWtihIncorrectCredencials(e13311, e)</span>
                <span class="method-start">56232 ms</span>
              </div> <!-- test-method -->
              <div class="configuration-method before">
                <span class="method-name">beforeTest</span>
                <span class="method-start">62422 ms</span>
              </div> <!-- configuration-method before -->
              <div class="test-method">
                <span class="method-name">loginLogoutTestWtihIncorrectCredencials(f#$#$#, f)</span>
                <span class="method-start">62422 ms</span>
              </div> <!-- test-method -->
              <div class="configuration-class after">
                <span class="method-name">afterClass</span>
                <span class="method-start">68474 ms</span>
              </div> <!-- configuration-class after -->
            </div> <!-- chronological-class -->
            <div class="chronological-class">
              <div class="chronological-class-name">testNG.RegistrationToBackendIntegerationTestUsingTestNG</div> <!-- chronological-class-name -->
              <div class="configuration-class before">
                <span class="method-name">beforeClass</span>
                <span class="method-start">70007 ms</span>
              </div> <!-- configuration-class before -->
              <div class="test-method">
                <span class="method-name">chekcRegistrationPageIsWorkingWithBackend</span>
                <span class="method-start">73915 ms</span>
              </div> <!-- test-method -->
              <div class="configuration-class after">
                <span class="method-name">afterClass</span>
                <span class="method-start">74705 ms</span>
              </div> <!-- configuration-class after -->
            </div> <!-- chronological-class -->
            <div class="chronological-class">
              <div class="chronological-class-name">testNG.TestNGAnnotaionsWithLoginLogoutExample</div> <!-- chronological-class-name -->
              <div class="configuration-class before">
                <span class="method-name">steChrome</span>
                <span class="method-start">75953 ms</span>
              </div> <!-- configuration-class before -->
              <div class="configuration-method before">
                <span class="method-name">thisIsBeforeMethod</span>
                <span class="method-start">79735 ms</span>
              </div> <!-- configuration-method before -->
              <div class="test-method">
                <span class="method-name">logonLogoutTestFor1</span>
                <span class="method-start">79735 ms</span>
              </div> <!-- test-method -->
              <div class="configuration-method after">
                <span class="method-name">runAfterEachMethod</span>
                <span class="method-start">82764 ms</span>
              </div> <!-- configuration-method after -->
              <div class="configuration-method before">
                <span class="method-name">thisIsBeforeMethod</span>
                <span class="method-start">82764 ms</span>
              </div> <!-- configuration-method before -->
              <div class="test-method">
                <span class="method-name">logonLogoutTestFor2</span>
                <span class="method-start">82764 ms</span>
              </div> <!-- test-method -->
              <div class="configuration-method after">
                <span class="method-name">runAfterEachMethod</span>
                <span class="method-start">85620 ms</span>
              </div> <!-- configuration-method after -->
              <div class="configuration-method before">
                <span class="method-name">thisIsBeforeMethod</span>
                <span class="method-start">85620 ms</span>
              </div> <!-- configuration-method before -->
              <div class="test-method">
                <img src="failed.png">
                </img>
                <span class="method-name">logonLogoutTestFor3</span>
                <span class="method-start">85621 ms</span>
              </div> <!-- test-method -->
              <div class="configuration-method after">
                <span class="method-name">runAfterEachMethod</span>
                <span class="method-start">86552 ms</span>
              </div> <!-- configuration-method after -->
              <div class="configuration-method before">
                <span class="method-name">thisIsBeforeMethod</span>
                <span class="method-start">86554 ms</span>
              </div> <!-- configuration-method before -->
              <div class="test-method">
                <img src="failed.png">
                </img>
                <span class="method-name">logonLogoutTestFor4</span>
                <span class="method-start">86555 ms</span>
              </div> <!-- test-method -->
              <div class="configuration-method after">
                <span class="method-name">runAfterEachMethod</span>
                <span class="method-start">87514 ms</span>
              </div> <!-- configuration-method after -->
              <div class="configuration-method before">
                <span class="method-name">thisIsBeforeMethod</span>
                <span class="method-start">87516 ms</span>
              </div> <!-- configuration-method before -->
              <div class="test-method">
                <img src="failed.png">
                </img>
                <span class="method-name">logonLogoutTestFor5</span>
                <span class="method-start">87517 ms</span>
              </div> <!-- test-method -->
              <div class="configuration-method after">
                <span class="method-name">runAfterEachMethod</span>
                <span class="method-start">87840 ms</span>
              </div> <!-- configuration-method after -->
              <div class="configuration-method before">
                <span class="method-name">thisIsBeforeMethod</span>
                <span class="method-start">87841 ms</span>
              </div> <!-- configuration-method before -->
              <div class="test-method">
                <img src="failed.png">
                </img>
                <span class="method-name">logonLogoutTestFor6</span>
                <span class="method-start">87841 ms</span>
              </div> <!-- test-method -->
              <div class="configuration-method after">
                <span class="method-name">runAfterEachMethod</span>
                <span class="method-start">87857 ms</span>
              </div> <!-- configuration-method after -->
              <div class="configuration-class after">
                <span class="method-name">thisIsAfterClass</span>
                <span class="method-start">87857 ms</span>
              </div> <!-- configuration-class after -->
            </div> <!-- chronological-class -->
            <div class="chronological-class">
              <div class="chronological-class-name">TestersGroupID.TestNGArtifactID.LoginTest</div> <!-- chronological-class-name -->
              <div class="configuration-suite after">
                <span class="method-name">afterSuite</span>
                <span class="method-start">89343 ms</span>
              </div> <!-- configuration-suite after -->
            </div> <!-- chronological-class -->
            <div class="chronological-class">
              <div class="chronological-class-name">TestersGroupID.TestNGArtifactID.PriorityAndDependsOn</div> <!-- chronological-class-name -->
              <div class="configuration-suite after">
                <span class="method-name">afterSuite</span>
                <span class="method-start">89345 ms</span>
              </div> <!-- configuration-suite after -->
          </div> <!-- main-panel-content rounded-window-bottom -->
        </div> <!-- panel -->
      </div> <!-- main-panel-root -->
    </div> <!-- wrapper -->
  </body>
</html>
