<?xml version="1.0" encoding="UTF-8"?>
<!-- Generated by org.testng.reporters.JUnitXMLReporter -->
<testsuite hostname="LAPTOP-RO5NS03S" name="Test Case 6 " tests="19" failures="7" timestamp="22 Aug 2017 19:32:51 GMT" time="88.644" errors="0">
  <testcase name="loginLogoutTestWithCorrectCredencials" time="3.081" classname="testNG.loginLogoutDataDriveTesintUsingTestNG"/>
  <testcase name="loginLogoutTestWithCorrectCredencials" time="2.995" classname="testNG.loginLogoutDataDriveTesintUsingTestNG"/>
  <testcase name="loginLogoutTestWithCorrectCredencials" time="3.213" classname="testNG.loginLogoutDataDriveTesintUsingTestNG"/>
  <testcase name="loginLogoutTestWithCorrectCredencials" time="6.025" classname="testNG.loginLogoutDataDriveTesintUsingTestNG">
    <failure type="java.lang.AssertionError" message="null">
      <![CDATA[java.lang.AssertionError: null
	at testNG.loginLogoutDataDriveTesintUsingTestNG.loginLogoutTestWithCorrectCredencials(loginLogoutDataDriveTesintUsingTestNG.java:53)
... Removed 26 stack frames]]>
    </failure>
  </testcase> <!-- loginLogoutTestWithCorrectCredencials -->
  <testcase name="loginLogoutTestWithCorrectCredencials" time="3.048" classname="testNG.loginLogoutDataDriveTesintUsingTestNG"/>
  <testcase name="loginLogoutTestWithCorrectCredencials" time="5.959" classname="testNG.loginLogoutDataDriveTesintUsingTestNG">
    <failure type="java.lang.AssertionError" message="null">
      <![CDATA[java.lang.AssertionError: null
	at testNG.loginLogoutDataDriveTesintUsingTestNG.loginLogoutTestWithCorrectCredencials(loginLogoutDataDriveTesintUsingTestNG.java:53)
... Removed 26 stack frames]]>
    </failure>
  </testcase> <!-- loginLogoutTestWithCorrectCredencials -->
  <testcase name="loginLogoutTestWtihIncorrectCredencials" time="6.069" classname="testNG.loginLogoutDataDriveTesintUsingTestNG"/>
  <testcase name="loginLogoutTestWtihIncorrectCredencials" time="6.037" classname="testNG.loginLogoutDataDriveTesintUsingTestNG"/>
  <testcase name="loginLogoutTestWtihIncorrectCredencials" time="3.076" classname="testNG.loginLogoutDataDriveTesintUsingTestNG">
    <failure type="java.lang.AssertionError" message="null">
      <![CDATA[java.lang.AssertionError: null
	at testNG.loginLogoutDataDriveTesintUsingTestNG.loginLogoutTestWtihIncorrectCredencials(loginLogoutDataDriveTesintUsingTestNG.java:83)
... Removed 26 stack frames]]>
    </failure>
  </testcase> <!-- loginLogoutTestWtihIncorrectCredencials -->
  <testcase name="loginLogoutTestWtihIncorrectCredencials" time="9.804" classname="testNG.loginLogoutDataDriveTesintUsingTestNG"/>
  <testcase name="loginLogoutTestWtihIncorrectCredencials" time="6.189" classname="testNG.loginLogoutDataDriveTesintUsingTestNG"/>
  <testcase name="loginLogoutTestWtihIncorrectCredencials" time="6.052" classname="testNG.loginLogoutDataDriveTesintUsingTestNG"/>
  <testcase name="chekcRegistrationPageIsWorkingWithBackend" time="0.79" classname="testNG.RegistrationToBackendIntegerationTestUsingTestNG"/>
  <testcase name="logonLogoutTestFor1" time="3.028" classname="testNG.TestNGAnnotaionsWithLoginLogoutExample"/>
  <testcase name="logonLogoutTestFor2" time="2.855" classname="testNG.TestNGAnnotaionsWithLoginLogoutExample"/>
  <testcase name="logonLogoutTestFor3" time="0.93" classname="testNG.TestNGAnnotaionsWithLoginLogoutExample">
    <failure type="java.lang.AssertionError" message="null">
      <![CDATA[java.lang.AssertionError: null
	at testNG.TestNGAnnotaionsWithLoginLogoutExample.logonLogoutTestFor3(TestNGAnnotaionsWithLoginLogoutExample.java:82)
... Removed 26 stack frames]]>
    </failure>
  </testcase> <!-- logonLogoutTestFor3 -->
  <testcase name="logonLogoutTestFor4" time="0.958" classname="testNG.TestNGAnnotaionsWithLoginLogoutExample">
    <failure type="java.lang.AssertionError" message="null">
      <![CDATA[java.lang.AssertionError: null
	at testNG.TestNGAnnotaionsWithLoginLogoutExample.logonLogoutTestFor4(TestNGAnnotaionsWithLoginLogoutExample.java:100)
... Removed 26 stack frames]]>
    </failure>
  </testcase> <!-- logonLogoutTestFor4 -->
  <testcase name="logonLogoutTestFor5" time="0.322" classname="testNG.TestNGAnnotaionsWithLoginLogoutExample">
    <failure type="java.lang.AssertionError" message="null">
      <![CDATA[java.lang.AssertionError: null
	at testNG.TestNGAnnotaionsWithLoginLogoutExample.logonLogoutTestFor5(TestNGAnnotaionsWithLoginLogoutExample.java:119)
... Removed 26 stack frames]]>
    </failure>
  </testcase> <!-- logonLogoutTestFor5 -->
  <testcase name="logonLogoutTestFor6" time="0.005" classname="testNG.TestNGAnnotaionsWithLoginLogoutExample">
    <failure type="org.openqa.selenium.NoSuchWindowException" message="no such window: target window already closed
from unknown error: web view not found
  (Session info: chrome=60.0.3112.101)
  (Driver info: chromedriver=2.30.477700 (0057494ad8732195794a7b32078424f92a5fce41),platform=Windows NT 10.0.14393 x86_64) (WARNING: The server did not provide any stacktrace information)
Command duration or timeout: 3 milliseconds
Build info: version: &amp;apos;3.4.0&amp;apos;, revision: &amp;apos;unknown&amp;apos;, time: &amp;apos;unknown&amp;apos;
System info: host: &amp;apos;LAPTOP-RO5NS03S&amp;apos;, ip: &amp;apos;192.168.56.1&amp;apos;, os.name: &amp;apos;Windows 10&amp;apos;, os.arch: &amp;apos;amd64&amp;apos;, os.version: &amp;apos;10.0&amp;apos;, java.version: &amp;apos;1.8.0_131&amp;apos;
Driver info: org.openqa.selenium.chrome.ChromeDriver
Capabilities [{applicationCacheEnabled=false, rotatable=false, mobileEmulationEnabled=false, networkConnectionEnabled=false, chrome={chromedriverVersion=2.30.477700 (0057494ad8732195794a7b32078424f92a5fce41), userDataDir=C:\Users\solomon\AppData\Local\Temp\scoped_dir10764_560}, takesHeapSnapshot=true, pageLoadStrategy=normal, databaseEnabled=false, handlesAlerts=true, hasTouchScreen=false, version=60.0.3112.101, platform=XP, browserConnectionEnabled=false, nativeEvents=true, acceptSslCerts=true, locationContextEnabled=true, webStorageEnabled=true, browserName=chrome, takesScreenshot=true, javascriptEnabled=true, cssSelectorsEnabled=true, unexpectedAlertBehaviour=}]
Session ID: 151d9ad95f34baa63db8d9afc6939c23
*** Element info: {Using=name, value=userName}">
      <![CDATA[org.openqa.selenium.NoSuchWindowException: no such window: target window already closed
from unknown error: web view not found
  (Session info: chrome=60.0.3112.101)
  (Driver info: chromedriver=2.30.477700 (0057494ad8732195794a7b32078424f92a5fce41),platform=Windows NT 10.0.14393 x86_64) (WARNING: The server did not provide any stacktrace information)
Command duration or timeout: 3 milliseconds
Build info: version: '3.4.0', revision: 'unknown', time: 'unknown'
System info: host: 'LAPTOP-RO5NS03S', ip: '192.168.56.1', os.name: 'Windows 10', os.arch: 'amd64', os.version: '10.0', java.version: '1.8.0_131'
Driver info: org.openqa.selenium.chrome.ChromeDriver
Capabilities [{applicationCacheEnabled=false, rotatable=false, mobileEmulationEnabled=false, networkConnectionEnabled=false, chrome={chromedriverVersion=2.30.477700 (0057494ad8732195794a7b32078424f92a5fce41), userDataDir=C:\Users\solomon\AppData\Local\Temp\scoped_dir10764_560}, takesHeapSnapshot=true, pageLoadStrategy=normal, databaseEnabled=false, handlesAlerts=true, hasTouchScreen=false, version=60.0.3112.101, platform=XP, browserConnectionEnabled=false, nativeEvents=true, acceptSslCerts=true, locationContextEnabled=true, webStorageEnabled=true, browserName=chrome, takesScreenshot=true, javascriptEnabled=true, cssSelectorsEnabled=true, unexpectedAlertBehaviour=}]
Session ID: 151d9ad95f34baa63db8d9afc6939c23
*** Element info: {Using=name, value=userName}
	at org.openqa.selenium.remote.ErrorHandler.createThrowable(ErrorHandler.java:215)
	at org.openqa.selenium.remote.ErrorHandler.throwIfResponseFailed(ErrorHandler.java:167)
	at org.openqa.selenium.remote.RemoteWebDriver.execute(RemoteWebDriver.java:671)
	at org.openqa.selenium.remote.RemoteWebDriver.findElement(RemoteWebDriver.java:410)
	at org.openqa.selenium.remote.RemoteWebDriver.findElementByName(RemoteWebDriver.java:485)
	at org.openqa.selenium.By$ByName.findElement(By.java:303)
	at org.openqa.selenium.remote.RemoteWebDriver.findElement(RemoteWebDriver.java:402)
	at testNG.TestNGAnnotaionsWithLoginLogoutExample.logonLogoutTestFor6(TestNGAnnotaionsWithLoginLogoutExample.java:127)
... Removed 28 stack frames]]>
    </failure>
  </testcase> <!-- logonLogoutTestFor6 -->
</testsuite> <!-- Test Case 6  -->
