<?xml version="1.0" encoding="UTF-8"?>
<!-- Generated by org.testng.reporters.JUnitXMLReporter -->
<testsuite hostname="LAPTOP-RO5NS03S" name="Test Case 3 " tests="11" failures="1" timestamp="22 Aug 2017 19:31:22 GMT" time="0.057" errors="0">
  <testcase name="loginTestWithCorrectCredencials" time="0.001" classname="TestersGroupID.TestNGArtifactID.LoginTest"/>
  <testcase name="loginTestWithWrongCredencials" time="0.001" classname="TestersGroupID.TestNGArtifactID.LoginTest"/>
  <testcase name="phoneTest2" time="0.003" classname="TestersGroupID.TestNGArtifactID.PriorityAndDependsOn"/>
  <testcase name="emailTest4" time="0.001" classname="TestersGroupID.TestNGArtifactID.PriorityAndDependsOn"/>
  <testcase name="emailTest2" time="0.001" classname="TestersGroupID.TestNGArtifactID.PriorityAndDependsOn">
    <failure type="java.lang.AssertionError" message="expected [John] but found [Solomon]">
      <![CDATA[java.lang.AssertionError: expected [John] but found [Solomon]
	at TestersGroupID.TestNGArtifactID.PriorityAndDependsOn.emailTest2(PriorityAndDependsOn.java:51)
... Removed 29 stack frames]]>
    </failure>
  </testcase> <!-- emailTest2 -->
  <testcase name="phoneTest3" time="0.008" classname="TestersGroupID.TestNGArtifactID.PriorityAndDependsOn"/>
  <testcase name="phoneTest1" time="0.002" classname="TestersGroupID.TestNGArtifactID.PriorityAndDependsOn"/>
  <testcase name="phoneTest4" time="0.001" classname="TestersGroupID.TestNGArtifactID.PriorityAndDependsOn">
    <skipped/>
  </testcase> <!-- phoneTest4 -->
  <testcase name="emailTest3" time="0.0" classname="TestersGroupID.TestNGArtifactID.PriorityAndDependsOn">
    <skipped/>
  </testcase> <!-- emailTest3 -->
  <testcase name="emailTest1" time="0.004" classname="TestersGroupID.TestNGArtifactID.PriorityAndDependsOn">
    <skipped/>
  </testcase> <!-- emailTest1 -->
  <testcase name="myTestCase" time="0.002" classname="TestersGroupID.TestNGArtifactID.PassingParameter"/>
</testsuite> <!-- Test Case 3  -->
