<html>
<head>
<title>TestNG:  Test Case 3 </title>
<link href="../testng.css" rel="stylesheet" type="text/css" />
<link href="../my-testng.css" rel="stylesheet" type="text/css" />

<style type="text/css">
.log { display: none;} 
.stack-trace { display: none;} 
</style>
<script type="text/javascript">
<!--
function flip(e) {
  current = e.style.display;
  if (current == 'block') {
    e.style.display = 'none';
    return 0;
  }
  else {
    e.style.display = 'block';
    return 1;
  }
}

function toggleBox(szDivId, elem, msg1, msg2)
{
  var res = -1;  if (document.getElementById) {
    res = flip(document.getElementById(szDivId));
  }
  else if (document.all) {
    // this is the way old msie versions work
    res = flip(document.all[szDivId]);
  }
  if(elem) {
    if(res == 0) elem.innerHTML = msg1; else elem.innerHTML = msg2;
  }

}

function toggleAllBoxes() {
  if (document.getElementsByTagName) {
    d = document.getElementsByTagName('div');
    for (i = 0; i < d.length; i++) {
      if (d[i].className == 'log') {
        flip(d[i]);
      }
    }
  }
}

// -->
</script>

</head>
<body>
<h2 align='center'>Test Case 3 </h2><table border='1' align="center">
<tr>
<td>Tests passed/Failed/Skipped:</td><td>7/1/3</td>
</tr><tr>
<td>Started on:</td><td>Tue Jul 11 02:15:31 EDT 2017</td>
</tr>
<tr><td>Total time:</td><td>0 seconds (76 ms)</td>
</tr><tr>
<td>Included groups:</td><td></td>
</tr><tr>
<td>Excluded groups:</td><td></td>
</tr>
</table><p/>
<small><i>(Hover the method name to see the test class name)</i></small><p/>
<table width='100%' border='1' class='invocation-failed'>
<tr><td colspan='4' align='center'><b>FAILED TESTS</b></td></tr>
<tr><td><b>Test method</b></td>
<td width="30%"><b>Exception</b></td>
<td width="10%"><b>Time (seconds)</b></td>
<td><b>Instance</b></td>
</tr>
<tr>
<td title='TestersGroupID.TestNGArtifactID.PriorityAndDependsOn.emailTest2()'><b>emailTest2</b><br>Test class: TestersGroupID.TestNGArtifactID.PriorityAndDependsOn</td>
<td><div><pre>java.lang.AssertionError: expected [John] but found [Solomon]
	at TestersGroupID.TestNGArtifactID.PriorityAndDependsOn.emailTest2(PriorityAndDependsOn.java:51)
... Removed 29 stack frames</pre></div><a href='#' onClick='toggleBox("stack-trace665188480", this, "Click to show all stack frames", "Click to hide stack frames")'>Click to show all stack frames</a>
<div class='stack-trace' id='stack-trace665188480'><pre>java.lang.AssertionError: expected [John] but found [Solomon]
	at org.testng.Assert.fail(Assert.java:94)
	at org.testng.Assert.failNotEquals(Assert.java:494)
	at org.testng.Assert.assertEquals(Assert.java:123)
	at org.testng.Assert.assertEquals(Assert.java:176)
	at org.testng.Assert.assertEquals(Assert.java:186)
	at TestersGroupID.TestNGArtifactID.PriorityAndDependsOn.emailTest2(PriorityAndDependsOn.java:51)
	at sun.reflect.NativeMethodAccessorImpl.invoke0(Native Method)
	at sun.reflect.NativeMethodAccessorImpl.invoke(Unknown Source)
	at sun.reflect.DelegatingMethodAccessorImpl.invoke(Unknown Source)
	at java.lang.reflect.Method.invoke(Unknown Source)
	at org.testng.internal.MethodInvocationHelper.invokeMethod(MethodInvocationHelper.java:80)
	at org.testng.internal.Invoker.invokeMethod(Invoker.java:714)
	at org.testng.internal.Invoker.invokeTestMethod(Invoker.java:901)
	at org.testng.internal.Invoker.invokeTestMethods(Invoker.java:1231)
	at org.testng.internal.TestMethodWorker.invokeTestMethods(TestMethodWorker.java:127)
	at org.testng.internal.TestMethodWorker.run(TestMethodWorker.java:111)
	at org.testng.TestRunner.privateRun(TestRunner.java:767)
	at org.testng.TestRunner.run(TestRunner.java:617)
	at org.testng.SuiteRunner.runTest(SuiteRunner.java:334)
	at org.testng.SuiteRunner.runSequentially(SuiteRunner.java:329)
	at org.testng.SuiteRunner.privateRun(SuiteRunner.java:291)
	at org.testng.SuiteRunner.run(SuiteRunner.java:240)
	at org.testng.SuiteRunnerWorker.runSuite(SuiteRunnerWorker.java:52)
	at org.testng.SuiteRunnerWorker.run(SuiteRunnerWorker.java:86)
	at org.testng.TestNG.runSuitesSequentially(TestNG.java:1198)
	at org.testng.TestNG.runSuitesLocally(TestNG.java:1123)
	at org.testng.TestNG.run(TestNG.java:1031)
	at org.testng.remote.AbstractRemoteTestNG.run(AbstractRemoteTestNG.java:132)
	at org.testng.remote.RemoteTestNG.initAndRun(RemoteTestNG.java:236)
	at org.testng.remote.RemoteTestNG.main(RemoteTestNG.java:81)
</pre></div></td>
<td>0</td>
<td>TestersGroupID.TestNGArtifactID.PriorityAndDependsOn@13deb50e</td></tr>
</table><p>
<table width='100%' border='1' class='invocation-passed'>
<tr><td colspan='4' align='center'><b>PASSED TESTS</b></td></tr>
<tr><td><b>Test method</b></td>
<td width="30%"><b>Exception</b></td>
<td width="10%"><b>Time (seconds)</b></td>
<td><b>Instance</b></td>
</tr>
<tr>
<td title='TestersGroupID.TestNGArtifactID.PriorityAndDependsOn.emailTest4()'><b>emailTest4</b><br>Test class: TestersGroupID.TestNGArtifactID.PriorityAndDependsOn</td>
<td></td>
<td>0</td>
<td>TestersGroupID.TestNGArtifactID.PriorityAndDependsOn@13deb50e</td></tr>
<tr>
<td title='TestersGroupID.TestNGArtifactID.LoginTest.loginTestWithCorrectCredencials()'><b>loginTestWithCorrectCredencials</b><br>Test class: TestersGroupID.TestNGArtifactID.LoginTest</td>
<td></td>
<td>0</td>
<td>TestersGroupID.TestNGArtifactID.LoginTest@239963d8</td></tr>
<tr>
<td title='TestersGroupID.TestNGArtifactID.LoginTest.loginTestWithWrongCredencials()'><b>loginTestWithWrongCredencials</b><br>Test class: TestersGroupID.TestNGArtifactID.LoginTest</td>
<td></td>
<td>0</td>
<td>TestersGroupID.TestNGArtifactID.LoginTest@239963d8</td></tr>
<tr>
<td title='TestersGroupID.TestNGArtifactID.PassingParameter.myTestCase()'><b>myTestCase</b><br>Test class: TestersGroupID.TestNGArtifactID.PassingParameter</td>
<td></td>
<td>0</td>
<td>TestersGroupID.TestNGArtifactID.PassingParameter@f6c48ac</td></tr>
<tr>
<td title='TestersGroupID.TestNGArtifactID.PriorityAndDependsOn.phoneTest1()'><b>phoneTest1</b><br>Test class: TestersGroupID.TestNGArtifactID.PriorityAndDependsOn</td>
<td></td>
<td>0</td>
<td>TestersGroupID.TestNGArtifactID.PriorityAndDependsOn@13deb50e</td></tr>
<tr>
<td title='TestersGroupID.TestNGArtifactID.PriorityAndDependsOn.phoneTest2()'><b>phoneTest2</b><br>Test class: TestersGroupID.TestNGArtifactID.PriorityAndDependsOn</td>
<td></td>
<td>0</td>
<td>TestersGroupID.TestNGArtifactID.PriorityAndDependsOn@13deb50e</td></tr>
<tr>
<td title='TestersGroupID.TestNGArtifactID.PriorityAndDependsOn.phoneTest3()'><b>phoneTest3</b><br>Test class: TestersGroupID.TestNGArtifactID.PriorityAndDependsOn</td>
<td></td>
<td>0</td>
<td>TestersGroupID.TestNGArtifactID.PriorityAndDependsOn@13deb50e</td></tr>
</table><p>
<table width='100%' border='1' class='invocation-skipped'>
<tr><td colspan='4' align='center'><b>SKIPPED TESTS</b></td></tr>
<tr><td><b>Test method</b></td>
<td width="30%"><b>Exception</b></td>
<td width="10%"><b>Time (seconds)</b></td>
<td><b>Instance</b></td>
</tr>
<tr>
<td title='TestersGroupID.TestNGArtifactID.PriorityAndDependsOn.emailTest1()'><b>emailTest1</b><br>Test class: TestersGroupID.TestNGArtifactID.PriorityAndDependsOn</td>
<td></td>
<td>0</td>
<td>null</td></tr>
<tr>
<td title='TestersGroupID.TestNGArtifactID.PriorityAndDependsOn.emailTest3()'><b>emailTest3</b><br>Test class: TestersGroupID.TestNGArtifactID.PriorityAndDependsOn</td>
<td></td>
<td>0</td>
<td>null</td></tr>
<tr>
<td title='TestersGroupID.TestNGArtifactID.PriorityAndDependsOn.phoneTest4()'><b>phoneTest4</b><br>Test class: TestersGroupID.TestNGArtifactID.PriorityAndDependsOn</td>
<td></td>
<td>0</td>
<td>null</td></tr>
</table><p>
</body>
</html>