<html>
<head>
<title>TestNG:  Test Case 6 </title>
<link href="../testng.css" rel="stylesheet" type="text/css" />
<link href="../my-testng.css" rel="stylesheet" type="text/css" />

<style type="text/css">
.log { display: none;} 
.stack-trace { display: none;} 
</style>
<script type="text/javascript">
<!--
function flip(e) {
  current = e.style.display;
  if (current == 'block') {
    e.style.display = 'none';
    return 0;
  }
  else {
    e.style.display = 'block';
    return 1;
  }
}

function toggleBox(szDivId, elem, msg1, msg2)
{
  var res = -1;  if (document.getElementById) {
    res = flip(document.getElementById(szDivId));
  }
  else if (document.all) {
    // this is the way old msie versions work
    res = flip(document.all[szDivId]);
  }
  if(elem) {
    if(res == 0) elem.innerHTML = msg1; else elem.innerHTML = msg2;
  }

}

function toggleAllBoxes() {
  if (document.getElementsByTagName) {
    d = document.getElementsByTagName('div');
    for (i = 0; i < d.length; i++) {
      if (d[i].className == 'log') {
        flip(d[i]);
      }
    }
  }
}

// -->
</script>

</head>
<body>
<h2 align='center'>Test Case 6 </h2><table border='1' align="center">
<tr>
<td>Tests passed/Failed/Skipped:</td><td>12/7/0</td>
</tr><tr>
<td>Started on:</td><td>Tue Aug 22 15:31:23 EDT 2017</td>
</tr>
<tr><td>Total time:</td><td>88 seconds (88644 ms)</td>
</tr><tr>
<td>Included groups:</td><td></td>
</tr><tr>
<td>Excluded groups:</td><td></td>
</tr>
</table><p/>
<small><i>(Hover the method name to see the test class name)</i></small><p/>
<table width='100%' border='1' class='invocation-failed'>
<tr><td colspan='4' align='center'><b>FAILED TESTS</b></td></tr>
<tr><td><b>Test method</b></td>
<td width="30%"><b>Exception</b></td>
<td width="10%"><b>Time (seconds)</b></td>
<td><b>Instance</b></td>
</tr>
<tr>
<td title='testNG.loginLogoutDataDriveTesintUsingTestNG.loginLogoutTestWithCorrectCredencials()'><b>loginLogoutTestWithCorrectCredencials</b><br>Test class: testNG.loginLogoutDataDriveTesintUsingTestNG<br>Parameters: d, ddsf<br/>
<a href="#Output-1046665075" onClick='toggleBox("Output-1046665075", this, "Show output", "Hide output");'>Show output</a>

<a href="#Output-1046665075" onClick="toggleAllBoxes();">Show all outputs</a>
<div class='log' id="Output-1046665075">
org.testng.internal.InvokedMethod, loginLogoutDataDriveTesintUsingTestNG.loginLogoutTestWithCorrectCredencials(java.lang.String, java.lang.String)[pri:0, instance:testNG.loginLogoutDataDriveTesintUsingTestNG@7b49cea0]<br/>
org.testng.internal.InvokedMethod, loginLogoutDataDriveTesintUsingTestNG.loginLogoutTestWithCorrectCredencials(java.lang.String, java.lang.String)[pri:0, instance:testNG.loginLogoutDataDriveTesintUsingTestNG@7b49cea0]<br/>
This test is : testNG.loginLogoutDataDriveTesintUsingTestNG<br/>
The current parameter methods are : , d, ddsf<br/>
 Status of the test is: Failed<br/>
</div>
</td>
<td><div><pre>java.lang.AssertionError: null
	at testNG.loginLogoutDataDriveTesintUsingTestNG.loginLogoutTestWithCorrectCredencials(loginLogoutDataDriveTesintUsingTestNG.java:53)
... Removed 26 stack frames</pre></div><a href='#' onClick='toggleBox("stack-trace1046665075", this, "Click to show all stack frames", "Click to hide stack frames")'>Click to show all stack frames</a>
<div class='stack-trace' id='stack-trace1046665075'><pre>java.lang.AssertionError: null
	at org.testng.Assert.fail(Assert.java:94)
	at org.testng.Assert.fail(Assert.java:101)
	at testNG.loginLogoutDataDriveTesintUsingTestNG.loginLogoutTestWithCorrectCredencials(loginLogoutDataDriveTesintUsingTestNG.java:53)
	at sun.reflect.NativeMethodAccessorImpl.invoke0(Native Method)
	at sun.reflect.NativeMethodAccessorImpl.invoke(NativeMethodAccessorImpl.java:62)
	at sun.reflect.DelegatingMethodAccessorImpl.invoke(DelegatingMethodAccessorImpl.java:43)
	at java.lang.reflect.Method.invoke(Method.java:498)
	at org.testng.internal.MethodInvocationHelper.invokeMethod(MethodInvocationHelper.java:80)
	at org.testng.internal.Invoker.invokeMethod(Invoker.java:714)
	at org.testng.internal.Invoker.invokeTestMethod(Invoker.java:901)
	at org.testng.internal.Invoker.invokeTestMethods(Invoker.java:1231)
	at org.testng.internal.TestMethodWorker.invokeTestMethods(TestMethodWorker.java:127)
	at org.testng.internal.TestMethodWorker.run(TestMethodWorker.java:111)
	at org.testng.TestRunner.privateRun(TestRunner.java:767)
	at org.testng.TestRunner.run(TestRunner.java:617)
	at org.testng.SuiteRunner.runTest(SuiteRunner.java:334)
	at org.testng.SuiteRunner.runSequentially(SuiteRunner.java:329)
	at org.testng.SuiteRunner.privateRun(SuiteRunner.java:291)
	at org.testng.SuiteRunner.run(SuiteRunner.java:240)
	at org.testng.SuiteRunnerWorker.runSuite(SuiteRunnerWorker.java:52)
	at org.testng.SuiteRunnerWorker.run(SuiteRunnerWorker.java:86)
	at org.testng.TestNG.runSuitesSequentially(TestNG.java:1198)
	at org.testng.TestNG.runSuitesLocally(TestNG.java:1123)
	at org.testng.TestNG.run(TestNG.java:1031)
	at org.testng.remote.AbstractRemoteTestNG.run(AbstractRemoteTestNG.java:132)
	at org.testng.remote.RemoteTestNG.initAndRun(RemoteTestNG.java:236)
	at org.testng.remote.RemoteTestNG.main(RemoteTestNG.java:81)
</pre></div></td>
<td>6</td>
<td>testNG.loginLogoutDataDriveTesintUsingTestNG@7b49cea0</td></tr>
<tr>
<td title='testNG.loginLogoutDataDriveTesintUsingTestNG.loginLogoutTestWithCorrectCredencials()'><b>loginLogoutTestWithCorrectCredencials</b><br>Test class: testNG.loginLogoutDataDriveTesintUsingTestNG<br>Parameters: f, f<br/>
<a href="#Output-1893960929" onClick='toggleBox("Output-1893960929", this, "Show output", "Hide output");'>Show output</a>

<a href="#Output-1893960929" onClick="toggleAllBoxes();">Show all outputs</a>
<div class='log' id="Output-1893960929">
org.testng.internal.InvokedMethod, loginLogoutDataDriveTesintUsingTestNG.loginLogoutTestWithCorrectCredencials(java.lang.String, java.lang.String)[pri:0, instance:testNG.loginLogoutDataDriveTesintUsingTestNG@7b49cea0]<br/>
org.testng.internal.InvokedMethod, loginLogoutDataDriveTesintUsingTestNG.loginLogoutTestWithCorrectCredencials(java.lang.String, java.lang.String)[pri:0, instance:testNG.loginLogoutDataDriveTesintUsingTestNG@7b49cea0]<br/>
This test is : testNG.loginLogoutDataDriveTesintUsingTestNG<br/>
The current parameter methods are : , f, f<br/>
 Status of the test is: Failed<br/>
</div>
</td>
<td><div><pre>java.lang.AssertionError: null
	at testNG.loginLogoutDataDriveTesintUsingTestNG.loginLogoutTestWithCorrectCredencials(loginLogoutDataDriveTesintUsingTestNG.java:53)
... Removed 26 stack frames</pre></div><a href='#' onClick='toggleBox("stack-trace1893960929", this, "Click to show all stack frames", "Click to hide stack frames")'>Click to show all stack frames</a>
<div class='stack-trace' id='stack-trace1893960929'><pre>java.lang.AssertionError: null
	at org.testng.Assert.fail(Assert.java:94)
	at org.testng.Assert.fail(Assert.java:101)
	at testNG.loginLogoutDataDriveTesintUsingTestNG.loginLogoutTestWithCorrectCredencials(loginLogoutDataDriveTesintUsingTestNG.java:53)
	at sun.reflect.NativeMethodAccessorImpl.invoke0(Native Method)
	at sun.reflect.NativeMethodAccessorImpl.invoke(NativeMethodAccessorImpl.java:62)
	at sun.reflect.DelegatingMethodAccessorImpl.invoke(DelegatingMethodAccessorImpl.java:43)
	at java.lang.reflect.Method.invoke(Method.java:498)
	at org.testng.internal.MethodInvocationHelper.invokeMethod(MethodInvocationHelper.java:80)
	at org.testng.internal.Invoker.invokeMethod(Invoker.java:714)
	at org.testng.internal.Invoker.invokeTestMethod(Invoker.java:901)
	at org.testng.internal.Invoker.invokeTestMethods(Invoker.java:1231)
	at org.testng.internal.TestMethodWorker.invokeTestMethods(TestMethodWorker.java:127)
	at org.testng.internal.TestMethodWorker.run(TestMethodWorker.java:111)
	at org.testng.TestRunner.privateRun(TestRunner.java:767)
	at org.testng.TestRunner.run(TestRunner.java:617)
	at org.testng.SuiteRunner.runTest(SuiteRunner.java:334)
	at org.testng.SuiteRunner.runSequentially(SuiteRunner.java:329)
	at org.testng.SuiteRunner.privateRun(SuiteRunner.java:291)
	at org.testng.SuiteRunner.run(SuiteRunner.java:240)
	at org.testng.SuiteRunnerWorker.runSuite(SuiteRunnerWorker.java:52)
	at org.testng.SuiteRunnerWorker.run(SuiteRunnerWorker.java:86)
	at org.testng.TestNG.runSuitesSequentially(TestNG.java:1198)
	at org.testng.TestNG.runSuitesLocally(TestNG.java:1123)
	at org.testng.TestNG.run(TestNG.java:1031)
	at org.testng.remote.AbstractRemoteTestNG.run(AbstractRemoteTestNG.java:132)
	at org.testng.remote.RemoteTestNG.initAndRun(RemoteTestNG.java:236)
	at org.testng.remote.RemoteTestNG.main(RemoteTestNG.java:81)
</pre></div></td>
<td>5</td>
<td>testNG.loginLogoutDataDriveTesintUsingTestNG@7b49cea0</td></tr>
<tr>
<td title='testNG.loginLogoutDataDriveTesintUsingTestNG.loginLogoutTestWtihIncorrectCredencials()'><b>loginLogoutTestWtihIncorrectCredencials</b><br>Test class: testNG.loginLogoutDataDriveTesintUsingTestNG<br>Parameters: c, c<br/>
<a href="#Output-795242171" onClick='toggleBox("Output-795242171", this, "Show output", "Hide output");'>Show output</a>

<a href="#Output-795242171" onClick="toggleAllBoxes();">Show all outputs</a>
<div class='log' id="Output-795242171">
org.testng.internal.InvokedMethod, loginLogoutDataDriveTesintUsingTestNG.loginLogoutTestWtihIncorrectCredencials(java.lang.String, java.lang.String)[pri:0, instance:testNG.loginLogoutDataDriveTesintUsingTestNG@7b49cea0]<br/>
org.testng.internal.InvokedMethod, loginLogoutDataDriveTesintUsingTestNG.loginLogoutTestWtihIncorrectCredencials(java.lang.String, java.lang.String)[pri:0, instance:testNG.loginLogoutDataDriveTesintUsingTestNG@7b49cea0]<br/>
This test is : testNG.loginLogoutDataDriveTesintUsingTestNG<br/>
The current parameter methods are : , c, c<br/>
 Status of the test is: Failed<br/>
</div>
</td>
<td><div><pre>java.lang.AssertionError: null
	at testNG.loginLogoutDataDriveTesintUsingTestNG.loginLogoutTestWtihIncorrectCredencials(loginLogoutDataDriveTesintUsingTestNG.java:83)
... Removed 26 stack frames</pre></div><a href='#' onClick='toggleBox("stack-trace795242171", this, "Click to show all stack frames", "Click to hide stack frames")'>Click to show all stack frames</a>
<div class='stack-trace' id='stack-trace795242171'><pre>java.lang.AssertionError: null
	at org.testng.Assert.fail(Assert.java:94)
	at org.testng.Assert.fail(Assert.java:101)
	at testNG.loginLogoutDataDriveTesintUsingTestNG.loginLogoutTestWtihIncorrectCredencials(loginLogoutDataDriveTesintUsingTestNG.java:83)
	at sun.reflect.NativeMethodAccessorImpl.invoke0(Native Method)
	at sun.reflect.NativeMethodAccessorImpl.invoke(NativeMethodAccessorImpl.java:62)
	at sun.reflect.DelegatingMethodAccessorImpl.invoke(DelegatingMethodAccessorImpl.java:43)
	at java.lang.reflect.Method.invoke(Method.java:498)
	at org.testng.internal.MethodInvocationHelper.invokeMethod(MethodInvocationHelper.java:80)
	at org.testng.internal.Invoker.invokeMethod(Invoker.java:714)
	at org.testng.internal.Invoker.invokeTestMethod(Invoker.java:901)
	at org.testng.internal.Invoker.invokeTestMethods(Invoker.java:1231)
	at org.testng.internal.TestMethodWorker.invokeTestMethods(TestMethodWorker.java:127)
	at org.testng.internal.TestMethodWorker.run(TestMethodWorker.java:111)
	at org.testng.TestRunner.privateRun(TestRunner.java:767)
	at org.testng.TestRunner.run(TestRunner.java:617)
	at org.testng.SuiteRunner.runTest(SuiteRunner.java:334)
	at org.testng.SuiteRunner.runSequentially(SuiteRunner.java:329)
	at org.testng.SuiteRunner.privateRun(SuiteRunner.java:291)
	at org.testng.SuiteRunner.run(SuiteRunner.java:240)
	at org.testng.SuiteRunnerWorker.runSuite(SuiteRunnerWorker.java:52)
	at org.testng.SuiteRunnerWorker.run(SuiteRunnerWorker.java:86)
	at org.testng.TestNG.runSuitesSequentially(TestNG.java:1198)
	at org.testng.TestNG.runSuitesLocally(TestNG.java:1123)
	at org.testng.TestNG.run(TestNG.java:1031)
	at org.testng.remote.AbstractRemoteTestNG.run(AbstractRemoteTestNG.java:132)
	at org.testng.remote.RemoteTestNG.initAndRun(RemoteTestNG.java:236)
	at org.testng.remote.RemoteTestNG.main(RemoteTestNG.java:81)
</pre></div></td>
<td>3</td>
<td>testNG.loginLogoutDataDriveTesintUsingTestNG@7b49cea0</td></tr>
<tr>
<td title='testNG.TestNGAnnotaionsWithLoginLogoutExample.logonLogoutTestFor3()'><b>logonLogoutTestFor3</b><br>Test class: testNG.TestNGAnnotaionsWithLoginLogoutExample<br/>
<a href="#Output-2101636817" onClick='toggleBox("Output-2101636817", this, "Show output", "Hide output");'>Show output</a>

<a href="#Output-2101636817" onClick="toggleAllBoxes();">Show all outputs</a>
<div class='log' id="Output-2101636817">
org.testng.internal.InvokedMethod, TestNGAnnotaionsWithLoginLogoutExample.logonLogoutTestFor3()[pri:0, instance:testNG.TestNGAnnotaionsWithLoginLogoutExample@4f970963]<br/>
org.testng.internal.InvokedMethod, TestNGAnnotaionsWithLoginLogoutExample.logonLogoutTestFor3()[pri:0, instance:testNG.TestNGAnnotaionsWithLoginLogoutExample@4f970963]<br/>
This test is : testNG.TestNGAnnotaionsWithLoginLogoutExample<br/>
The current parameter methods are : <br/>
 Status of the test is: Failed<br/>
Method is about to run: org.testng.internal.ConfigurationMethod, runAfterEachMethod<br/>
Method is about to run: org.testng.internal.ConfigurationMethod, runAfterEachMethod<br/>
</div>
</td>
<td><div><pre>java.lang.AssertionError: null
	at testNG.TestNGAnnotaionsWithLoginLogoutExample.logonLogoutTestFor3(TestNGAnnotaionsWithLoginLogoutExample.java:82)
... Removed 26 stack frames</pre></div><a href='#' onClick='toggleBox("stack-trace2101636817", this, "Click to show all stack frames", "Click to hide stack frames")'>Click to show all stack frames</a>
<div class='stack-trace' id='stack-trace2101636817'><pre>java.lang.AssertionError: null
	at org.testng.Assert.fail(Assert.java:94)
	at org.testng.Assert.fail(Assert.java:101)
	at testNG.TestNGAnnotaionsWithLoginLogoutExample.logonLogoutTestFor3(TestNGAnnotaionsWithLoginLogoutExample.java:82)
	at sun.reflect.NativeMethodAccessorImpl.invoke0(Native Method)
	at sun.reflect.NativeMethodAccessorImpl.invoke(NativeMethodAccessorImpl.java:62)
	at sun.reflect.DelegatingMethodAccessorImpl.invoke(DelegatingMethodAccessorImpl.java:43)
	at java.lang.reflect.Method.invoke(Method.java:498)
	at org.testng.internal.MethodInvocationHelper.invokeMethod(MethodInvocationHelper.java:80)
	at org.testng.internal.Invoker.invokeMethod(Invoker.java:714)
	at org.testng.internal.Invoker.invokeTestMethod(Invoker.java:901)
	at org.testng.internal.Invoker.invokeTestMethods(Invoker.java:1231)
	at org.testng.internal.TestMethodWorker.invokeTestMethods(TestMethodWorker.java:127)
	at org.testng.internal.TestMethodWorker.run(TestMethodWorker.java:111)
	at org.testng.TestRunner.privateRun(TestRunner.java:767)
	at org.testng.TestRunner.run(TestRunner.java:617)
	at org.testng.SuiteRunner.runTest(SuiteRunner.java:334)
	at org.testng.SuiteRunner.runSequentially(SuiteRunner.java:329)
	at org.testng.SuiteRunner.privateRun(SuiteRunner.java:291)
	at org.testng.SuiteRunner.run(SuiteRunner.java:240)
	at org.testng.SuiteRunnerWorker.runSuite(SuiteRunnerWorker.java:52)
	at org.testng.SuiteRunnerWorker.run(SuiteRunnerWorker.java:86)
	at org.testng.TestNG.runSuitesSequentially(TestNG.java:1198)
	at org.testng.TestNG.runSuitesLocally(TestNG.java:1123)
	at org.testng.TestNG.run(TestNG.java:1031)
	at org.testng.remote.AbstractRemoteTestNG.run(AbstractRemoteTestNG.java:132)
	at org.testng.remote.RemoteTestNG.initAndRun(RemoteTestNG.java:236)
	at org.testng.remote.RemoteTestNG.main(RemoteTestNG.java:81)
</pre></div></td>
<td>0</td>
<td>testNG.TestNGAnnotaionsWithLoginLogoutExample@4f970963</td></tr>
<tr>
<td title='testNG.TestNGAnnotaionsWithLoginLogoutExample.logonLogoutTestFor4()'><b>logonLogoutTestFor4</b><br>Test class: testNG.TestNGAnnotaionsWithLoginLogoutExample<br/>
<a href="#Output-1706099897" onClick='toggleBox("Output-1706099897", this, "Show output", "Hide output");'>Show output</a>

<a href="#Output-1706099897" onClick="toggleAllBoxes();">Show all outputs</a>
<div class='log' id="Output-1706099897">
org.testng.internal.InvokedMethod, TestNGAnnotaionsWithLoginLogoutExample.logonLogoutTestFor4()[pri:0, instance:testNG.TestNGAnnotaionsWithLoginLogoutExample@4f970963]<br/>
org.testng.internal.InvokedMethod, TestNGAnnotaionsWithLoginLogoutExample.logonLogoutTestFor4()[pri:0, instance:testNG.TestNGAnnotaionsWithLoginLogoutExample@4f970963]<br/>
This test is : testNG.TestNGAnnotaionsWithLoginLogoutExample<br/>
The current parameter methods are : <br/>
 Status of the test is: Failed<br/>
Method is about to run: org.testng.internal.ConfigurationMethod, runAfterEachMethod<br/>
Method is about to run: org.testng.internal.ConfigurationMethod, runAfterEachMethod<br/>
</div>
</td>
<td><div><pre>java.lang.AssertionError: null
	at testNG.TestNGAnnotaionsWithLoginLogoutExample.logonLogoutTestFor4(TestNGAnnotaionsWithLoginLogoutExample.java:100)
... Removed 26 stack frames</pre></div><a href='#' onClick='toggleBox("stack-trace1706099897", this, "Click to show all stack frames", "Click to hide stack frames")'>Click to show all stack frames</a>
<div class='stack-trace' id='stack-trace1706099897'><pre>java.lang.AssertionError: null
	at org.testng.Assert.fail(Assert.java:94)
	at org.testng.Assert.fail(Assert.java:101)
	at testNG.TestNGAnnotaionsWithLoginLogoutExample.logonLogoutTestFor4(TestNGAnnotaionsWithLoginLogoutExample.java:100)
	at sun.reflect.NativeMethodAccessorImpl.invoke0(Native Method)
	at sun.reflect.NativeMethodAccessorImpl.invoke(NativeMethodAccessorImpl.java:62)
	at sun.reflect.DelegatingMethodAccessorImpl.invoke(DelegatingMethodAccessorImpl.java:43)
	at java.lang.reflect.Method.invoke(Method.java:498)
	at org.testng.internal.MethodInvocationHelper.invokeMethod(MethodInvocationHelper.java:80)
	at org.testng.internal.Invoker.invokeMethod(Invoker.java:714)
	at org.testng.internal.Invoker.invokeTestMethod(Invoker.java:901)
	at org.testng.internal.Invoker.invokeTestMethods(Invoker.java:1231)
	at org.testng.internal.TestMethodWorker.invokeTestMethods(TestMethodWorker.java:127)
	at org.testng.internal.TestMethodWorker.run(TestMethodWorker.java:111)
	at org.testng.TestRunner.privateRun(TestRunner.java:767)
	at org.testng.TestRunner.run(TestRunner.java:617)
	at org.testng.SuiteRunner.runTest(SuiteRunner.java:334)
	at org.testng.SuiteRunner.runSequentially(SuiteRunner.java:329)
	at org.testng.SuiteRunner.privateRun(SuiteRunner.java:291)
	at org.testng.SuiteRunner.run(SuiteRunner.java:240)
	at org.testng.SuiteRunnerWorker.runSuite(SuiteRunnerWorker.java:52)
	at org.testng.SuiteRunnerWorker.run(SuiteRunnerWorker.java:86)
	at org.testng.TestNG.runSuitesSequentially(TestNG.java:1198)
	at org.testng.TestNG.runSuitesLocally(TestNG.java:1123)
	at org.testng.TestNG.run(TestNG.java:1031)
	at org.testng.remote.AbstractRemoteTestNG.run(AbstractRemoteTestNG.java:132)
	at org.testng.remote.RemoteTestNG.initAndRun(RemoteTestNG.java:236)
	at org.testng.remote.RemoteTestNG.main(RemoteTestNG.java:81)
</pre></div></td>
<td>0</td>
<td>testNG.TestNGAnnotaionsWithLoginLogoutExample@4f970963</td></tr>
<tr>
<td title='testNG.TestNGAnnotaionsWithLoginLogoutExample.logonLogoutTestFor5()'><b>logonLogoutTestFor5</b><br>Test class: testNG.TestNGAnnotaionsWithLoginLogoutExample<br/>
<a href="#Output-1200906406" onClick='toggleBox("Output-1200906406", this, "Show output", "Hide output");'>Show output</a>

<a href="#Output-1200906406" onClick="toggleAllBoxes();">Show all outputs</a>
<div class='log' id="Output-1200906406">
org.testng.internal.InvokedMethod, TestNGAnnotaionsWithLoginLogoutExample.logonLogoutTestFor5()[pri:0, instance:testNG.TestNGAnnotaionsWithLoginLogoutExample@4f970963]<br/>
org.testng.internal.InvokedMethod, TestNGAnnotaionsWithLoginLogoutExample.logonLogoutTestFor5()[pri:0, instance:testNG.TestNGAnnotaionsWithLoginLogoutExample@4f970963]<br/>
This test is : testNG.TestNGAnnotaionsWithLoginLogoutExample<br/>
The current parameter methods are : <br/>
 Status of the test is: Failed<br/>
Method is about to run: org.testng.internal.ConfigurationMethod, runAfterEachMethod<br/>
Method is about to run: org.testng.internal.ConfigurationMethod, runAfterEachMethod<br/>
</div>
</td>
<td><div><pre>java.lang.AssertionError: null
	at testNG.TestNGAnnotaionsWithLoginLogoutExample.logonLogoutTestFor5(TestNGAnnotaionsWithLoginLogoutExample.java:119)
... Removed 26 stack frames</pre></div><a href='#' onClick='toggleBox("stack-trace1200906406", this, "Click to show all stack frames", "Click to hide stack frames")'>Click to show all stack frames</a>
<div class='stack-trace' id='stack-trace1200906406'><pre>java.lang.AssertionError: null
	at org.testng.Assert.fail(Assert.java:94)
	at org.testng.Assert.fail(Assert.java:101)
	at testNG.TestNGAnnotaionsWithLoginLogoutExample.logonLogoutTestFor5(TestNGAnnotaionsWithLoginLogoutExample.java:119)
	at sun.reflect.NativeMethodAccessorImpl.invoke0(Native Method)
	at sun.reflect.NativeMethodAccessorImpl.invoke(NativeMethodAccessorImpl.java:62)
	at sun.reflect.DelegatingMethodAccessorImpl.invoke(DelegatingMethodAccessorImpl.java:43)
	at java.lang.reflect.Method.invoke(Method.java:498)
	at org.testng.internal.MethodInvocationHelper.invokeMethod(MethodInvocationHelper.java:80)
	at org.testng.internal.Invoker.invokeMethod(Invoker.java:714)
	at org.testng.internal.Invoker.invokeTestMethod(Invoker.java:901)
	at org.testng.internal.Invoker.invokeTestMethods(Invoker.java:1231)
	at org.testng.internal.TestMethodWorker.invokeTestMethods(TestMethodWorker.java:127)
	at org.testng.internal.TestMethodWorker.run(TestMethodWorker.java:111)
	at org.testng.TestRunner.privateRun(TestRunner.java:767)
	at org.testng.TestRunner.run(TestRunner.java:617)
	at org.testng.SuiteRunner.runTest(SuiteRunner.java:334)
	at org.testng.SuiteRunner.runSequentially(SuiteRunner.java:329)
	at org.testng.SuiteRunner.privateRun(SuiteRunner.java:291)
	at org.testng.SuiteRunner.run(SuiteRunner.java:240)
	at org.testng.SuiteRunnerWorker.runSuite(SuiteRunnerWorker.java:52)
	at org.testng.SuiteRunnerWorker.run(SuiteRunnerWorker.java:86)
	at org.testng.TestNG.runSuitesSequentially(TestNG.java:1198)
	at org.testng.TestNG.runSuitesLocally(TestNG.java:1123)
	at org.testng.TestNG.run(TestNG.java:1031)
	at org.testng.remote.AbstractRemoteTestNG.run(AbstractRemoteTestNG.java:132)
	at org.testng.remote.RemoteTestNG.initAndRun(RemoteTestNG.java:236)
	at org.testng.remote.RemoteTestNG.main(RemoteTestNG.java:81)
</pre></div></td>
<td>0</td>
<td>testNG.TestNGAnnotaionsWithLoginLogoutExample@4f970963</td></tr>
<tr>
<td title='testNG.TestNGAnnotaionsWithLoginLogoutExample.logonLogoutTestFor6()'><b>logonLogoutTestFor6</b><br>Test class: testNG.TestNGAnnotaionsWithLoginLogoutExample<br/>
<a href="#Output-1752182275" onClick='toggleBox("Output-1752182275", this, "Show output", "Hide output");'>Show output</a>

<a href="#Output-1752182275" onClick="toggleAllBoxes();">Show all outputs</a>
<div class='log' id="Output-1752182275">
org.testng.internal.InvokedMethod, TestNGAnnotaionsWithLoginLogoutExample.logonLogoutTestFor6()[pri:0, instance:testNG.TestNGAnnotaionsWithLoginLogoutExample@4f970963]<br/>
org.testng.internal.InvokedMethod, TestNGAnnotaionsWithLoginLogoutExample.logonLogoutTestFor6()[pri:0, instance:testNG.TestNGAnnotaionsWithLoginLogoutExample@4f970963]<br/>
This test is : testNG.TestNGAnnotaionsWithLoginLogoutExample<br/>
The current parameter methods are : <br/>
 Status of the test is: Failed<br/>
Method is about to run: org.testng.internal.ConfigurationMethod, runAfterEachMethod<br/>
Method is about to run: org.testng.internal.ConfigurationMethod, runAfterEachMethod<br/>
</div>
</td>
<td><div><pre>org.openqa.selenium.NoSuchWindowException: no such window: target window already closed
from unknown error: web view not found
  (Session info: chrome=60.0.3112.101)
  (Driver info: chromedriver=2.30.477700 (0057494ad8732195794a7b32078424f92a5fce41),platform=Windows NT 10.0.14393 x86_64) (WARNING: The server did not provide any stacktrace information)
Command duration or timeout: 3 milliseconds
Build info: version: &apos;3.4.0&apos;, revision: &apos;unknown&apos;, time: &apos;unknown&apos;
System info: host: &apos;LAPTOP-RO5NS03S&apos;, ip: &apos;192.168.56.1&apos;, os.name: &apos;Windows 10&apos;, os.arch: &apos;amd64&apos;, os.version: &apos;10.0&apos;, java.version: &apos;1.8.0_131&apos;
Driver info: org.openqa.selenium.chrome.ChromeDriver
Capabilities [{applicationCacheEnabled=false, rotatable=false, mobileEmulationEnabled=false, networkConnectionEnabled=false, chrome={chromedriverVersion=2.30.477700 (0057494ad8732195794a7b32078424f92a5fce41), userDataDir=C:\Users\solomon\AppData\Local\Temp\scoped_dir10764_560}, takesHeapSnapshot=true, pageLoadStrategy=normal, databaseEnabled=false, handlesAlerts=true, hasTouchScreen=false, version=60.0.3112.101, platform=XP, browserConnectionEnabled=false, nativeEvents=true, acceptSslCerts=true, locationContextEnabled=true, webStorageEnabled=true, browserName=chrome, takesScreenshot=true, javascriptEnabled=true, cssSelectorsEnabled=true, unexpectedAlertBehaviour=}]
Session ID: 151d9ad95f34baa63db8d9afc6939c23
*** Element info: {Using=name, value=userName}
	at org.openqa.selenium.remote.ErrorHandler.createThrowable(ErrorHandler.java:215)
	at org.openqa.selenium.remote.ErrorHandler.throwIfResponseFailed(ErrorHandler.java:167)
	at org.openqa.selenium.remote.RemoteWebDriver.execute(RemoteWebDriver.java:671)
	at org.openqa.selenium.remote.RemoteWebDriver.findElement(RemoteWebDriver.java:410)
	at org.openqa.selenium.remote.RemoteWebDriver.findElementByName(RemoteWebDriver.java:485)
	at org.openqa.selenium.By$ByName.findElement(By.java:303)
	at org.openqa.selenium.remote.RemoteWebDriver.findElement(RemoteWebDriver.java:402)
	at testNG.TestNGAnnotaionsWithLoginLogoutExample.logonLogoutTestFor6(TestNGAnnotaionsWithLoginLogoutExample.java:127)
... Removed 28 stack frames</pre></div><a href='#' onClick='toggleBox("stack-trace1752182275", this, "Click to show all stack frames", "Click to hide stack frames")'>Click to show all stack frames</a>
<div class='stack-trace' id='stack-trace1752182275'><pre>org.openqa.selenium.NoSuchWindowException: no such window: target window already closed
from unknown error: web view not found
  (Session info: chrome=60.0.3112.101)
  (Driver info: chromedriver=2.30.477700 (0057494ad8732195794a7b32078424f92a5fce41),platform=Windows NT 10.0.14393 x86_64) (WARNING: The server did not provide any stacktrace information)
Command duration or timeout: 3 milliseconds
Build info: version: &apos;3.4.0&apos;, revision: &apos;unknown&apos;, time: &apos;unknown&apos;
System info: host: &apos;LAPTOP-RO5NS03S&apos;, ip: &apos;192.168.56.1&apos;, os.name: &apos;Windows 10&apos;, os.arch: &apos;amd64&apos;, os.version: &apos;10.0&apos;, java.version: &apos;1.8.0_131&apos;
Driver info: org.openqa.selenium.chrome.ChromeDriver
Capabilities [{applicationCacheEnabled=false, rotatable=false, mobileEmulationEnabled=false, networkConnectionEnabled=false, chrome={chromedriverVersion=2.30.477700 (0057494ad8732195794a7b32078424f92a5fce41), userDataDir=C:\Users\solomon\AppData\Local\Temp\scoped_dir10764_560}, takesHeapSnapshot=true, pageLoadStrategy=normal, databaseEnabled=false, handlesAlerts=true, hasTouchScreen=false, version=60.0.3112.101, platform=XP, browserConnectionEnabled=false, nativeEvents=true, acceptSslCerts=true, locationContextEnabled=true, webStorageEnabled=true, browserName=chrome, takesScreenshot=true, javascriptEnabled=true, cssSelectorsEnabled=true, unexpectedAlertBehaviour=}]
Session ID: 151d9ad95f34baa63db8d9afc6939c23
*** Element info: {Using=name, value=userName}
	at sun.reflect.NativeConstructorAccessorImpl.newInstance0(Native Method)
	at sun.reflect.NativeConstructorAccessorImpl.newInstance(NativeConstructorAccessorImpl.java:62)
	at sun.reflect.DelegatingConstructorAccessorImpl.newInstance(DelegatingConstructorAccessorImpl.java:45)
	at java.lang.reflect.Constructor.newInstance(Constructor.java:423)
	at org.openqa.selenium.remote.ErrorHandler.createThrowable(ErrorHandler.java:215)
	at org.openqa.selenium.remote.ErrorHandler.throwIfResponseFailed(ErrorHandler.java:167)
	at org.openqa.selenium.remote.RemoteWebDriver.execute(RemoteWebDriver.java:671)
	at org.openqa.selenium.remote.RemoteWebDriver.findElement(RemoteWebDriver.java:410)
	at org.openqa.selenium.remote.RemoteWebDriver.findElementByName(RemoteWebDriver.java:485)
	at org.openqa.selenium.By$ByName.findElement(By.java:303)
	at org.openqa.selenium.remote.RemoteWebDriver.findElement(RemoteWebDriver.java:402)
	at testNG.TestNGAnnotaionsWithLoginLogoutExample.logonLogoutTestFor6(TestNGAnnotaionsWithLoginLogoutExample.java:127)
	at sun.reflect.NativeMethodAccessorImpl.invoke0(Native Method)
	at sun.reflect.NativeMethodAccessorImpl.invoke(NativeMethodAccessorImpl.java:62)
	at sun.reflect.DelegatingMethodAccessorImpl.invoke(DelegatingMethodAccessorImpl.java:43)
	at java.lang.reflect.Method.invoke(Method.java:498)
	at org.testng.internal.MethodInvocationHelper.invokeMethod(MethodInvocationHelper.java:80)
	at org.testng.internal.Invoker.invokeMethod(Invoker.java:714)
	at org.testng.internal.Invoker.invokeTestMethod(Invoker.java:901)
	at org.testng.internal.Invoker.invokeTestMethods(Invoker.java:1231)
	at org.testng.internal.TestMethodWorker.invokeTestMethods(TestMethodWorker.java:127)
	at org.testng.internal.TestMethodWorker.run(TestMethodWorker.java:111)
	at org.testng.TestRunner.privateRun(TestRunner.java:767)
	at org.testng.TestRunner.run(TestRunner.java:617)
	at org.testng.SuiteRunner.runTest(SuiteRunner.java:334)
	at org.testng.SuiteRunner.runSequentially(SuiteRunner.java:329)
	at org.testng.SuiteRunner.privateRun(SuiteRunner.java:291)
	at org.testng.SuiteRunner.run(SuiteRunner.java:240)
	at org.testng.SuiteRunnerWorker.runSuite(SuiteRunnerWorker.java:52)
	at org.testng.SuiteRunnerWorker.run(SuiteRunnerWorker.java:86)
	at org.testng.TestNG.runSuitesSequentially(TestNG.java:1198)
	at org.testng.TestNG.runSuitesLocally(TestNG.java:1123)
	at org.testng.TestNG.run(TestNG.java:1031)
	at org.testng.remote.AbstractRemoteTestNG.run(AbstractRemoteTestNG.java:132)
	at org.testng.remote.RemoteTestNG.initAndRun(RemoteTestNG.java:236)
	at org.testng.remote.RemoteTestNG.main(RemoteTestNG.java:81)
</pre></div></td>
<td>0</td>
<td>testNG.TestNGAnnotaionsWithLoginLogoutExample@4f970963</td></tr>
</table><p>
<table width='100%' border='1' class='invocation-passed'>
<tr><td colspan='4' align='center'><b>PASSED TESTS</b></td></tr>
<tr><td><b>Test method</b></td>
<td width="30%"><b>Exception</b></td>
<td width="10%"><b>Time (seconds)</b></td>
<td><b>Instance</b></td>
</tr>
<tr>
<td title='testNG.RegistrationToBackendIntegerationTestUsingTestNG.chekcRegistrationPageIsWorkingWithBackend()'><b>chekcRegistrationPageIsWorkingWithBackend</b><br>Test class: testNG.RegistrationToBackendIntegerationTestUsingTestNG<br/>
<a href="#Output-100929741" onClick='toggleBox("Output-100929741", this, "Show output", "Hide output");'>Show output</a>

<a href="#Output-100929741" onClick="toggleAllBoxes();">Show all outputs</a>
<div class='log' id="Output-100929741">
org.testng.internal.InvokedMethod, RegistrationToBackendIntegerationTestUsingTestNG.chekcRegistrationPageIsWorkingWithBackend()[pri:0, instance:testNG.RegistrationToBackendIntegerationTestUsingTestNG@61f8bee4]<br/>
org.testng.internal.InvokedMethod, RegistrationToBackendIntegerationTestUsingTestNG.chekcRegistrationPageIsWorkingWithBackend()[pri:0, instance:testNG.RegistrationToBackendIntegerationTestUsingTestNG@61f8bee4]<br/>
This test is : testNG.RegistrationToBackendIntegerationTestUsingTestNG<br/>
The current parameter methods are : <br/>
 Status of the test is: Success<br/>
</div>
</td>
<td></td>
<td>0</td>
<td>testNG.RegistrationToBackendIntegerationTestUsingTestNG@61f8bee4</td></tr>
<tr>
<td title='testNG.loginLogoutDataDriveTesintUsingTestNG.loginLogoutTestWithCorrectCredencials()'><b>loginLogoutTestWithCorrectCredencials</b><br>Test class: testNG.loginLogoutDataDriveTesintUsingTestNG<br>Parameters: a, a<br/>
<a href="#Output-1042306518" onClick='toggleBox("Output-1042306518", this, "Show output", "Hide output");'>Show output</a>

<a href="#Output-1042306518" onClick="toggleAllBoxes();">Show all outputs</a>
<div class='log' id="Output-1042306518">
org.testng.internal.InvokedMethod, loginLogoutDataDriveTesintUsingTestNG.loginLogoutTestWithCorrectCredencials(java.lang.String, java.lang.String)[pri:0, instance:testNG.loginLogoutDataDriveTesintUsingTestNG@7b49cea0]<br/>
org.testng.internal.InvokedMethod, loginLogoutDataDriveTesintUsingTestNG.loginLogoutTestWithCorrectCredencials(java.lang.String, java.lang.String)[pri:0, instance:testNG.loginLogoutDataDriveTesintUsingTestNG@7b49cea0]<br/>
This test is : testNG.loginLogoutDataDriveTesintUsingTestNG<br/>
The current parameter methods are : , a, a<br/>
 Status of the test is: Success<br/>
</div>
</td>
<td></td>
<td>3</td>
<td>testNG.loginLogoutDataDriveTesintUsingTestNG@7b49cea0</td></tr>
<tr>
<td title='testNG.loginLogoutDataDriveTesintUsingTestNG.loginLogoutTestWithCorrectCredencials()'><b>loginLogoutTestWithCorrectCredencials</b><br>Test class: testNG.loginLogoutDataDriveTesintUsingTestNG<br>Parameters: b, b<br/>
<a href="#Output-1173346575" onClick='toggleBox("Output-1173346575", this, "Show output", "Hide output");'>Show output</a>

<a href="#Output-1173346575" onClick="toggleAllBoxes();">Show all outputs</a>
<div class='log' id="Output-1173346575">
org.testng.internal.InvokedMethod, loginLogoutDataDriveTesintUsingTestNG.loginLogoutTestWithCorrectCredencials(java.lang.String, java.lang.String)[pri:0, instance:testNG.loginLogoutDataDriveTesintUsingTestNG@7b49cea0]<br/>
org.testng.internal.InvokedMethod, loginLogoutDataDriveTesintUsingTestNG.loginLogoutTestWithCorrectCredencials(java.lang.String, java.lang.String)[pri:0, instance:testNG.loginLogoutDataDriveTesintUsingTestNG@7b49cea0]<br/>
This test is : testNG.loginLogoutDataDriveTesintUsingTestNG<br/>
The current parameter methods are : , b, b<br/>
 Status of the test is: Success<br/>
</div>
</td>
<td></td>
<td>2</td>
<td>testNG.loginLogoutDataDriveTesintUsingTestNG@7b49cea0</td></tr>
<tr>
<td title='testNG.loginLogoutDataDriveTesintUsingTestNG.loginLogoutTestWithCorrectCredencials()'><b>loginLogoutTestWithCorrectCredencials</b><br>Test class: testNG.loginLogoutDataDriveTesintUsingTestNG<br>Parameters: c, c<br/>
<a href="#Output-1095273238" onClick='toggleBox("Output-1095273238", this, "Show output", "Hide output");'>Show output</a>

<a href="#Output-1095273238" onClick="toggleAllBoxes();">Show all outputs</a>
<div class='log' id="Output-1095273238">
org.testng.internal.InvokedMethod, loginLogoutDataDriveTesintUsingTestNG.loginLogoutTestWithCorrectCredencials(java.lang.String, java.lang.String)[pri:0, instance:testNG.loginLogoutDataDriveTesintUsingTestNG@7b49cea0]<br/>
org.testng.internal.InvokedMethod, loginLogoutDataDriveTesintUsingTestNG.loginLogoutTestWithCorrectCredencials(java.lang.String, java.lang.String)[pri:0, instance:testNG.loginLogoutDataDriveTesintUsingTestNG@7b49cea0]<br/>
This test is : testNG.loginLogoutDataDriveTesintUsingTestNG<br/>
The current parameter methods are : , c, c<br/>
 Status of the test is: Success<br/>
</div>
</td>
<td></td>
<td>3</td>
<td>testNG.loginLogoutDataDriveTesintUsingTestNG@7b49cea0</td></tr>
<tr>
<td title='testNG.loginLogoutDataDriveTesintUsingTestNG.loginLogoutTestWithCorrectCredencials()'><b>loginLogoutTestWithCorrectCredencials</b><br>Test class: testNG.loginLogoutDataDriveTesintUsingTestNG<br>Parameters: e, e<br/>
<a href="#Output-871790326" onClick='toggleBox("Output-871790326", this, "Show output", "Hide output");'>Show output</a>

<a href="#Output-871790326" onClick="toggleAllBoxes();">Show all outputs</a>
<div class='log' id="Output-871790326">
org.testng.internal.InvokedMethod, loginLogoutDataDriveTesintUsingTestNG.loginLogoutTestWithCorrectCredencials(java.lang.String, java.lang.String)[pri:0, instance:testNG.loginLogoutDataDriveTesintUsingTestNG@7b49cea0]<br/>
org.testng.internal.InvokedMethod, loginLogoutDataDriveTesintUsingTestNG.loginLogoutTestWithCorrectCredencials(java.lang.String, java.lang.String)[pri:0, instance:testNG.loginLogoutDataDriveTesintUsingTestNG@7b49cea0]<br/>
This test is : testNG.loginLogoutDataDriveTesintUsingTestNG<br/>
The current parameter methods are : , e, e<br/>
 Status of the test is: Success<br/>
</div>
</td>
<td></td>
<td>3</td>
<td>testNG.loginLogoutDataDriveTesintUsingTestNG@7b49cea0</td></tr>
<tr>
<td title='testNG.loginLogoutDataDriveTesintUsingTestNG.loginLogoutTestWtihIncorrectCredencials()'><b>loginLogoutTestWtihIncorrectCredencials</b><br>Test class: testNG.loginLogoutDataDriveTesintUsingTestNG<br>Parameters: awerew, a<br/>
<a href="#Output-333040629" onClick='toggleBox("Output-333040629", this, "Show output", "Hide output");'>Show output</a>

<a href="#Output-333040629" onClick="toggleAllBoxes();">Show all outputs</a>
<div class='log' id="Output-333040629">
org.testng.internal.InvokedMethod, loginLogoutDataDriveTesintUsingTestNG.loginLogoutTestWtihIncorrectCredencials(java.lang.String, java.lang.String)[pri:0, instance:testNG.loginLogoutDataDriveTesintUsingTestNG@7b49cea0]<br/>
org.testng.internal.InvokedMethod, loginLogoutDataDriveTesintUsingTestNG.loginLogoutTestWtihIncorrectCredencials(java.lang.String, java.lang.String)[pri:0, instance:testNG.loginLogoutDataDriveTesintUsingTestNG@7b49cea0]<br/>
This test is : testNG.loginLogoutDataDriveTesintUsingTestNG<br/>
The current parameter methods are : , awerew, a<br/>
 Status of the test is: Success<br/>
</div>
</td>
<td></td>
<td>6</td>
<td>testNG.loginLogoutDataDriveTesintUsingTestNG@7b49cea0</td></tr>
<tr>
<td title='testNG.loginLogoutDataDriveTesintUsingTestNG.loginLogoutTestWtihIncorrectCredencials()'><b>loginLogoutTestWtihIncorrectCredencials</b><br>Test class: testNG.loginLogoutDataDriveTesintUsingTestNG<br>Parameters:  , b<br/>
<a href="#Output-1164799006" onClick='toggleBox("Output-1164799006", this, "Show output", "Hide output");'>Show output</a>

<a href="#Output-1164799006" onClick="toggleAllBoxes();">Show all outputs</a>
<div class='log' id="Output-1164799006">
org.testng.internal.InvokedMethod, loginLogoutDataDriveTesintUsingTestNG.loginLogoutTestWtihIncorrectCredencials(java.lang.String, java.lang.String)[pri:0, instance:testNG.loginLogoutDataDriveTesintUsingTestNG@7b49cea0]<br/>
org.testng.internal.InvokedMethod, loginLogoutDataDriveTesintUsingTestNG.loginLogoutTestWtihIncorrectCredencials(java.lang.String, java.lang.String)[pri:0, instance:testNG.loginLogoutDataDriveTesintUsingTestNG@7b49cea0]<br/>
This test is : testNG.loginLogoutDataDriveTesintUsingTestNG<br/>
The current parameter methods are : ,  , b<br/>
 Status of the test is: Success<br/>
</div>
</td>
<td></td>
<td>6</td>
<td>testNG.loginLogoutDataDriveTesintUsingTestNG@7b49cea0</td></tr>
<tr>
<td title='testNG.loginLogoutDataDriveTesintUsingTestNG.loginLogoutTestWtihIncorrectCredencials()'><b>loginLogoutTestWtihIncorrectCredencials</b><br>Test class: testNG.loginLogoutDataDriveTesintUsingTestNG<br>Parameters: d%^7rtyrty, d<br/>
<a href="#Output-1457263953" onClick='toggleBox("Output-1457263953", this, "Show output", "Hide output");'>Show output</a>

<a href="#Output-1457263953" onClick="toggleAllBoxes();">Show all outputs</a>
<div class='log' id="Output-1457263953">
org.testng.internal.InvokedMethod, loginLogoutDataDriveTesintUsingTestNG.loginLogoutTestWtihIncorrectCredencials(java.lang.String, java.lang.String)[pri:0, instance:testNG.loginLogoutDataDriveTesintUsingTestNG@7b49cea0]<br/>
org.testng.internal.InvokedMethod, loginLogoutDataDriveTesintUsingTestNG.loginLogoutTestWtihIncorrectCredencials(java.lang.String, java.lang.String)[pri:0, instance:testNG.loginLogoutDataDriveTesintUsingTestNG@7b49cea0]<br/>
This test is : testNG.loginLogoutDataDriveTesintUsingTestNG<br/>
The current parameter methods are : , d%^7rtyrty, d<br/>
 Status of the test is: Success<br/>
</div>
</td>
<td></td>
<td>9</td>
<td>testNG.loginLogoutDataDriveTesintUsingTestNG@7b49cea0</td></tr>
<tr>
<td title='testNG.loginLogoutDataDriveTesintUsingTestNG.loginLogoutTestWtihIncorrectCredencials()'><b>loginLogoutTestWtihIncorrectCredencials</b><br>Test class: testNG.loginLogoutDataDriveTesintUsingTestNG<br>Parameters: e13311, e<br/>
<a href="#Output-351417028" onClick='toggleBox("Output-351417028", this, "Show output", "Hide output");'>Show output</a>

<a href="#Output-351417028" onClick="toggleAllBoxes();">Show all outputs</a>
<div class='log' id="Output-351417028">
org.testng.internal.InvokedMethod, loginLogoutDataDriveTesintUsingTestNG.loginLogoutTestWtihIncorrectCredencials(java.lang.String, java.lang.String)[pri:0, instance:testNG.loginLogoutDataDriveTesintUsingTestNG@7b49cea0]<br/>
org.testng.internal.InvokedMethod, loginLogoutDataDriveTesintUsingTestNG.loginLogoutTestWtihIncorrectCredencials(java.lang.String, java.lang.String)[pri:0, instance:testNG.loginLogoutDataDriveTesintUsingTestNG@7b49cea0]<br/>
This test is : testNG.loginLogoutDataDriveTesintUsingTestNG<br/>
The current parameter methods are : , e13311, e<br/>
 Status of the test is: Success<br/>
</div>
</td>
<td></td>
<td>6</td>
<td>testNG.loginLogoutDataDriveTesintUsingTestNG@7b49cea0</td></tr>
<tr>
<td title='testNG.loginLogoutDataDriveTesintUsingTestNG.loginLogoutTestWtihIncorrectCredencials()'><b>loginLogoutTestWtihIncorrectCredencials</b><br>Test class: testNG.loginLogoutDataDriveTesintUsingTestNG<br>Parameters: f#$#$#, f<br/>
<a href="#Output-648936749" onClick='toggleBox("Output-648936749", this, "Show output", "Hide output");'>Show output</a>

<a href="#Output-648936749" onClick="toggleAllBoxes();">Show all outputs</a>
<div class='log' id="Output-648936749">
org.testng.internal.InvokedMethod, loginLogoutDataDriveTesintUsingTestNG.loginLogoutTestWtihIncorrectCredencials(java.lang.String, java.lang.String)[pri:0, instance:testNG.loginLogoutDataDriveTesintUsingTestNG@7b49cea0]<br/>
org.testng.internal.InvokedMethod, loginLogoutDataDriveTesintUsingTestNG.loginLogoutTestWtihIncorrectCredencials(java.lang.String, java.lang.String)[pri:0, instance:testNG.loginLogoutDataDriveTesintUsingTestNG@7b49cea0]<br/>
This test is : testNG.loginLogoutDataDriveTesintUsingTestNG<br/>
The current parameter methods are : , f#$#$#, f<br/>
 Status of the test is: Success<br/>
</div>
</td>
<td></td>
<td>6</td>
<td>testNG.loginLogoutDataDriveTesintUsingTestNG@7b49cea0</td></tr>
<tr>
<td title='testNG.TestNGAnnotaionsWithLoginLogoutExample.logonLogoutTestFor1()'><b>logonLogoutTestFor1</b><br>Test class: testNG.TestNGAnnotaionsWithLoginLogoutExample<br/>
<a href="#Output-2108297149" onClick='toggleBox("Output-2108297149", this, "Show output", "Hide output");'>Show output</a>

<a href="#Output-2108297149" onClick="toggleAllBoxes();">Show all outputs</a>
<div class='log' id="Output-2108297149">
org.testng.internal.InvokedMethod, TestNGAnnotaionsWithLoginLogoutExample.logonLogoutTestFor1()[pri:0, instance:testNG.TestNGAnnotaionsWithLoginLogoutExample@4f970963]<br/>
org.testng.internal.InvokedMethod, TestNGAnnotaionsWithLoginLogoutExample.logonLogoutTestFor1()[pri:0, instance:testNG.TestNGAnnotaionsWithLoginLogoutExample@4f970963]<br/>
This test is : testNG.TestNGAnnotaionsWithLoginLogoutExample<br/>
The current parameter methods are : <br/>
 Status of the test is: Success<br/>
Method is about to run: org.testng.internal.ConfigurationMethod, runAfterEachMethod<br/>
Method is about to run: org.testng.internal.ConfigurationMethod, runAfterEachMethod<br/>
</div>
</td>
<td></td>
<td>3</td>
<td>testNG.TestNGAnnotaionsWithLoginLogoutExample@4f970963</td></tr>
<tr>
<td title='testNG.TestNGAnnotaionsWithLoginLogoutExample.logonLogoutTestFor2()'><b>logonLogoutTestFor2</b><br>Test class: testNG.TestNGAnnotaionsWithLoginLogoutExample<br/>
<a href="#Output-917768476" onClick='toggleBox("Output-917768476", this, "Show output", "Hide output");'>Show output</a>

<a href="#Output-917768476" onClick="toggleAllBoxes();">Show all outputs</a>
<div class='log' id="Output-917768476">
org.testng.internal.InvokedMethod, TestNGAnnotaionsWithLoginLogoutExample.logonLogoutTestFor2()[pri:0, instance:testNG.TestNGAnnotaionsWithLoginLogoutExample@4f970963]<br/>
org.testng.internal.InvokedMethod, TestNGAnnotaionsWithLoginLogoutExample.logonLogoutTestFor2()[pri:0, instance:testNG.TestNGAnnotaionsWithLoginLogoutExample@4f970963]<br/>
This test is : testNG.TestNGAnnotaionsWithLoginLogoutExample<br/>
The current parameter methods are : <br/>
 Status of the test is: Success<br/>
Method is about to run: org.testng.internal.ConfigurationMethod, runAfterEachMethod<br/>
Method is about to run: org.testng.internal.ConfigurationMethod, runAfterEachMethod<br/>
</div>
</td>
<td></td>
<td>2</td>
<td>testNG.TestNGAnnotaionsWithLoginLogoutExample@4f970963</td></tr>
</table><p>
</body>
</html>